[0.079s] Invoking command in '/home/dd/task/build/multi_map_nav': CMAKE_PREFIX_PATH=/opt/ros/humble:/home/dd/task/install/multi_map_nav_interfaces LD_LIBRARY_PATH=/home/dd/task/install/multi_map_nav_interfaces/lib:${LD_LIBRARY_PATH} PKG_CONFIG_PATH=/home/dd/task/install/multi_map_nav_interfaces/lib/x86_64-linux-gnu/pkgconfig:/home/dd/task/install/multi_map_nav_interfaces/lib/pkgconfig PYTHONPATH=/home/dd/task/install/multi_map_nav_interfaces/local/lib/python3.10/dist-packages:${PYTHONPATH} ROS_PACKAGE_PATH=/home/dd/task/install/multi_map_nav_interfaces/share /usr/bin/cmake --build /home/dd/task/build/multi_map_nav -- -j8 -l8
[0.754s] [35m[1mConsolidate compiler generated dependencies of target map_loader_node[0m
[0.754s] [35m[1mConsolidate compiler generated dependencies of target amcl_reset_node[0m
[0.757s] [35m[1mConsolidate compiler generated dependencies of target multi_map_navigator_node[0m
[1.005s] [ 28%] Built target map_loader_node
[1.016s] [ 57%] Built target amcl_reset_node
[1.021s] [100%] Built target multi_map_navigator_node
[1.035s] Invoked command in '/home/dd/task/build/multi_map_nav' returned '0': CMAKE_PREFIX_PATH=/opt/ros/humble:/home/dd/task/install/multi_map_nav_interfaces LD_LIBRARY_PATH=/home/dd/task/install/multi_map_nav_interfaces/lib:${LD_LIBRARY_PATH} PKG_CONFIG_PATH=/home/dd/task/install/multi_map_nav_interfaces/lib/x86_64-linux-gnu/pkgconfig:/home/dd/task/install/multi_map_nav_interfaces/lib/pkgconfig PYTHONPATH=/home/dd/task/install/multi_map_nav_interfaces/local/lib/python3.10/dist-packages:${PYTHONPATH} ROS_PACKAGE_PATH=/home/dd/task/install/multi_map_nav_interfaces/share /usr/bin/cmake --build /home/dd/task/build/multi_map_nav -- -j8 -l8
[1.105s] Invoking command in '/home/dd/task/build/multi_map_nav': CMAKE_PREFIX_PATH=/opt/ros/humble:/home/dd/task/install/multi_map_nav_interfaces LD_LIBRARY_PATH=/home/dd/task/install/multi_map_nav_interfaces/lib:${LD_LIBRARY_PATH} PKG_CONFIG_PATH=/home/dd/task/install/multi_map_nav_interfaces/lib/x86_64-linux-gnu/pkgconfig:/home/dd/task/install/multi_map_nav_interfaces/lib/pkgconfig PYTHONPATH=/home/dd/task/install/multi_map_nav_interfaces/local/lib/python3.10/dist-packages:${PYTHONPATH} ROS_PACKAGE_PATH=/home/dd/task/install/multi_map_nav_interfaces/share /usr/bin/cmake --install /home/dd/task/build/multi_map_nav
[1.177s] -- Install configuration: ""
[1.210s] -- Up-to-date: /home/dd/task/install/multi_map_nav/lib/multi_map_nav/multi_map_navigator_node
[1.223s] -- Up-to-date: /home/dd/task/install/multi_map_nav/lib/multi_map_nav/map_loader_node
[1.237s] -- Up-to-date: /home/dd/task/install/multi_map_nav/lib/multi_map_nav/amcl_reset_node
[1.239s] -- Up-to-date: /home/dd/task/install/multi_map_nav/share/multi_map_nav/launch
[1.239s] -- Installing: /home/dd/task/install/multi_map_nav/share/multi_map_nav/launch/bringup.launch.py
[1.240s] -- Up-to-date: /home/dd/task/install/multi_map_nav/share/multi_map_nav/maps
[1.241s] -- Up-to-date: /home/dd/task/install/multi_map_nav/share/multi_map_nav/maps/room1.png
[1.242s] -- Up-to-date: /home/dd/task/install/multi_map_nav/share/multi_map_nav/maps/room2.pgm
[1.242s] -- Up-to-date: /home/dd/task/install/multi_map_nav/share/multi_map_nav/maps/room2.yaml
[1.243s] -- Up-to-date: /home/dd/task/install/multi_map_nav/share/multi_map_nav/maps/room1.pgm
[1.243s] -- Up-to-date: /home/dd/task/install/multi_map_nav/share/multi_map_nav/maps/room2.png
[1.243s] -- Up-to-date: /home/dd/task/install/multi_map_nav/share/multi_map_nav/maps/room1.yaml
[1.253s] -- Up-to-date: /home/dd/task/install/multi_map_nav/share/ament_index/resource_index/package_run_dependencies/multi_map_nav
[1.253s] -- Up-to-date: /home/dd/task/install/multi_map_nav/share/ament_index/resource_index/parent_prefix_path/multi_map_nav
[1.264s] -- Up-to-date: /home/dd/task/install/multi_map_nav/share/multi_map_nav/environment/ament_prefix_path.sh
[1.264s] -- Up-to-date: /home/dd/task/install/multi_map_nav/share/multi_map_nav/environment/ament_prefix_path.dsv
[1.265s] -- Up-to-date: /home/dd/task/install/multi_map_nav/share/multi_map_nav/environment/path.sh
[1.265s] -- Up-to-date: /home/dd/task/install/multi_map_nav/share/multi_map_nav/environment/path.dsv
[1.266s] -- Up-to-date: /home/dd/task/install/multi_map_nav/share/multi_map_nav/local_setup.bash
[1.266s] -- Up-to-date: /home/dd/task/install/multi_map_nav/share/multi_map_nav/local_setup.sh
[1.267s] -- Up-to-date: /home/dd/task/install/multi_map_nav/share/multi_map_nav/local_setup.zsh
[1.267s] -- Up-to-date: /home/dd/task/install/multi_map_nav/share/multi_map_nav/local_setup.dsv
[1.267s] -- Installing: /home/dd/task/install/multi_map_nav/share/multi_map_nav/package.dsv
[1.281s] -- Up-to-date: /home/dd/task/install/multi_map_nav/share/ament_index/resource_index/packages/multi_map_nav
[1.281s] -- Up-to-date: /home/dd/task/install/multi_map_nav/share/multi_map_nav/cmake/multi_map_navConfig.cmake
[1.282s] -- Up-to-date: /home/dd/task/install/multi_map_nav/share/multi_map_nav/cmake/multi_map_navConfig-version.cmake
[1.283s] -- Up-to-date: /home/dd/task/install/multi_map_nav/share/multi_map_nav/package.xml
[1.291s] Invoked command in '/home/dd/task/build/multi_map_nav' returned '0': CMAKE_PREFIX_PATH=/opt/ros/humble:/home/dd/task/install/multi_map_nav_interfaces LD_LIBRARY_PATH=/home/dd/task/install/multi_map_nav_interfaces/lib:${LD_LIBRARY_PATH} PKG_CONFIG_PATH=/home/dd/task/install/multi_map_nav_interfaces/lib/x86_64-linux-gnu/pkgconfig:/home/dd/task/install/multi_map_nav_interfaces/lib/pkgconfig PYTHONPATH=/home/dd/task/install/multi_map_nav_interfaces/local/lib/python3.10/dist-packages:${PYTHONPATH} ROS_PACKAGE_PATH=/home/dd/task/install/multi_map_nav_interfaces/share /usr/bin/cmake --install /home/dd/task/build/multi_map_nav
