[0.445s] DEBUG:colcon:Command line arguments: ['/usr/bin/colcon', 'build']
[0.446s] DEBUG:colcon:Parsed command line arguments: Namespace(log_base=None, log_level=None, verb_name='build', build_base='build', install_base='install', merge_install=False, symlink_install=False, test_result_base=None, continue_on_error=False, executor='parallel', parallel_workers=8, event_handlers=None, ignore_user_meta=False, metas=['./colcon.meta'], base_paths=['.'], packages_ignore=None, packages_ignore_regex=None, paths=None, packages_up_to=None, packages_up_to_regex=None, packages_above=None, packages_above_and_dependencies=None, packages_above_depth=None, packages_select_by_dep=None, packages_skip_by_dep=None, packages_skip_up_to=None, packages_select_build_failed=False, packages_skip_build_finished=False, packages_select_test_failures=False, packages_skip_test_passed=False, packages_select=None, packages_skip=None, packages_select_regex=None, packages_skip_regex=None, packages_start=None, packages_end=None, allow_overriding=[], cmake_args=None, cmake_target=None, cmake_target_skip_unavailable=False, cmake_clean_cache=False, cmake_clean_first=False, cmake_force_configure=False, ament_cmake_args=None, catkin_cmake_args=None, catkin_skip_building_tests=False, mixin_files=None, mixin=None, verb_parser=<colcon_mixin.mixin.mixin_argument.MixinArgumentDecorator object at 0x70a6c5b02260>, verb_extension=<colcon_core.verb.build.BuildVerb object at 0x70a6c5b01bd0>, main=<bound method BuildVerb.main of <colcon_core.verb.build.BuildVerb object at 0x70a6c5b01bd0>>, mixin_verb=('build',))
[1.084s] Level 1:colcon.colcon_core.package_discovery:discover_packages(colcon_meta) check parameters
[1.084s] Level 1:colcon.colcon_core.package_discovery:discover_packages(recursive) check parameters
[1.084s] Level 1:colcon.colcon_core.package_discovery:discover_packages(ignore) check parameters
[1.084s] Level 1:colcon.colcon_core.package_discovery:discover_packages(path) check parameters
[1.084s] Level 1:colcon.colcon_core.package_discovery:discover_packages(colcon_meta) discover
[1.084s] Level 1:colcon.colcon_core.package_discovery:discover_packages(recursive) discover
[1.085s] INFO:colcon.colcon_core.package_discovery:Crawling recursively for packages in '/home/dd/task'
[1.085s] Level 1:colcon.colcon_core.package_identification:_identify(.) by extensions ['ignore', 'ignore_ament_install']
[1.085s] Level 1:colcon.colcon_core.package_identification:_identify(.) by extension 'ignore'
[1.085s] Level 1:colcon.colcon_core.package_identification:_identify(.) by extension 'ignore_ament_install'
[1.085s] Level 1:colcon.colcon_core.package_identification:_identify(.) by extensions ['colcon_pkg']
[1.085s] Level 1:colcon.colcon_core.package_identification:_identify(.) by extension 'colcon_pkg'
[1.086s] Level 1:colcon.colcon_core.package_identification:_identify(.) by extensions ['colcon_meta']
[1.086s] Level 1:colcon.colcon_core.package_identification:_identify(.) by extension 'colcon_meta'
[1.086s] Level 1:colcon.colcon_core.package_identification:_identify(.) by extensions ['ros']
[1.086s] Level 1:colcon.colcon_core.package_identification:_identify(.) by extension 'ros'
[1.122s] Level 1:colcon.colcon_core.package_identification:_identify(.) by extensions ['cmake', 'python']
[1.123s] Level 1:colcon.colcon_core.package_identification:_identify(.) by extension 'cmake'
[1.123s] Level 1:colcon.colcon_core.package_identification:_identify(.) by extension 'python'
[1.123s] Level 1:colcon.colcon_core.package_identification:_identify(.) by extensions ['python_setup_py']
[1.123s] Level 1:colcon.colcon_core.package_identification:_identify(.) by extension 'python_setup_py'
[1.123s] Level 1:colcon.colcon_core.package_identification:_identify(build) by extensions ['ignore', 'ignore_ament_install']
[1.124s] Level 1:colcon.colcon_core.package_identification:_identify(build) by extension 'ignore'
[1.124s] Level 1:colcon.colcon_core.package_identification:_identify(build) ignored
[1.124s] Level 1:colcon.colcon_core.package_identification:_identify(install) by extensions ['ignore', 'ignore_ament_install']
[1.125s] Level 1:colcon.colcon_core.package_identification:_identify(install) by extension 'ignore'
[1.125s] Level 1:colcon.colcon_core.package_identification:_identify(install) ignored
[1.125s] Level 1:colcon.colcon_core.package_identification:_identify(log) by extensions ['ignore', 'ignore_ament_install']
[1.125s] Level 1:colcon.colcon_core.package_identification:_identify(log) by extension 'ignore'
[1.126s] Level 1:colcon.colcon_core.package_identification:_identify(log) ignored
[1.126s] Level 1:colcon.colcon_core.package_identification:_identify(src) by extensions ['ignore', 'ignore_ament_install']
[1.127s] Level 1:colcon.colcon_core.package_identification:_identify(src) by extension 'ignore'
[1.127s] Level 1:colcon.colcon_core.package_identification:_identify(src) by extension 'ignore_ament_install'
[1.127s] Level 1:colcon.colcon_core.package_identification:_identify(src) by extensions ['colcon_pkg']
[1.127s] Level 1:colcon.colcon_core.package_identification:_identify(src) by extension 'colcon_pkg'
[1.128s] Level 1:colcon.colcon_core.package_identification:_identify(src) by extensions ['colcon_meta']
[1.128s] Level 1:colcon.colcon_core.package_identification:_identify(src) by extension 'colcon_meta'
[1.128s] Level 1:colcon.colcon_core.package_identification:_identify(src) by extensions ['ros']
[1.128s] Level 1:colcon.colcon_core.package_identification:_identify(src) by extension 'ros'
[1.128s] Level 1:colcon.colcon_core.package_identification:_identify(src) by extensions ['cmake', 'python']
[1.128s] Level 1:colcon.colcon_core.package_identification:_identify(src) by extension 'cmake'
[1.129s] Level 1:colcon.colcon_core.package_identification:_identify(src) by extension 'python'
[1.129s] Level 1:colcon.colcon_core.package_identification:_identify(src) by extensions ['python_setup_py']
[1.129s] Level 1:colcon.colcon_core.package_identification:_identify(src) by extension 'python_setup_py'
[1.129s] Level 1:colcon.colcon_core.package_identification:_identify(src/multi_map_nav) by extensions ['ignore', 'ignore_ament_install']
[1.130s] Level 1:colcon.colcon_core.package_identification:_identify(src/multi_map_nav) by extension 'ignore'
[1.130s] Level 1:colcon.colcon_core.package_identification:_identify(src/multi_map_nav) by extension 'ignore_ament_install'
[1.130s] Level 1:colcon.colcon_core.package_identification:_identify(src/multi_map_nav) by extensions ['colcon_pkg']
[1.130s] Level 1:colcon.colcon_core.package_identification:_identify(src/multi_map_nav) by extension 'colcon_pkg'
[1.130s] Level 1:colcon.colcon_core.package_identification:_identify(src/multi_map_nav) by extensions ['colcon_meta']
[1.130s] Level 1:colcon.colcon_core.package_identification:_identify(src/multi_map_nav) by extension 'colcon_meta'
[1.131s] Level 1:colcon.colcon_core.package_identification:_identify(src/multi_map_nav) by extensions ['ros']
[1.131s] Level 1:colcon.colcon_core.package_identification:_identify(src/multi_map_nav) by extension 'ros'
[1.141s] DEBUG:colcon.colcon_core.package_identification:Package 'src/multi_map_nav' with type 'ros.ament_cmake' and name 'multi_map_nav'
[1.141s] Level 1:colcon.colcon_core.package_identification:_identify(src/multi_map_nav_interfaces) by extensions ['ignore', 'ignore_ament_install']
[1.141s] Level 1:colcon.colcon_core.package_identification:_identify(src/multi_map_nav_interfaces) by extension 'ignore'
[1.142s] Level 1:colcon.colcon_core.package_identification:_identify(src/multi_map_nav_interfaces) by extension 'ignore_ament_install'
[1.142s] Level 1:colcon.colcon_core.package_identification:_identify(src/multi_map_nav_interfaces) by extensions ['colcon_pkg']
[1.142s] Level 1:colcon.colcon_core.package_identification:_identify(src/multi_map_nav_interfaces) by extension 'colcon_pkg'
[1.142s] Level 1:colcon.colcon_core.package_identification:_identify(src/multi_map_nav_interfaces) by extensions ['colcon_meta']
[1.143s] Level 1:colcon.colcon_core.package_identification:_identify(src/multi_map_nav_interfaces) by extension 'colcon_meta'
[1.143s] Level 1:colcon.colcon_core.package_identification:_identify(src/multi_map_nav_interfaces) by extensions ['ros']
[1.143s] Level 1:colcon.colcon_core.package_identification:_identify(src/multi_map_nav_interfaces) by extension 'ros'
[1.146s] DEBUG:colcon.colcon_core.package_identification:Package 'src/multi_map_nav_interfaces' with type 'ros.catkin' and name 'multi_map_nav_interfaces'
[1.146s] Level 1:colcon.colcon_core.package_discovery:discover_packages(recursive) using defaults
[1.146s] Level 1:colcon.colcon_core.package_discovery:discover_packages(ignore) discover
[1.147s] Level 1:colcon.colcon_core.package_discovery:discover_packages(ignore) using defaults
[1.147s] Level 1:colcon.colcon_core.package_discovery:discover_packages(path) discover
[1.147s] Level 1:colcon.colcon_core.package_discovery:discover_packages(path) using defaults
[1.231s] Level 1:colcon.colcon_core.package_discovery:discover_packages(prefix_path) check parameters
[1.231s] Level 1:colcon.colcon_core.package_discovery:discover_packages(prefix_path) discover
[1.235s] DEBUG:colcon.colcon_installed_package_information.package_discovery:Found 2 installed packages in /home/dd/task/install
[1.242s] DEBUG:colcon.colcon_installed_package_information.package_discovery:Found 448 installed packages in /opt/ros/humble
[1.247s] Level 1:colcon.colcon_core.package_discovery:discover_packages(prefix_path) using defaults
[1.461s] Level 5:colcon.colcon_core.verb:set package 'multi_map_nav_interfaces' build argument 'cmake_args' from command line to 'None'
[1.461s] Level 5:colcon.colcon_core.verb:set package 'multi_map_nav_interfaces' build argument 'cmake_target' from command line to 'None'
[1.461s] Level 5:colcon.colcon_core.verb:set package 'multi_map_nav_interfaces' build argument 'cmake_target_skip_unavailable' from command line to 'False'
[1.461s] Level 5:colcon.colcon_core.verb:set package 'multi_map_nav_interfaces' build argument 'cmake_clean_cache' from command line to 'False'
[1.461s] Level 5:colcon.colcon_core.verb:set package 'multi_map_nav_interfaces' build argument 'cmake_clean_first' from command line to 'False'
[1.461s] Level 5:colcon.colcon_core.verb:set package 'multi_map_nav_interfaces' build argument 'cmake_force_configure' from command line to 'False'
[1.462s] Level 5:colcon.colcon_core.verb:set package 'multi_map_nav_interfaces' build argument 'ament_cmake_args' from command line to 'None'
[1.462s] Level 5:colcon.colcon_core.verb:set package 'multi_map_nav_interfaces' build argument 'catkin_cmake_args' from command line to 'None'
[1.462s] Level 5:colcon.colcon_core.verb:set package 'multi_map_nav_interfaces' build argument 'catkin_skip_building_tests' from command line to 'False'
[1.462s] DEBUG:colcon.colcon_core.verb:Building package 'multi_map_nav_interfaces' with the following arguments: {'ament_cmake_args': None, 'build_base': '/home/dd/task/build/multi_map_nav_interfaces', 'catkin_cmake_args': None, 'catkin_skip_building_tests': False, 'cmake_args': None, 'cmake_clean_cache': False, 'cmake_clean_first': False, 'cmake_force_configure': False, 'cmake_target': None, 'cmake_target_skip_unavailable': False, 'install_base': '/home/dd/task/install/multi_map_nav_interfaces', 'merge_install': False, 'path': '/home/dd/task/src/multi_map_nav_interfaces', 'symlink_install': False, 'test_result_base': None}
[1.464s] Level 5:colcon.colcon_core.verb:set package 'multi_map_nav' build argument 'cmake_args' from command line to 'None'
[1.464s] Level 5:colcon.colcon_core.verb:set package 'multi_map_nav' build argument 'cmake_target' from command line to 'None'
[1.465s] Level 5:colcon.colcon_core.verb:set package 'multi_map_nav' build argument 'cmake_target_skip_unavailable' from command line to 'False'
[1.465s] Level 5:colcon.colcon_core.verb:set package 'multi_map_nav' build argument 'cmake_clean_cache' from command line to 'False'
[1.465s] Level 5:colcon.colcon_core.verb:set package 'multi_map_nav' build argument 'cmake_clean_first' from command line to 'False'
[1.465s] Level 5:colcon.colcon_core.verb:set package 'multi_map_nav' build argument 'cmake_force_configure' from command line to 'False'
[1.465s] Level 5:colcon.colcon_core.verb:set package 'multi_map_nav' build argument 'ament_cmake_args' from command line to 'None'
[1.465s] Level 5:colcon.colcon_core.verb:set package 'multi_map_nav' build argument 'catkin_cmake_args' from command line to 'None'
[1.465s] Level 5:colcon.colcon_core.verb:set package 'multi_map_nav' build argument 'catkin_skip_building_tests' from command line to 'False'
[1.466s] DEBUG:colcon.colcon_core.verb:Building package 'multi_map_nav' with the following arguments: {'ament_cmake_args': None, 'build_base': '/home/dd/task/build/multi_map_nav', 'catkin_cmake_args': None, 'catkin_skip_building_tests': False, 'cmake_args': None, 'cmake_clean_cache': False, 'cmake_clean_first': False, 'cmake_force_configure': False, 'cmake_target': None, 'cmake_target_skip_unavailable': False, 'install_base': '/home/dd/task/install/multi_map_nav', 'merge_install': False, 'path': '/home/dd/task/src/multi_map_nav', 'symlink_install': False, 'test_result_base': None}
[1.466s] INFO:colcon.colcon_core.executor:Executing jobs using 'parallel' executor
[1.470s] DEBUG:colcon.colcon_parallel_executor.executor.parallel:run_until_complete
[1.470s] INFO:colcon.colcon_ros.task.catkin.build:Building ROS package in '/home/dd/task/src/multi_map_nav_interfaces' with build type 'catkin'
[1.471s] INFO:colcon.colcon_cmake.task.cmake.build:Building CMake package in '/home/dd/task/src/multi_map_nav_interfaces'
[1.477s] INFO:colcon.colcon_core.plugin_system:Skipping extension 'colcon_core.shell.bat': Not used on non-Windows systems
[1.477s] INFO:colcon.colcon_core.shell:Skip shell extension 'powershell' for command environment: Not usable outside of PowerShell
[1.477s] DEBUG:colcon.colcon_core.shell:Skip shell extension 'dsv' for command environment
[1.507s] DEBUG:colcon.colcon_core.event_handler.log_command:Invoking command in '/home/dd/task/build/multi_map_nav_interfaces': /usr/bin/cmake --build /home/dd/task/build/multi_map_nav_interfaces -- -j8 -l8
[2.931s] DEBUG:colcon.colcon_core.event_handler.log_command:Invoked command in '/home/dd/task/build/multi_map_nav_interfaces' returned '0': /usr/bin/cmake --build /home/dd/task/build/multi_map_nav_interfaces -- -j8 -l8
[2.962s] DEBUG:colcon.colcon_core.event_handler.log_command:Invoking command in '/home/dd/task/build/multi_map_nav_interfaces': /usr/bin/cmake --install /home/dd/task/build/multi_map_nav_interfaces
[3.136s] Level 1:colcon.colcon_core.shell:create_environment_hook('multi_map_nav_interfaces', 'ros_package_path')
[3.137s] INFO:colcon.colcon_core.shell:Creating environment hook '/home/dd/task/install/multi_map_nav_interfaces/share/multi_map_nav_interfaces/hook/ros_package_path.ps1'
[3.138s] DEBUG:colcon.colcon_core.event_handler.log_command:Invoked command in '/home/dd/task/build/multi_map_nav_interfaces' returned '0': /usr/bin/cmake --install /home/dd/task/build/multi_map_nav_interfaces
[3.140s] INFO:colcon.colcon_core.shell:Creating environment descriptor '/home/dd/task/install/multi_map_nav_interfaces/share/multi_map_nav_interfaces/hook/ros_package_path.dsv'
[3.141s] INFO:colcon.colcon_core.shell:Creating environment hook '/home/dd/task/install/multi_map_nav_interfaces/share/multi_map_nav_interfaces/hook/ros_package_path.sh'
[3.145s] Level 1:colcon.colcon_ros.task.catkin:checking '/home/dd/task/install/multi_map_nav_interfaces/local/lib/python3.10/dist-packages'
[3.145s] Level 1:colcon.colcon_core.shell:create_environment_hook('multi_map_nav_interfaces', 'catkin_pythonpath')
[3.147s] INFO:colcon.colcon_core.shell:Creating environment hook '/home/dd/task/install/multi_map_nav_interfaces/share/multi_map_nav_interfaces/hook/catkin_pythonpath.ps1'
[3.148s] INFO:colcon.colcon_core.shell:Creating environment descriptor '/home/dd/task/install/multi_map_nav_interfaces/share/multi_map_nav_interfaces/hook/catkin_pythonpath.dsv'
[3.149s] INFO:colcon.colcon_core.shell:Creating environment hook '/home/dd/task/install/multi_map_nav_interfaces/share/multi_map_nav_interfaces/hook/catkin_pythonpath.sh'
[3.150s] Level 1:colcon.colcon_core.shell:create_environment_hook('multi_map_nav_interfaces', 'pkg_config_path')
[3.151s] INFO:colcon.colcon_core.shell:Creating environment hook '/home/dd/task/install/multi_map_nav_interfaces/share/multi_map_nav_interfaces/hook/pkg_config_path.ps1'
[3.152s] INFO:colcon.colcon_core.shell:Creating environment descriptor '/home/dd/task/install/multi_map_nav_interfaces/share/multi_map_nav_interfaces/hook/pkg_config_path.dsv'
[3.153s] INFO:colcon.colcon_core.shell:Creating environment hook '/home/dd/task/install/multi_map_nav_interfaces/share/multi_map_nav_interfaces/hook/pkg_config_path.sh'
[3.158s] Level 1:colcon.colcon_core.shell:create_environment_hook('multi_map_nav_interfaces', 'pkg_config_path_multiarch')
[3.159s] INFO:colcon.colcon_core.shell:Creating environment hook '/home/dd/task/install/multi_map_nav_interfaces/share/multi_map_nav_interfaces/hook/pkg_config_path_multiarch.ps1'
[3.161s] INFO:colcon.colcon_core.shell:Creating environment descriptor '/home/dd/task/install/multi_map_nav_interfaces/share/multi_map_nav_interfaces/hook/pkg_config_path_multiarch.dsv'
[3.162s] INFO:colcon.colcon_core.shell:Creating environment hook '/home/dd/task/install/multi_map_nav_interfaces/share/multi_map_nav_interfaces/hook/pkg_config_path_multiarch.sh'
[3.166s] Level 1:colcon.colcon_core.environment:create_environment_scripts_only(multi_map_nav_interfaces)
[3.171s] Level 1:colcon.colcon_core.environment:checking '/home/dd/task/install/multi_map_nav_interfaces' for CMake module files
[3.174s] Level 1:colcon.colcon_core.environment:checking '/home/dd/task/install/multi_map_nav_interfaces' for CMake config files
[3.177s] Level 1:colcon.colcon_core.shell:create_environment_hook('multi_map_nav_interfaces', 'cmake_prefix_path')
[3.178s] INFO:colcon.colcon_core.shell:Creating environment hook '/home/dd/task/install/multi_map_nav_interfaces/share/multi_map_nav_interfaces/hook/cmake_prefix_path.ps1'
[3.180s] INFO:colcon.colcon_core.shell:Creating environment descriptor '/home/dd/task/install/multi_map_nav_interfaces/share/multi_map_nav_interfaces/hook/cmake_prefix_path.dsv'
[3.181s] INFO:colcon.colcon_core.shell:Creating environment hook '/home/dd/task/install/multi_map_nav_interfaces/share/multi_map_nav_interfaces/hook/cmake_prefix_path.sh'
[3.183s] Level 1:colcon.colcon_core.environment:checking '/home/dd/task/install/multi_map_nav_interfaces/lib'
[3.183s] Level 1:colcon.colcon_core.shell:create_environment_hook('multi_map_nav_interfaces', 'ld_library_path_lib')
[3.184s] INFO:colcon.colcon_core.shell:Creating environment hook '/home/dd/task/install/multi_map_nav_interfaces/share/multi_map_nav_interfaces/hook/ld_library_path_lib.ps1'
[3.184s] INFO:colcon.colcon_core.shell:Creating environment descriptor '/home/dd/task/install/multi_map_nav_interfaces/share/multi_map_nav_interfaces/hook/ld_library_path_lib.dsv'
[3.185s] INFO:colcon.colcon_core.shell:Creating environment hook '/home/dd/task/install/multi_map_nav_interfaces/share/multi_map_nav_interfaces/hook/ld_library_path_lib.sh'
[3.186s] Level 1:colcon.colcon_core.environment:checking '/home/dd/task/install/multi_map_nav_interfaces/bin'
[3.186s] Level 1:colcon.colcon_core.environment:checking '/home/dd/task/install/multi_map_nav_interfaces/lib/pkgconfig/multi_map_nav_interfaces.pc'
[3.187s] Level 1:colcon.colcon_core.environment:checking '/home/dd/task/install/multi_map_nav_interfaces/lib/python3.10/site-packages'
[3.188s] Level 1:colcon.colcon_core.environment:checking '/home/dd/task/install/multi_map_nav_interfaces/bin'
[3.190s] INFO:colcon.colcon_core.shell:Creating package script '/home/dd/task/install/multi_map_nav_interfaces/share/multi_map_nav_interfaces/package.ps1'
[3.194s] INFO:colcon.colcon_core.shell:Creating package descriptor '/home/dd/task/install/multi_map_nav_interfaces/share/multi_map_nav_interfaces/package.dsv'
[3.196s] INFO:colcon.colcon_core.shell:Creating package script '/home/dd/task/install/multi_map_nav_interfaces/share/multi_map_nav_interfaces/package.sh'
[3.198s] INFO:colcon.colcon_core.shell:Creating package script '/home/dd/task/install/multi_map_nav_interfaces/share/multi_map_nav_interfaces/package.bash'
[3.201s] INFO:colcon.colcon_core.shell:Creating package script '/home/dd/task/install/multi_map_nav_interfaces/share/multi_map_nav_interfaces/package.zsh'
[3.202s] Level 1:colcon.colcon_core.environment:create_file_with_runtime_dependencies(/home/dd/task/install/multi_map_nav_interfaces/share/colcon-core/packages/multi_map_nav_interfaces)
[3.204s] INFO:colcon.colcon_ros.task.ament_cmake.build:Building ROS package in '/home/dd/task/src/multi_map_nav' with build type 'ament_cmake'
[3.204s] INFO:colcon.colcon_cmake.task.cmake.build:Building CMake package in '/home/dd/task/src/multi_map_nav'
[3.205s] INFO:colcon.colcon_core.shell:Skip shell extension 'powershell' for command environment: Not usable outside of PowerShell
[3.205s] DEBUG:colcon.colcon_core.shell:Skip shell extension 'dsv' for command environment
[3.246s] DEBUG:colcon.colcon_core.event_handler.log_command:Invoking command in '/home/dd/task/build/multi_map_nav': CMAKE_PREFIX_PATH=/opt/ros/humble:/home/dd/task/install/multi_map_nav_interfaces:/home/dd/task/install/multi_map_nav /usr/bin/cmake --build /home/dd/task/build/multi_map_nav -- -j8 -l8
[3.498s] DEBUG:colcon.colcon_core.event_handler.log_command:Invoked command in '/home/dd/task/build/multi_map_nav' returned '0': CMAKE_PREFIX_PATH=/opt/ros/humble:/home/dd/task/install/multi_map_nav_interfaces:/home/dd/task/install/multi_map_nav /usr/bin/cmake --build /home/dd/task/build/multi_map_nav -- -j8 -l8
[3.504s] DEBUG:colcon.colcon_core.event_handler.log_command:Invoking command in '/home/dd/task/build/multi_map_nav': CMAKE_PREFIX_PATH=/opt/ros/humble:/home/dd/task/install/multi_map_nav_interfaces:/home/dd/task/install/multi_map_nav /usr/bin/cmake --install /home/dd/task/build/multi_map_nav
[3.538s] Level 1:colcon.colcon_core.environment:create_environment_scripts_only(multi_map_nav)
[3.539s] Level 1:colcon.colcon_core.environment:checking '/home/dd/task/install/multi_map_nav' for CMake module files
[3.541s] DEBUG:colcon.colcon_core.event_handler.log_command:Invoked command in '/home/dd/task/build/multi_map_nav' returned '0': CMAKE_PREFIX_PATH=/opt/ros/humble:/home/dd/task/install/multi_map_nav_interfaces:/home/dd/task/install/multi_map_nav /usr/bin/cmake --install /home/dd/task/build/multi_map_nav
[3.542s] Level 1:colcon.colcon_core.environment:checking '/home/dd/task/install/multi_map_nav' for CMake config files
[3.543s] Level 1:colcon.colcon_core.shell:create_environment_hook('multi_map_nav', 'cmake_prefix_path')
[3.545s] INFO:colcon.colcon_core.shell:Creating environment hook '/home/dd/task/install/multi_map_nav/share/multi_map_nav/hook/cmake_prefix_path.ps1'
[3.546s] INFO:colcon.colcon_core.shell:Creating environment descriptor '/home/dd/task/install/multi_map_nav/share/multi_map_nav/hook/cmake_prefix_path.dsv'
[3.548s] INFO:colcon.colcon_core.shell:Creating environment hook '/home/dd/task/install/multi_map_nav/share/multi_map_nav/hook/cmake_prefix_path.sh'
[3.549s] Level 1:colcon.colcon_core.environment:checking '/home/dd/task/install/multi_map_nav/lib'
[3.550s] Level 1:colcon.colcon_core.environment:checking '/home/dd/task/install/multi_map_nav/bin'
[3.550s] Level 1:colcon.colcon_core.environment:checking '/home/dd/task/install/multi_map_nav/lib/pkgconfig/multi_map_nav.pc'
[3.551s] Level 1:colcon.colcon_core.environment:checking '/home/dd/task/install/multi_map_nav/lib/python3.10/site-packages'
[3.551s] Level 1:colcon.colcon_core.environment:checking '/home/dd/task/install/multi_map_nav/bin'
[3.552s] INFO:colcon.colcon_core.shell:Creating package script '/home/dd/task/install/multi_map_nav/share/multi_map_nav/package.ps1'
[3.554s] INFO:colcon.colcon_core.shell:Creating package descriptor '/home/dd/task/install/multi_map_nav/share/multi_map_nav/package.dsv'
[3.555s] INFO:colcon.colcon_core.shell:Creating package script '/home/dd/task/install/multi_map_nav/share/multi_map_nav/package.sh'
[3.556s] INFO:colcon.colcon_core.shell:Creating package script '/home/dd/task/install/multi_map_nav/share/multi_map_nav/package.bash'
[3.557s] INFO:colcon.colcon_core.shell:Creating package script '/home/dd/task/install/multi_map_nav/share/multi_map_nav/package.zsh'
[3.559s] Level 1:colcon.colcon_core.environment:create_file_with_runtime_dependencies(/home/dd/task/install/multi_map_nav/share/colcon-core/packages/multi_map_nav)
[3.562s] Level 1:colcon.colcon_core.environment:create_environment_scripts_only(multi_map_nav)
[3.563s] Level 1:colcon.colcon_core.environment:checking '/home/dd/task/install/multi_map_nav' for CMake module files
[3.565s] Level 1:colcon.colcon_core.environment:checking '/home/dd/task/install/multi_map_nav' for CMake config files
[3.566s] Level 1:colcon.colcon_core.shell:create_environment_hook('multi_map_nav', 'cmake_prefix_path')
[3.567s] INFO:colcon.colcon_core.shell:Creating environment hook '/home/dd/task/install/multi_map_nav/share/multi_map_nav/hook/cmake_prefix_path.ps1'
[3.568s] INFO:colcon.colcon_core.shell:Creating environment descriptor '/home/dd/task/install/multi_map_nav/share/multi_map_nav/hook/cmake_prefix_path.dsv'
[3.569s] INFO:colcon.colcon_core.shell:Creating environment hook '/home/dd/task/install/multi_map_nav/share/multi_map_nav/hook/cmake_prefix_path.sh'
[3.570s] Level 1:colcon.colcon_core.environment:checking '/home/dd/task/install/multi_map_nav/lib'
[3.571s] Level 1:colcon.colcon_core.environment:checking '/home/dd/task/install/multi_map_nav/bin'
[3.571s] Level 1:colcon.colcon_core.environment:checking '/home/dd/task/install/multi_map_nav/lib/pkgconfig/multi_map_nav.pc'
[3.571s] Level 1:colcon.colcon_core.environment:checking '/home/dd/task/install/multi_map_nav/lib/python3.10/site-packages'
[3.572s] Level 1:colcon.colcon_core.environment:checking '/home/dd/task/install/multi_map_nav/bin'
[3.573s] INFO:colcon.colcon_core.shell:Creating package script '/home/dd/task/install/multi_map_nav/share/multi_map_nav/package.ps1'
[3.576s] INFO:colcon.colcon_core.shell:Creating package descriptor '/home/dd/task/install/multi_map_nav/share/multi_map_nav/package.dsv'
[3.580s] INFO:colcon.colcon_core.shell:Creating package script '/home/dd/task/install/multi_map_nav/share/multi_map_nav/package.sh'
[3.581s] INFO:colcon.colcon_core.shell:Creating package script '/home/dd/task/install/multi_map_nav/share/multi_map_nav/package.bash'
[3.583s] INFO:colcon.colcon_core.shell:Creating package script '/home/dd/task/install/multi_map_nav/share/multi_map_nav/package.zsh'
[3.584s] Level 1:colcon.colcon_core.environment:create_file_with_runtime_dependencies(/home/dd/task/install/multi_map_nav/share/colcon-core/packages/multi_map_nav)
[3.584s] DEBUG:colcon.colcon_parallel_executor.executor.parallel:closing loop
[3.586s] DEBUG:colcon.colcon_parallel_executor.executor.parallel:loop closed
[3.586s] DEBUG:colcon.colcon_parallel_executor.executor.parallel:run_until_complete finished with '0'
[3.586s] DEBUG:colcon.colcon_core.event_reactor:joining thread
[3.604s] INFO:colcon.colcon_core.plugin_system:Skipping extension 'colcon_notification.desktop_notification.terminal_notifier': Not used on non-Darwin systems
[3.605s] INFO:colcon.colcon_core.plugin_system:Skipping extension 'colcon_notification.desktop_notification.win32': Not used on non-Windows systems
[3.605s] INFO:colcon.colcon_notification.desktop_notification:Sending desktop notification using 'notify2'
[3.643s] DEBUG:colcon.colcon_core.event_reactor:joined thread
[3.644s] INFO:colcon.colcon_core.shell:Creating prefix script '/home/dd/task/install/local_setup.ps1'
[3.650s] INFO:colcon.colcon_core.shell:Creating prefix util module '/home/dd/task/install/_local_setup_util_ps1.py'
[3.658s] INFO:colcon.colcon_core.shell:Creating prefix chain script '/home/dd/task/install/setup.ps1'
[3.662s] INFO:colcon.colcon_core.shell:Creating prefix script '/home/dd/task/install/local_setup.sh'
[3.664s] INFO:colcon.colcon_core.shell:Creating prefix util module '/home/dd/task/install/_local_setup_util_sh.py'
[3.667s] INFO:colcon.colcon_core.shell:Creating prefix chain script '/home/dd/task/install/setup.sh'
[3.670s] INFO:colcon.colcon_core.shell:Creating prefix script '/home/dd/task/install/local_setup.bash'
[3.673s] INFO:colcon.colcon_core.shell:Creating prefix chain script '/home/dd/task/install/setup.bash'
[3.678s] INFO:colcon.colcon_core.shell:Creating prefix script '/home/dd/task/install/local_setup.zsh'
[3.681s] INFO:colcon.colcon_core.shell:Creating prefix chain script '/home/dd/task/install/setup.zsh'
