-- Found ament_cmake: 1.3.11 (/opt/ros/humble/share/ament_cmake/cmake)
-- Found rclcpp: 16.0.12 (/opt/ros/humble/share/rclcpp/cmake)
-- Found rosidl_generator_c: 3.1.6 (/opt/ros/humble/share/rosidl_generator_c/cmake)
-- Found rosidl_adapter: 3.1.6 (/opt/ros/humble/share/rosidl_adapter/cmake)
-- Found rosidl_generator_cpp: 3.1.6 (/opt/ros/humble/share/rosidl_generator_cpp/cmake)
-- Using all available rosidl_typesupport_c: rosidl_typesupport_fastrtps_c;rosidl_typesupport_introspection_c
-- Using all available rosidl_typesupport_cpp: rosidl_typesupport_fastrtps_cpp;rosidl_typesupport_introspection_cpp
-- Found rmw_implementation_cmake: 6.1.2 (/opt/ros/humble/share/rmw_implementation_cmake/cmake)
-- Found rmw_fastrtps_cpp: 6.2.7 (/opt/ros/humble/share/rmw_fastrtps_cpp/cmake)
-- Using RMW implementation 'rmw_fastrtps_cpp' as default
-- Found rclcpp_action: 16.0.12 (/opt/ros/humble/share/rclcpp_action/cmake)
-- Found nav2_msgs: 1.1.18 (/opt/ros/humble/share/nav2_msgs/cmake)
-- Found sqlite3_vendor: 0.15.14 (/opt/ros/humble/share/sqlite3_vendor/cmake)
-- Found multi_map_nav_interfaces: 0.0.1 (/home/dd/task/install/multi_map_nav_interfaces/share/multi_map_nav_interfaces/cmake)
-- Found std_srvs: 4.8.0 (/opt/ros/humble/share/std_srvs/cmake)
-- Found nav2_amcl: 1.1.18 (/opt/ros/humble/share/nav2_amcl/cmake)
-- Found eigen3_cmake_module: 0.1.1 (/opt/ros/humble/share/eigen3_cmake_module/cmake)
-- Ensuring Eigen3 include directory is part of orocos-kdl CMake target
-- Configuring done
-- Generating done
-- Build files have been written to: /home/dd/task/build/multi_map_nav
[35m[1mConsolidate compiler generated dependencies of target map_loader_node[0m
[  9%] [32mBuilding CXX object CMakeFiles/multi_map_navigator_server.dir/src/multi_map_navigator_server.cpp.o[0m
[35m[1mConsolidate compiler generated dependencies of target amcl_reset_node[0m
[ 27%] Built target map_loader_node
[35m[1mConsolidate compiler generated dependencies of target multi_map_test_client[0m
[ 45%] Built target amcl_reset_node
[ 63%] Built target multi_map_test_client
[35m[1mConsolidate compiler generated dependencies of target multi_map_navigator_node[0m
[ 90%] Built target multi_map_navigator_node
