[35m[1mConsolidate compiler generated dependencies of target multi_map_navigator_server[0m
[ 18%] Built target map_loader_node
[ 36%] [32mBuilding CXX object CMakeFiles/multi_map_navigator_server.dir/src/multi_map_navigator_server.cpp.o[0m
[ 36%] [32mBuilding CXX object CMakeFiles/multi_map_navigator_node.dir/src/multi_map_navigator.cpp.o[0m
[ 54%] Built target amcl_reset_node
[ 72%] Built target multi_map_test_client
[01m[K/home/dd/task/src/multi_map_nav/src/multi_map_navigator_server.cpp:[m[K In member function ‘[01m[Krclcpp_action::GoalResponse MultiMapNavigatorServer::handle_goal(const GoalUUID&, std::shared_ptr<const multi_map_nav_interfaces::action::MultiMapNavigate_Goal_<std::allocator<void> > >)[m[K’:
[01m[K/home/dd/task/src/multi_map_nav/src/multi_map_navigator_server.cpp:28:37:[m[K [01;35m[Kwarning: [m[Kunused parameter ‘[01m[Kuuid[m[K’ [[01;35m[K]8;;https://gcc.gnu.org/onlinedocs/gcc/Warning-Options.html#index-Wunused-parameter-Wunused-parameter]8;;[m[K]
   28 |     [01;35m[Kconst rclcpp_action::GoalUUID & uuid[m[K,
      |     [01;35m[K~~~~~~~~~~~~~~~~~~~~~~~~~~~~~~~~^~~~[m[K
[01m[K/home/dd/task/src/multi_map_nav/src/multi_map_navigator_server.cpp:[m[K In lambda function:
[01m[K/home/dd/task/src/multi_map_nav/src/multi_map_navigator_server.cpp:60:15:[m[K [01;31m[Kerror: [m[K‘[01m[Kusing element_type = struct multi_map_nav_interfaces::action::MultiMapNavigate_Result_<std::allocator<void> >[m[K’ {aka ‘[01m[Kstruct multi_map_nav_interfaces::action::MultiMapNavigate_Result_<std::allocator<void> >[m[K’} has no member named ‘[01m[Kcurrent_status[m[K’
   60 |       result->[01;31m[Kcurrent_status[m[K = "Arrived at " + goal->target_map;
      |               [01;31m[K^~~~~~~~~~~~~~[m[K
[01m[K/home/dd/task/src/multi_map_nav/src/multi_map_navigator.cpp:[m[K In member function ‘[01m[Krclcpp_action::GoalResponse MultiMapNavigatorServer::handle_goal(const GoalUUID&, std::shared_ptr<const multi_map_nav_interfaces::action::MultiMapNavigate_Goal_<std::allocator<void> > >)[m[K’:
[01m[K/home/dd/task/src/multi_map_nav/src/multi_map_navigator.cpp:30:37:[m[K [01;35m[Kwarning: [m[Kunused parameter ‘[01m[Kuuid[m[K’ [[01;35m[K]8;;https://gcc.gnu.org/onlinedocs/gcc/Warning-Options.html#index-Wunused-parameter-Wunused-parameter]8;;[m[K]
   30 |     [01;35m[Kconst rclcpp_action::GoalUUID & uuid[m[K,
      |     [01;35m[K~~~~~~~~~~~~~~~~~~~~~~~~~~~~~~~~^~~~[m[K
gmake[2]: *** [CMakeFiles/multi_map_navigator_server.dir/build.make:76: CMakeFiles/multi_map_navigator_server.dir/src/multi_map_navigator_server.cpp.o] Error 1
gmake[1]: *** [CMakeFiles/Makefile2:171: CMakeFiles/multi_map_navigator_server.dir/all] Error 2
gmake[1]: *** Waiting for unfinished jobs....
[ 81%] [32m[1mLinking CXX executable multi_map_navigator_node[0m
/usr/bin/ld: CMakeFiles/multi_map_navigator_node.dir/src/multi_map_navigator.cpp.o: in function `main':
multi_map_navigator.cpp:(.text+0xb): multiple definition of `main'; CMakeFiles/multi_map_navigator_node.dir/src/main.cpp.o:main.cpp:(.text+0x0): first defined here
/usr/bin/ld: CMakeFiles/multi_map_navigator_node.dir/src/main.cpp.o: in function `void __gnu_cxx::new_allocator<MultiMapNavigator>::construct<MultiMapNavigator>(MultiMapNavigator*)':
main.cpp:(.text._ZN9__gnu_cxx13new_allocatorI17MultiMapNavigatorE9constructIS1_JEEEvPT_DpOT0_[_ZN9__gnu_cxx13new_allocatorI17MultiMapNavigatorE9constructIS1_JEEEvPT_DpOT0_]+0x31): undefined reference to `MultiMapNavigator::MultiMapNavigator()'
collect2: error: ld returned 1 exit status
gmake[2]: *** [CMakeFiles/multi_map_navigator_node.dir/build.make:412: multi_map_navigator_node] Error 1
gmake[1]: *** [CMakeFiles/Makefile2:145: CMakeFiles/multi_map_navigator_node.dir/all] Error 2
gmake: *** [Makefile:146: all] Error 2
