[0.060s] Invoking command in '/home/dd/task/build/multi_map_nav': CMAKE_PREFIX_PATH=/opt/ros/humble:/home/dd/task/install/multi_map_nav_interfaces LD_LIBRARY_PATH=/home/dd/task/install/multi_map_nav_interfaces/lib:${LD_LIBRARY_PATH} PKG_CONFIG_PATH=/home/dd/task/install/multi_map_nav_interfaces/lib/x86_64-linux-gnu/pkgconfig:/home/dd/task/install/multi_map_nav_interfaces/lib/pkgconfig PYTHONPATH=/home/dd/task/install/multi_map_nav_interfaces/local/lib/python3.10/dist-packages:${PYTHONPATH} ROS_PACKAGE_PATH=/home/dd/task/install/multi_map_nav_interfaces/share /usr/bin/cmake --build /home/dd/task/build/multi_map_nav -- -j8 -l8
[0.778s] [35m[1mConsolidate compiler generated dependencies of target multi_map_test_client[0m
[1.000s] [ 22%] Built target map_loader_node
[1.005s] [ 44%] Built target amcl_reset_node
[1.007s] [ 77%] Built target multi_map_test_client
[1.008s] [100%] Built target multi_map_navigator_node
[1.023s] Invoked command in '/home/dd/task/build/multi_map_nav' returned '0': CMAKE_PREFIX_PATH=/opt/ros/humble:/home/dd/task/install/multi_map_nav_interfaces LD_LIBRARY_PATH=/home/dd/task/install/multi_map_nav_interfaces/lib:${LD_LIBRARY_PATH} PKG_CONFIG_PATH=/home/dd/task/install/multi_map_nav_interfaces/lib/x86_64-linux-gnu/pkgconfig:/home/dd/task/install/multi_map_nav_interfaces/lib/pkgconfig PYTHONPATH=/home/dd/task/install/multi_map_nav_interfaces/local/lib/python3.10/dist-packages:${PYTHONPATH} ROS_PACKAGE_PATH=/home/dd/task/install/multi_map_nav_interfaces/share /usr/bin/cmake --build /home/dd/task/build/multi_map_nav -- -j8 -l8
[1.079s] Invoking command in '/home/dd/task/build/multi_map_nav': CMAKE_PREFIX_PATH=/opt/ros/humble:/home/dd/task/install/multi_map_nav_interfaces LD_LIBRARY_PATH=/home/dd/task/install/multi_map_nav_interfaces/lib:${LD_LIBRARY_PATH} PKG_CONFIG_PATH=/home/dd/task/install/multi_map_nav_interfaces/lib/x86_64-linux-gnu/pkgconfig:/home/dd/task/install/multi_map_nav_interfaces/lib/pkgconfig PYTHONPATH=/home/dd/task/install/multi_map_nav_interfaces/local/lib/python3.10/dist-packages:${PYTHONPATH} ROS_PACKAGE_PATH=/home/dd/task/install/multi_map_nav_interfaces/share /usr/bin/cmake --install /home/dd/task/build/multi_map_nav
[1.133s] -- Install configuration: ""
[1.157s] -- Up-to-date: /home/dd/task/install/multi_map_nav/lib/multi_map_nav/multi_map_navigator_node
[1.176s] -- Up-to-date: /home/dd/task/install/multi_map_nav/lib/multi_map_nav/map_loader_node
[1.190s] -- Up-to-date: /home/dd/task/install/multi_map_nav/lib/multi_map_nav/amcl_reset_node
[1.210s] -- Up-to-date: /home/dd/task/install/multi_map_nav/lib/multi_map_nav/multi_map_test_client
[1.211s] -- Up-to-date: /home/dd/task/install/multi_map_nav/share/multi_map_nav/launch
[1.227s] -- Up-to-date: /home/dd/task/install/multi_map_nav/share/multi_map_nav/launch/bringup.launch.py
[1.229s] -- Up-to-date: /home/dd/task/install/multi_map_nav/share/multi_map_nav/maps
[1.229s] -- Up-to-date: /home/dd/task/install/multi_map_nav/share/multi_map_nav/maps/room1.png
[1.230s] -- Up-to-date: /home/dd/task/install/multi_map_nav/share/multi_map_nav/maps/room2.pgm
[1.230s] -- Up-to-date: /home/dd/task/install/multi_map_nav/share/multi_map_nav/maps/room2.yaml
[1.231s] -- Up-to-date: /home/dd/task/install/multi_map_nav/share/multi_map_nav/maps/room1.pgm
[1.231s] -- Up-to-date: /home/dd/task/install/multi_map_nav/share/multi_map_nav/maps/room2.png
[1.232s] -- Up-to-date: /home/dd/task/install/multi_map_nav/share/multi_map_nav/maps/room1.yaml
[1.232s] -- Up-to-date: /home/dd/task/install/multi_map_nav/share/ament_index/resource_index/package_run_dependencies/multi_map_nav
[1.239s] -- Up-to-date: /home/dd/task/install/multi_map_nav/share/ament_index/resource_index/parent_prefix_path/multi_map_nav
[1.249s] -- Up-to-date: /home/dd/task/install/multi_map_nav/share/multi_map_nav/environment/ament_prefix_path.sh
[1.250s] -- Up-to-date: /home/dd/task/install/multi_map_nav/share/multi_map_nav/environment/ament_prefix_path.dsv
[1.250s] -- Up-to-date: /home/dd/task/install/multi_map_nav/share/multi_map_nav/environment/path.sh
[1.251s] -- Up-to-date: /home/dd/task/install/multi_map_nav/share/multi_map_nav/environment/path.dsv
[1.252s] -- Up-to-date: /home/dd/task/install/multi_map_nav/share/multi_map_nav/local_setup.bash
[1.252s] -- Up-to-date: /home/dd/task/install/multi_map_nav/share/multi_map_nav/local_setup.sh
[1.253s] -- Up-to-date: /home/dd/task/install/multi_map_nav/share/multi_map_nav/local_setup.zsh
[1.253s] -- Up-to-date: /home/dd/task/install/multi_map_nav/share/multi_map_nav/local_setup.dsv
[1.253s] -- Installing: /home/dd/task/install/multi_map_nav/share/multi_map_nav/package.dsv
[1.260s] -- Up-to-date: /home/dd/task/install/multi_map_nav/share/ament_index/resource_index/packages/multi_map_nav
[1.261s] -- Up-to-date: /home/dd/task/install/multi_map_nav/share/multi_map_nav/cmake/multi_map_navConfig.cmake
[1.261s] -- Up-to-date: /home/dd/task/install/multi_map_nav/share/multi_map_nav/cmake/multi_map_navConfig-version.cmake
[1.261s] -- Up-to-date: /home/dd/task/install/multi_map_nav/share/multi_map_nav/package.xml
[1.270s] Invoked command in '/home/dd/task/build/multi_map_nav' returned '0': CMAKE_PREFIX_PATH=/opt/ros/humble:/home/dd/task/install/multi_map_nav_interfaces LD_LIBRARY_PATH=/home/dd/task/install/multi_map_nav_interfaces/lib:${LD_LIBRARY_PATH} PKG_CONFIG_PATH=/home/dd/task/install/multi_map_nav_interfaces/lib/x86_64-linux-gnu/pkgconfig:/home/dd/task/install/multi_map_nav_interfaces/lib/pkgconfig PYTHONPATH=/home/dd/task/install/multi_map_nav_interfaces/local/lib/python3.10/dist-packages:${PYTHONPATH} ROS_PACKAGE_PATH=/home/dd/task/install/multi_map_nav_interfaces/share /usr/bin/cmake --install /home/dd/task/build/multi_map_nav
