[0.052s] Invoking command in '/home/dd/task/build/multi_map_nav_interfaces': /usr/bin/cmake --build /home/dd/task/build/multi_map_nav_interfaces -- -j8 -l8
[0.169s] [35m[1mConsolidate compiler generated dependencies of target multi_map_nav_interfaces__rosidl_generator_c[0m
[0.185s] [  3%] Built target multi_map_nav_interfaces__cpp
[0.199s] [ 12%] Built target multi_map_nav_interfaces__rosidl_generator_c
[0.211s] [35m[1mConsolidate compiler generated dependencies of target multi_map_nav_interfaces__rosidl_typesupport_fastrtps_cpp[0m
[0.233s] [35m[1mConsolidate compiler generated dependencies of target multi_map_nav_interfaces__rosidl_typesupport_c[0m
[0.234s] [35m[1mConsolidate compiler generated dependencies of target multi_map_nav_interfaces__rosidl_typesupport_introspection_c[0m
[0.239s] [35m[1mConsolidate compiler generated dependencies of target multi_map_nav_interfaces__rosidl_typesupport_cpp[0m
[0.247s] [ 22%] Built target multi_map_nav_interfaces__rosidl_typesupport_fastrtps_cpp
[0.259s] [35m[1mConsolidate compiler generated dependencies of target multi_map_nav_interfaces__rosidl_typesupport_introspection_cpp[0m
[0.268s] [ 32%] Built target multi_map_nav_interfaces__rosidl_typesupport_c
[0.268s] [ 41%] Built target multi_map_nav_interfaces__rosidl_typesupport_introspection_c
[0.272s] [ 51%] Built target multi_map_nav_interfaces__rosidl_typesupport_cpp
[0.287s] [ 51%] Built target ament_cmake_python_copy_multi_map_nav_interfaces
[0.289s] [ 61%] Built target multi_map_nav_interfaces__rosidl_typesupport_introspection_cpp
[0.295s] [35m[1mConsolidate compiler generated dependencies of target multi_map_nav_interfaces__rosidl_typesupport_fastrtps_c[0m
[0.319s] [ 70%] Built target multi_map_nav_interfaces__rosidl_typesupport_fastrtps_c
[0.361s] [ 70%] Built target multi_map_nav_interfaces
[0.400s] [ 74%] Built target multi_map_nav_interfaces__py
[0.455s] [35m[1mConsolidate compiler generated dependencies of target multi_map_nav_interfaces__rosidl_generator_py[0m
[0.478s] [ 80%] Built target multi_map_nav_interfaces__rosidl_generator_py
[0.517s] [35m[1mConsolidate compiler generated dependencies of target multi_map_nav_interfaces__rosidl_typesupport_introspection_c__pyext[0m
[0.517s] [35m[1mConsolidate compiler generated dependencies of target multi_map_nav_interfaces__rosidl_typesupport_c__pyext[0m
[0.546s] [35m[1mConsolidate compiler generated dependencies of target multi_map_nav_interfaces__rosidl_typesupport_fastrtps_c__pyext[0m
[0.547s] [ 93%] Built target multi_map_nav_interfaces__rosidl_typesupport_introspection_c__pyext
[0.547s] [ 93%] Built target multi_map_nav_interfaces__rosidl_typesupport_c__pyext
[0.578s] [100%] Built target multi_map_nav_interfaces__rosidl_typesupport_fastrtps_c__pyext
[0.833s] running egg_info
[0.834s] writing multi_map_nav_interfaces.egg-info/PKG-INFO
[0.834s] writing dependency_links to multi_map_nav_interfaces.egg-info/dependency_links.txt
[0.834s] writing top-level names to multi_map_nav_interfaces.egg-info/top_level.txt
[0.841s] reading manifest file 'multi_map_nav_interfaces.egg-info/SOURCES.txt'
[0.842s] writing manifest file 'multi_map_nav_interfaces.egg-info/SOURCES.txt'
[0.896s] [100%] Built target ament_cmake_python_build_multi_map_nav_interfaces_egg
[0.914s] Invoked command in '/home/dd/task/build/multi_map_nav_interfaces' returned '0': /usr/bin/cmake --build /home/dd/task/build/multi_map_nav_interfaces -- -j8 -l8
[0.935s] Invoking command in '/home/dd/task/build/multi_map_nav_interfaces': /usr/bin/cmake --install /home/dd/task/build/multi_map_nav_interfaces
[0.948s] -- Install configuration: ""
[0.949s] -- Up-to-date: /home/dd/task/install/multi_map_nav_interfaces/share/ament_index/resource_index/rosidl_interfaces/multi_map_nav_interfaces
[0.949s] -- Up-to-date: /home/dd/task/install/multi_map_nav_interfaces/include/multi_map_nav_interfaces/multi_map_nav_interfaces
[0.949s] -- Up-to-date: /home/dd/task/install/multi_map_nav_interfaces/include/multi_map_nav_interfaces/multi_map_nav_interfaces/action
[0.950s] -- Up-to-date: /home/dd/task/install/multi_map_nav_interfaces/include/multi_map_nav_interfaces/multi_map_nav_interfaces/action/multi_map_navigate.h
[0.950s] -- Up-to-date: /home/dd/task/install/multi_map_nav_interfaces/include/multi_map_nav_interfaces/multi_map_nav_interfaces/action/detail
[0.950s] -- Up-to-date: /home/dd/task/install/multi_map_nav_interfaces/include/multi_map_nav_interfaces/multi_map_nav_interfaces/action/detail/multi_map_navigate__functions.c
[0.950s] -- Up-to-date: /home/dd/task/install/multi_map_nav_interfaces/include/multi_map_nav_interfaces/multi_map_nav_interfaces/action/detail/multi_map_navigate__functions.h
[0.950s] -- Up-to-date: /home/dd/task/install/multi_map_nav_interfaces/include/multi_map_nav_interfaces/multi_map_nav_interfaces/action/detail/multi_map_navigate__type_support.h
[0.950s] -- Up-to-date: /home/dd/task/install/multi_map_nav_interfaces/include/multi_map_nav_interfaces/multi_map_nav_interfaces/action/detail/multi_map_navigate__struct.h
[0.950s] -- Up-to-date: /home/dd/task/install/multi_map_nav_interfaces/include/multi_map_nav_interfaces/multi_map_nav_interfaces/msg
[0.951s] -- Up-to-date: /home/dd/task/install/multi_map_nav_interfaces/include/multi_map_nav_interfaces/multi_map_nav_interfaces/msg/rosidl_generator_c__visibility_control.h
[0.951s] -- Up-to-date: /home/dd/task/install/multi_map_nav_interfaces/share/multi_map_nav_interfaces/environment/library_path.sh
[0.952s] -- Up-to-date: /home/dd/task/install/multi_map_nav_interfaces/share/multi_map_nav_interfaces/environment/library_path.dsv
[0.952s] -- Up-to-date: /home/dd/task/install/multi_map_nav_interfaces/lib/libmulti_map_nav_interfaces__rosidl_generator_c.so
[0.952s] -- Up-to-date: /home/dd/task/install/multi_map_nav_interfaces/include/multi_map_nav_interfaces/multi_map_nav_interfaces
[0.952s] -- Up-to-date: /home/dd/task/install/multi_map_nav_interfaces/include/multi_map_nav_interfaces/multi_map_nav_interfaces/action
[0.953s] -- Up-to-date: /home/dd/task/install/multi_map_nav_interfaces/include/multi_map_nav_interfaces/multi_map_nav_interfaces/action/detail
[0.953s] -- Up-to-date: /home/dd/task/install/multi_map_nav_interfaces/include/multi_map_nav_interfaces/multi_map_nav_interfaces/action/detail/multi_map_navigate__rosidl_typesupport_fastrtps_c.h
[0.953s] -- Up-to-date: /home/dd/task/install/multi_map_nav_interfaces/include/multi_map_nav_interfaces/multi_map_nav_interfaces/msg
[0.953s] -- Up-to-date: /home/dd/task/install/multi_map_nav_interfaces/include/multi_map_nav_interfaces/multi_map_nav_interfaces/msg/rosidl_typesupport_fastrtps_c__visibility_control.h
[0.953s] -- Up-to-date: /home/dd/task/install/multi_map_nav_interfaces/lib/libmulti_map_nav_interfaces__rosidl_typesupport_fastrtps_c.so
[0.953s] -- Up-to-date: /home/dd/task/install/multi_map_nav_interfaces/include/multi_map_nav_interfaces/multi_map_nav_interfaces
[0.953s] -- Up-to-date: /home/dd/task/install/multi_map_nav_interfaces/include/multi_map_nav_interfaces/multi_map_nav_interfaces/action
[0.954s] -- Up-to-date: /home/dd/task/install/multi_map_nav_interfaces/include/multi_map_nav_interfaces/multi_map_nav_interfaces/action/detail
[0.954s] -- Up-to-date: /home/dd/task/install/multi_map_nav_interfaces/include/multi_map_nav_interfaces/multi_map_nav_interfaces/action/detail/multi_map_navigate__rosidl_typesupport_introspection_c.h
[0.954s] -- Up-to-date: /home/dd/task/install/multi_map_nav_interfaces/include/multi_map_nav_interfaces/multi_map_nav_interfaces/action/detail/multi_map_navigate__type_support.c
[0.954s] -- Up-to-date: /home/dd/task/install/multi_map_nav_interfaces/include/multi_map_nav_interfaces/multi_map_nav_interfaces/msg
[0.954s] -- Up-to-date: /home/dd/task/install/multi_map_nav_interfaces/include/multi_map_nav_interfaces/multi_map_nav_interfaces/msg/rosidl_typesupport_introspection_c__visibility_control.h
[0.954s] -- Up-to-date: /home/dd/task/install/multi_map_nav_interfaces/lib/libmulti_map_nav_interfaces__rosidl_typesupport_introspection_c.so
[0.954s] -- Up-to-date: /home/dd/task/install/multi_map_nav_interfaces/lib/libmulti_map_nav_interfaces__rosidl_typesupport_c.so
[0.955s] -- Up-to-date: /home/dd/task/install/multi_map_nav_interfaces/include/multi_map_nav_interfaces/multi_map_nav_interfaces
[0.955s] -- Up-to-date: /home/dd/task/install/multi_map_nav_interfaces/include/multi_map_nav_interfaces/multi_map_nav_interfaces/action
[0.955s] -- Up-to-date: /home/dd/task/install/multi_map_nav_interfaces/include/multi_map_nav_interfaces/multi_map_nav_interfaces/action/multi_map_navigate.hpp
[0.955s] -- Up-to-date: /home/dd/task/install/multi_map_nav_interfaces/include/multi_map_nav_interfaces/multi_map_nav_interfaces/action/detail
[0.955s] -- Up-to-date: /home/dd/task/install/multi_map_nav_interfaces/include/multi_map_nav_interfaces/multi_map_nav_interfaces/action/detail/multi_map_navigate__struct.hpp
[0.955s] -- Up-to-date: /home/dd/task/install/multi_map_nav_interfaces/include/multi_map_nav_interfaces/multi_map_nav_interfaces/action/detail/multi_map_navigate__builder.hpp
[0.955s] -- Up-to-date: /home/dd/task/install/multi_map_nav_interfaces/include/multi_map_nav_interfaces/multi_map_nav_interfaces/action/detail/multi_map_navigate__type_support.hpp
[0.956s] -- Up-to-date: /home/dd/task/install/multi_map_nav_interfaces/include/multi_map_nav_interfaces/multi_map_nav_interfaces/action/detail/multi_map_navigate__traits.hpp
[0.956s] -- Up-to-date: /home/dd/task/install/multi_map_nav_interfaces/include/multi_map_nav_interfaces/multi_map_nav_interfaces/msg
[0.956s] -- Up-to-date: /home/dd/task/install/multi_map_nav_interfaces/include/multi_map_nav_interfaces/multi_map_nav_interfaces/msg/rosidl_generator_cpp__visibility_control.hpp
[0.956s] -- Up-to-date: /home/dd/task/install/multi_map_nav_interfaces/include/multi_map_nav_interfaces/multi_map_nav_interfaces
[0.956s] -- Up-to-date: /home/dd/task/install/multi_map_nav_interfaces/include/multi_map_nav_interfaces/multi_map_nav_interfaces/action
[0.956s] -- Up-to-date: /home/dd/task/install/multi_map_nav_interfaces/include/multi_map_nav_interfaces/multi_map_nav_interfaces/action/detail
[0.956s] -- Up-to-date: /home/dd/task/install/multi_map_nav_interfaces/include/multi_map_nav_interfaces/multi_map_nav_interfaces/action/detail/dds_fastrtps
[0.956s] -- Up-to-date: /home/dd/task/install/multi_map_nav_interfaces/include/multi_map_nav_interfaces/multi_map_nav_interfaces/action/detail/multi_map_navigate__rosidl_typesupport_fastrtps_cpp.hpp
[0.957s] -- Up-to-date: /home/dd/task/install/multi_map_nav_interfaces/include/multi_map_nav_interfaces/multi_map_nav_interfaces/msg
[0.957s] -- Up-to-date: /home/dd/task/install/multi_map_nav_interfaces/include/multi_map_nav_interfaces/multi_map_nav_interfaces/msg/rosidl_typesupport_fastrtps_cpp__visibility_control.h
[0.957s] -- Up-to-date: /home/dd/task/install/multi_map_nav_interfaces/lib/libmulti_map_nav_interfaces__rosidl_typesupport_fastrtps_cpp.so
[0.957s] -- Up-to-date: /home/dd/task/install/multi_map_nav_interfaces/include/multi_map_nav_interfaces/multi_map_nav_interfaces
[0.957s] -- Up-to-date: /home/dd/task/install/multi_map_nav_interfaces/include/multi_map_nav_interfaces/multi_map_nav_interfaces/action
[0.957s] -- Up-to-date: /home/dd/task/install/multi_map_nav_interfaces/include/multi_map_nav_interfaces/multi_map_nav_interfaces/action/detail
[0.957s] -- Up-to-date: /home/dd/task/install/multi_map_nav_interfaces/include/multi_map_nav_interfaces/multi_map_nav_interfaces/action/detail/multi_map_navigate__rosidl_typesupport_introspection_cpp.hpp
[0.958s] -- Up-to-date: /home/dd/task/install/multi_map_nav_interfaces/include/multi_map_nav_interfaces/multi_map_nav_interfaces/action/detail/multi_map_navigate__type_support.cpp
[0.958s] -- Up-to-date: /home/dd/task/install/multi_map_nav_interfaces/lib/libmulti_map_nav_interfaces__rosidl_typesupport_introspection_cpp.so
[0.958s] -- Up-to-date: /home/dd/task/install/multi_map_nav_interfaces/lib/libmulti_map_nav_interfaces__rosidl_typesupport_cpp.so
[0.958s] -- Up-to-date: /home/dd/task/install/multi_map_nav_interfaces/share/multi_map_nav_interfaces/environment/pythonpath.sh
[0.958s] -- Up-to-date: /home/dd/task/install/multi_map_nav_interfaces/share/multi_map_nav_interfaces/environment/pythonpath.dsv
[0.959s] -- Up-to-date: /home/dd/task/install/multi_map_nav_interfaces/local/lib/python3.10/dist-packages/multi_map_nav_interfaces-0.0.1-py3.10.egg-info
[0.959s] -- Installing: /home/dd/task/install/multi_map_nav_interfaces/local/lib/python3.10/dist-packages/multi_map_nav_interfaces-0.0.1-py3.10.egg-info/SOURCES.txt
[0.959s] -- Installing: /home/dd/task/install/multi_map_nav_interfaces/local/lib/python3.10/dist-packages/multi_map_nav_interfaces-0.0.1-py3.10.egg-info/dependency_links.txt
[0.959s] -- Installing: /home/dd/task/install/multi_map_nav_interfaces/local/lib/python3.10/dist-packages/multi_map_nav_interfaces-0.0.1-py3.10.egg-info/PKG-INFO
[0.959s] -- Installing: /home/dd/task/install/multi_map_nav_interfaces/local/lib/python3.10/dist-packages/multi_map_nav_interfaces-0.0.1-py3.10.egg-info/top_level.txt
[0.960s] -- Up-to-date: /home/dd/task/install/multi_map_nav_interfaces/local/lib/python3.10/dist-packages/multi_map_nav_interfaces
[0.960s] -- Up-to-date: /home/dd/task/install/multi_map_nav_interfaces/local/lib/python3.10/dist-packages/multi_map_nav_interfaces/action
[0.960s] -- Up-to-date: /home/dd/task/install/multi_map_nav_interfaces/local/lib/python3.10/dist-packages/multi_map_nav_interfaces/action/__init__.py
[0.960s] -- Up-to-date: /home/dd/task/install/multi_map_nav_interfaces/local/lib/python3.10/dist-packages/multi_map_nav_interfaces/action/_multi_map_navigate.py
[0.960s] -- Up-to-date: /home/dd/task/install/multi_map_nav_interfaces/local/lib/python3.10/dist-packages/multi_map_nav_interfaces/action/_multi_map_navigate_s.c
[0.961s] -- Up-to-date: /home/dd/task/install/multi_map_nav_interfaces/local/lib/python3.10/dist-packages/multi_map_nav_interfaces/multi_map_nav_interfaces_s__rosidl_typesupport_fastrtps_c.cpython-310-x86_64-linux-gnu.so
[0.961s] -- Up-to-date: /home/dd/task/install/multi_map_nav_interfaces/local/lib/python3.10/dist-packages/multi_map_nav_interfaces/multi_map_nav_interfaces_s__rosidl_typesupport_introspection_c.cpython-310-x86_64-linux-gnu.so
[0.961s] -- Up-to-date: /home/dd/task/install/multi_map_nav_interfaces/local/lib/python3.10/dist-packages/multi_map_nav_interfaces/multi_map_nav_interfaces_s__rosidl_typesupport_c.cpython-310-x86_64-linux-gnu.so
[0.961s] -- Up-to-date: /home/dd/task/install/multi_map_nav_interfaces/local/lib/python3.10/dist-packages/multi_map_nav_interfaces/__init__.py
[0.961s] -- Up-to-date: /home/dd/task/install/multi_map_nav_interfaces/local/lib/python3.10/dist-packages/multi_map_nav_interfaces/_multi_map_nav_interfaces_s.ep.rosidl_typesupport_c.c
[0.961s] -- Up-to-date: /home/dd/task/install/multi_map_nav_interfaces/local/lib/python3.10/dist-packages/multi_map_nav_interfaces/libmulti_map_nav_interfaces__rosidl_generator_py.so
[0.961s] -- Up-to-date: /home/dd/task/install/multi_map_nav_interfaces/local/lib/python3.10/dist-packages/multi_map_nav_interfaces/_multi_map_nav_interfaces_s.ep.rosidl_typesupport_introspection_c.c
[0.962s] -- Up-to-date: /home/dd/task/install/multi_map_nav_interfaces/local/lib/python3.10/dist-packages/multi_map_nav_interfaces/_multi_map_nav_interfaces_s.ep.rosidl_typesupport_fastrtps_c.c
[1.022s] Listing '/home/dd/task/install/multi_map_nav_interfaces/local/lib/python3.10/dist-packages/multi_map_nav_interfaces'...
[1.022s] Listing '/home/dd/task/install/multi_map_nav_interfaces/local/lib/python3.10/dist-packages/multi_map_nav_interfaces/action'...
[1.031s] -- Up-to-date: /home/dd/task/install/multi_map_nav_interfaces/local/lib/python3.10/dist-packages/multi_map_nav_interfaces/multi_map_nav_interfaces_s__rosidl_typesupport_fastrtps_c.cpython-310-x86_64-linux-gnu.so
[1.032s] -- Up-to-date: /home/dd/task/install/multi_map_nav_interfaces/local/lib/python3.10/dist-packages/multi_map_nav_interfaces/multi_map_nav_interfaces_s__rosidl_typesupport_introspection_c.cpython-310-x86_64-linux-gnu.so
[1.033s] -- Up-to-date: /home/dd/task/install/multi_map_nav_interfaces/local/lib/python3.10/dist-packages/multi_map_nav_interfaces/multi_map_nav_interfaces_s__rosidl_typesupport_c.cpython-310-x86_64-linux-gnu.so
[1.034s] -- Up-to-date: /home/dd/task/install/multi_map_nav_interfaces/lib/libmulti_map_nav_interfaces__rosidl_generator_py.so
[1.035s] -- Up-to-date: /home/dd/task/install/multi_map_nav_interfaces/share/multi_map_nav_interfaces/action/MultiMapNavigate.idl
[1.035s] -- Up-to-date: /home/dd/task/install/multi_map_nav_interfaces/share/multi_map_nav_interfaces/action/MultiMapNavigate.action
[1.035s] -- Up-to-date: /home/dd/task/install/multi_map_nav_interfaces/share/ament_index/resource_index/package_run_dependencies/multi_map_nav_interfaces
[1.035s] -- Up-to-date: /home/dd/task/install/multi_map_nav_interfaces/share/ament_index/resource_index/parent_prefix_path/multi_map_nav_interfaces
[1.035s] -- Up-to-date: /home/dd/task/install/multi_map_nav_interfaces/share/multi_map_nav_interfaces/environment/ament_prefix_path.sh
[1.035s] -- Up-to-date: /home/dd/task/install/multi_map_nav_interfaces/share/multi_map_nav_interfaces/environment/ament_prefix_path.dsv
[1.036s] -- Up-to-date: /home/dd/task/install/multi_map_nav_interfaces/share/multi_map_nav_interfaces/environment/path.sh
[1.036s] -- Up-to-date: /home/dd/task/install/multi_map_nav_interfaces/share/multi_map_nav_interfaces/environment/path.dsv
[1.036s] -- Up-to-date: /home/dd/task/install/multi_map_nav_interfaces/share/multi_map_nav_interfaces/local_setup.bash
[1.036s] -- Up-to-date: /home/dd/task/install/multi_map_nav_interfaces/share/multi_map_nav_interfaces/local_setup.sh
[1.037s] -- Up-to-date: /home/dd/task/install/multi_map_nav_interfaces/share/multi_map_nav_interfaces/local_setup.zsh
[1.037s] -- Up-to-date: /home/dd/task/install/multi_map_nav_interfaces/share/multi_map_nav_interfaces/local_setup.dsv
[1.037s] -- Installing: /home/dd/task/install/multi_map_nav_interfaces/share/multi_map_nav_interfaces/package.dsv
[1.037s] -- Up-to-date: /home/dd/task/install/multi_map_nav_interfaces/share/ament_index/resource_index/packages/multi_map_nav_interfaces
[1.037s] -- Up-to-date: /home/dd/task/install/multi_map_nav_interfaces/share/multi_map_nav_interfaces/cmake/export_multi_map_nav_interfaces__rosidl_generator_cExport.cmake
[1.037s] -- Up-to-date: /home/dd/task/install/multi_map_nav_interfaces/share/multi_map_nav_interfaces/cmake/export_multi_map_nav_interfaces__rosidl_generator_cExport-noconfig.cmake
[1.038s] -- Up-to-date: /home/dd/task/install/multi_map_nav_interfaces/share/multi_map_nav_interfaces/cmake/export_multi_map_nav_interfaces__rosidl_typesupport_fastrtps_cExport.cmake
[1.038s] -- Up-to-date: /home/dd/task/install/multi_map_nav_interfaces/share/multi_map_nav_interfaces/cmake/export_multi_map_nav_interfaces__rosidl_typesupport_fastrtps_cExport-noconfig.cmake
[1.038s] -- Up-to-date: /home/dd/task/install/multi_map_nav_interfaces/share/multi_map_nav_interfaces/cmake/multi_map_nav_interfaces__rosidl_typesupport_introspection_cExport.cmake
[1.038s] -- Up-to-date: /home/dd/task/install/multi_map_nav_interfaces/share/multi_map_nav_interfaces/cmake/multi_map_nav_interfaces__rosidl_typesupport_introspection_cExport-noconfig.cmake
[1.038s] -- Up-to-date: /home/dd/task/install/multi_map_nav_interfaces/share/multi_map_nav_interfaces/cmake/multi_map_nav_interfaces__rosidl_typesupport_cExport.cmake
[1.038s] -- Up-to-date: /home/dd/task/install/multi_map_nav_interfaces/share/multi_map_nav_interfaces/cmake/multi_map_nav_interfaces__rosidl_typesupport_cExport-noconfig.cmake
[1.038s] -- Up-to-date: /home/dd/task/install/multi_map_nav_interfaces/share/multi_map_nav_interfaces/cmake/export_multi_map_nav_interfaces__rosidl_generator_cppExport.cmake
[1.038s] -- Up-to-date: /home/dd/task/install/multi_map_nav_interfaces/share/multi_map_nav_interfaces/cmake/export_multi_map_nav_interfaces__rosidl_typesupport_fastrtps_cppExport.cmake
[1.039s] -- Up-to-date: /home/dd/task/install/multi_map_nav_interfaces/share/multi_map_nav_interfaces/cmake/export_multi_map_nav_interfaces__rosidl_typesupport_fastrtps_cppExport-noconfig.cmake
[1.039s] -- Up-to-date: /home/dd/task/install/multi_map_nav_interfaces/share/multi_map_nav_interfaces/cmake/multi_map_nav_interfaces__rosidl_typesupport_introspection_cppExport.cmake
[1.039s] -- Up-to-date: /home/dd/task/install/multi_map_nav_interfaces/share/multi_map_nav_interfaces/cmake/multi_map_nav_interfaces__rosidl_typesupport_introspection_cppExport-noconfig.cmake
[1.039s] -- Up-to-date: /home/dd/task/install/multi_map_nav_interfaces/share/multi_map_nav_interfaces/cmake/multi_map_nav_interfaces__rosidl_typesupport_cppExport.cmake
[1.039s] -- Up-to-date: /home/dd/task/install/multi_map_nav_interfaces/share/multi_map_nav_interfaces/cmake/multi_map_nav_interfaces__rosidl_typesupport_cppExport-noconfig.cmake
[1.039s] -- Up-to-date: /home/dd/task/install/multi_map_nav_interfaces/share/multi_map_nav_interfaces/cmake/export_multi_map_nav_interfaces__rosidl_generator_pyExport.cmake
[1.039s] -- Up-to-date: /home/dd/task/install/multi_map_nav_interfaces/share/multi_map_nav_interfaces/cmake/export_multi_map_nav_interfaces__rosidl_generator_pyExport-noconfig.cmake
[1.039s] -- Up-to-date: /home/dd/task/install/multi_map_nav_interfaces/share/multi_map_nav_interfaces/cmake/rosidl_cmake-extras.cmake
[1.039s] -- Up-to-date: /home/dd/task/install/multi_map_nav_interfaces/share/multi_map_nav_interfaces/cmake/ament_cmake_export_dependencies-extras.cmake
[1.040s] -- Up-to-date: /home/dd/task/install/multi_map_nav_interfaces/share/multi_map_nav_interfaces/cmake/ament_cmake_export_include_directories-extras.cmake
[1.040s] -- Up-to-date: /home/dd/task/install/multi_map_nav_interfaces/share/multi_map_nav_interfaces/cmake/ament_cmake_export_libraries-extras.cmake
[1.040s] -- Up-to-date: /home/dd/task/install/multi_map_nav_interfaces/share/multi_map_nav_interfaces/cmake/ament_cmake_export_targets-extras.cmake
[1.040s] -- Up-to-date: /home/dd/task/install/multi_map_nav_interfaces/share/multi_map_nav_interfaces/cmake/rosidl_cmake_export_typesupport_targets-extras.cmake
[1.040s] -- Up-to-date: /home/dd/task/install/multi_map_nav_interfaces/share/multi_map_nav_interfaces/cmake/rosidl_cmake_export_typesupport_libraries-extras.cmake
[1.040s] -- Up-to-date: /home/dd/task/install/multi_map_nav_interfaces/share/multi_map_nav_interfaces/cmake/multi_map_nav_interfacesConfig.cmake
[1.040s] -- Up-to-date: /home/dd/task/install/multi_map_nav_interfaces/share/multi_map_nav_interfaces/cmake/multi_map_nav_interfacesConfig-version.cmake
[1.040s] -- Up-to-date: /home/dd/task/install/multi_map_nav_interfaces/share/multi_map_nav_interfaces/package.xml
[1.043s] Invoked command in '/home/dd/task/build/multi_map_nav_interfaces' returned '0': /usr/bin/cmake --install /home/dd/task/build/multi_map_nav_interfaces
