[0.026s] Invoking command in '/home/dd/task/build/multi_map_nav': CMAKE_PREFIX_PATH=/opt/ros/humble:/home/dd/task/install/multi_map_nav_interfaces:/home/dd/task/install/multi_map_nav /usr/bin/cmake --build /home/dd/task/build/multi_map_nav -- -j8 -l8
[0.120s] [35m[1mConsolidate compiler generated dependencies of target multi_map_test_client[0m
[0.130s] [35m[1mConsolidate compiler generated dependencies of target multi_map_navigator_node[0m
[0.153s] [ 22%] Built target map_loader_node
[0.165s] [ 44%] Built target amcl_reset_node
[0.167s] [ 66%] Built target multi_map_test_client
[0.177s] [ 77%] [32mBuilding CXX object CMakeFiles/multi_map_navigator_node.dir/src/multi_map_navigator.cpp.o[0m
[5.276s] [01m[K/home/dd/task/src/multi_map_nav/src/multi_map_navigator.cpp:[m[K In member function ‘[01m[Kvoid MultiMapNavigator::send_goal(const PoseStamped&, const string&)[m[K’:
[5.276s] [01m[K/home/dd/task/src/multi_map_nav/src/multi_map_navigator.cpp:125:14:[m[K [01;31m[Kerror: [m[K‘[01m[Kstruct multi_map_nav_interfaces::action::MultiMapNavigate_Goal_<std::allocator<void> >[m[K’ has no member named ‘[01m[Kgoal[m[K’
[5.276s]   125 |     goal_msg.[01;31m[Kgoal[m[K = goal_pose;
[5.276s]       |              [01;31m[K^~~~[m[K
[5.287s] [01m[K/home/dd/task/src/multi_map_nav/src/multi_map_navigator.cpp:136:23:[m[K [01;31m[Kerror: [m[K‘[01m[Kstruct multi_map_nav_interfaces::action::MultiMapNavigate_Goal_<std::allocator<void> >[m[K’ has no member named ‘[01m[Kgoal[m[K’
[5.287s]   136 |     wormhole_goal_msg.[01;31m[Kgoal[m[K = wormhole_pose;
[5.288s]       |                       [01;31m[K^~~~[m[K
[5.314s] [01m[K/home/dd/task/src/multi_map_nav/src/multi_map_navigator.cpp:141:5:[m[K [01;31m[Kerror: [m[K‘[01m[Kwait_for_goal_to_complete[m[K’ was not declared in this scope
[5.314s]   141 |     [01;31m[Kwait_for_goal_to_complete[m[K();  // Simulate waiting for wormhole navigation to complete
[5.314s]       |     [01;31m[K^~~~~~~~~~~~~~~~~~~~~~~~~[m[K
[5.314s] [01m[K/home/dd/task/src/multi_map_nav/src/multi_map_navigator.cpp:149:20:[m[K [01;31m[Kerror: [m[K‘[01m[Kstruct multi_map_nav_interfaces::action::MultiMapNavigate_Goal_<std::allocator<void> >[m[K’ has no member named ‘[01m[Kgoal[m[K’
[5.315s]   149 |     final_goal_msg.[01;31m[Kgoal[m[K = goal_pose;
[5.315s]       |                    [01;31m[K^~~~[m[K
[5.315s] [01m[K/home/dd/task/src/multi_map_nav/src/multi_map_navigator.cpp:[m[K At global scope:
[5.315s] [01m[K/home/dd/task/src/multi_map_nav/src/multi_map_navigator.cpp:156:6:[m[K [01;31m[Kerror: [m[Kno declaration matches ‘[01m[Kvoid MultiMapNavigator::wait_for_goal_to_complete()[m[K’
[5.315s]   156 | void [01;31m[KMultiMapNavigator[m[K::wait_for_goal_to_complete() {
[5.315s]       |      [01;31m[K^~~~~~~~~~~~~~~~~[m[K
[5.315s] [01m[K/home/dd/task/src/multi_map_nav/src/multi_map_navigator.cpp:156:6:[m[K [01;36m[Knote: [m[Kno functions named ‘[01m[Kvoid MultiMapNavigator::wait_for_goal_to_complete()[m[K’
[5.316s] In file included from [01m[K/home/dd/task/src/multi_map_nav/src/multi_map_navigator.cpp:1[m[K:
[5.316s] [01m[K/home/dd/task/src/multi_map_nav/include/multi_map_nav/multi_map_navigator.hpp:11:7:[m[K [01;36m[Knote: [m[K‘[01m[Kclass MultiMapNavigator[m[K’ defined here
[5.316s]    11 | class [01;36m[KMultiMapNavigator[m[K : public rclcpp::Node
[5.316s]       |       [01;36m[K^~~~~~~~~~~~~~~~~[m[K
[5.316s] In file included from [01m[K/opt/ros/humble/include/rclcpp/rclcpp/logging.hpp:24[m[K,
[5.316s]                  from [01m[K/opt/ros/humble/include/rclcpp/rclcpp/client.hpp:40[m[K,
[5.316s]                  from [01m[K/opt/ros/humble/include/rclcpp/rclcpp/callback_group.hpp:24[m[K,
[5.317s]                  from [01m[K/opt/ros/humble/include/rclcpp/rclcpp/any_executable.hpp:20[m[K,
[5.317s]                  from [01m[K/opt/ros/humble/include/rclcpp/rclcpp/memory_strategy.hpp:25[m[K,
[5.317s]                  from [01m[K/opt/ros/humble/include/rclcpp/rclcpp/memory_strategies.hpp:18[m[K,
[5.317s]                  from [01m[K/opt/ros/humble/include/rclcpp/rclcpp/executor_options.hpp:20[m[K,
[5.317s]                  from [01m[K/opt/ros/humble/include/rclcpp/rclcpp/executor.hpp:37[m[K,
[5.317s]                  from [01m[K/opt/ros/humble/include/rclcpp/rclcpp/executors/multi_threaded_executor.hpp:25[m[K,
[5.317s]                  from [01m[K/opt/ros/humble/include/rclcpp/rclcpp/executors.hpp:21[m[K,
[5.317s]                  from [01m[K/opt/ros/humble/include/rclcpp/rclcpp/rclcpp.hpp:155[m[K,
[5.318s]                  from [01m[K/home/dd/task/src/multi_map_nav/include/multi_map_nav/multi_map_navigator.hpp:4[m[K,
[5.318s]                  from [01m[K/home/dd/task/src/multi_map_nav/src/multi_map_navigator.cpp:1[m[K:
[5.318s] [01m[K/home/dd/task/src/multi_map_nav/src/multi_map_navigator.cpp:[m[K In member function ‘[01m[Krclcpp_action::GoalResponse MultiMapNavigator::handle_goal(const GoalUUID&, std::shared_ptr<const multi_map_nav_interfaces::action::MultiMapNavigate_Goal_<std::allocator<void> > >)[m[K’:
[5.318s] [01m[K/home/dd/task/src/multi_map_nav/src/multi_map_navigator.cpp:170:21:[m[K [01;31m[Kerror: [m[K‘[01m[Kusing element_type = const struct multi_map_nav_interfaces::action::MultiMapNavigate_Goal_<std::allocator<void> >[m[K’ {aka ‘[01m[Kconst struct multi_map_nav_interfaces::action::MultiMapNavigate_Goal_<std::allocator<void> >[m[K’} has no member named ‘[01m[Kstart[m[K’
[5.318s]   170 |               goal->[01;31m[Kstart[m[K.pose.position.x, goal->start.pose.position.y,
[5.318s]       |                     [01;31m[K^~~~~[m[K
[5.318s] [01m[K/home/dd/task/src/multi_map_nav/src/multi_map_navigator.cpp:170:50:[m[K [01;31m[Kerror: [m[K‘[01m[Kusing element_type = const struct multi_map_nav_interfaces::action::MultiMapNavigate_Goal_<std::allocator<void> >[m[K’ {aka ‘[01m[Kconst struct multi_map_nav_interfaces::action::MultiMapNavigate_Goal_<std::allocator<void> >[m[K’} has no member named ‘[01m[Kstart[m[K’
[5.318s]   170 |               goal->start.pose.position.x, goal->[01;31m[Kstart[m[K.pose.position.y,
[5.318s]       |                                                  [01;31m[K^~~~~[m[K
[5.318s] [01m[K/home/dd/task/src/multi_map_nav/src/multi_map_navigator.cpp:171:21:[m[K [01;31m[Kerror: [m[K‘[01m[Kusing element_type = const struct multi_map_nav_interfaces::action::MultiMapNavigate_Goal_<std::allocator<void> >[m[K’ {aka ‘[01m[Kconst struct multi_map_nav_interfaces::action::MultiMapNavigate_Goal_<std::allocator<void> >[m[K’} has no member named ‘[01m[Kgoal[m[K’
[5.319s]   171 |               goal->[01;31m[Kgoal[m[K.pose.position.x, goal->goal.pose.position.y);
[5.319s]       |                     [01;31m[K^~~~[m[K
[5.319s] [01m[K/home/dd/task/src/multi_map_nav/src/multi_map_navigator.cpp:171:49:[m[K [01;31m[Kerror: [m[K‘[01m[Kusing element_type = const struct multi_map_nav_interfaces::action::MultiMapNavigate_Goal_<std::allocator<void> >[m[K’ {aka ‘[01m[Kconst struct multi_map_nav_interfaces::action::MultiMapNavigate_Goal_<std::allocator<void> >[m[K’} has no member named ‘[01m[Kgoal[m[K’
[5.319s]   171 |               goal->goal.pose.position.x, goal->[01;31m[Kgoal[m[K.pose.position.y);
[5.319s]       |                                                 [01;31m[K^~~~[m[K
[5.320s] [01m[K/home/dd/task/src/multi_map_nav/src/multi_map_navigator.cpp:[m[K In lambda function:
[5.320s] [01m[K/home/dd/task/src/multi_map_nav/src/multi_map_navigator.cpp:193:23:[m[K [01;31m[Kerror: [m[K‘[01m[Kusing element_type = const struct multi_map_nav_interfaces::action::MultiMapNavigate_Goal_<std::allocator<void> >[m[K’ {aka ‘[01m[Kconst struct multi_map_nav_interfaces::action::MultiMapNavigate_Goal_<std::allocator<void> >[m[K’} has no member named ‘[01m[Kgoal[m[K’
[5.320s]   193 |       send_goal(goal->[01;31m[Kgoal[m[K, goal->target_map);  // Goal pose and target map
[5.320s]       |                       [01;31m[K^~~~[m[K
[7.286s] gmake[2]: *** [CMakeFiles/multi_map_navigator_node.dir/build.make:90: CMakeFiles/multi_map_navigator_node.dir/src/multi_map_navigator.cpp.o] Error 1
[7.286s] gmake[1]: *** [CMakeFiles/Makefile2:143: CMakeFiles/multi_map_navigator_node.dir/all] Error 2
[7.287s] gmake: *** [Makefile:146: all] Error 2
[7.290s] Invoked command in '/home/dd/task/build/multi_map_nav' returned '2': CMAKE_PREFIX_PATH=/opt/ros/humble:/home/dd/task/install/multi_map_nav_interfaces:/home/dd/task/install/multi_map_nav /usr/bin/cmake --build /home/dd/task/build/multi_map_nav -- -j8 -l8
