In file included from [01m[K/home/dd/task/src/multi_map_nav/src/multi_map_navigator.cpp:3[m[K:
[01m[K/opt/ros/humble/include/tf2_geometry_msgs/tf2_geometry_msgs/tf2_geometry_msgs.h:35:2:[m[K [01;35m[Kwarning: [m[K#warning is a GCC extension
   35 | #[01;35m[Kwarning[m[K This header is obsolete, please include tf2_geometry_msgs/tf2_geometry_msgs.hpp instead
      |  [01;35m[K^~~~~~~[m[K
[01m[K/opt/ros/humble/include/tf2_geometry_msgs/tf2_geometry_msgs/tf2_geometry_msgs.h:35:2:[m[K [01;35m[Kwarning: [m[K#warning This header is obsolete, please include tf2_geometry_msgs/tf2_geometry_msgs.hpp instead [[01;35m[K]8;;https://gcc.gnu.org/onlinedocs/gcc/Warning-Options.html#index-Wcpp-Wcpp]8;;[m[K]
[01m[K/home/dd/task/src/multi_map_nav/src/multi_map_navigator.cpp:121:6:[m[K [01;31m[Kerror: [m[Kno declaration matches ‘[01m[Kvoid MultiMapNavigator::send_goal(double, double, double, const string&)[m[K’
  121 | void [01;31m[KMultiMapNavigator[m[K::send_goal(double x, double y, double theta, const std::string & target_map) {
      |      [01;31m[K^~~~~~~~~~~~~~~~~[m[K
In file included from [01m[K/home/dd/task/src/multi_map_nav/src/multi_map_navigator.cpp:1[m[K:
[01m[K/home/dd/task/src/multi_map_nav/include/multi_map_nav/multi_map_navigator.hpp:26:8:[m[K [01;36m[Knote: [m[Kcandidate is: ‘[01m[Kvoid MultiMapNavigator::send_goal(const PoseStamped&, const string&)[m[K’
   26 |   void [01;36m[Ksend_goal[m[K(const geometry_msgs::msg::PoseStamped & goal_pose, const std::string & target_map);
      |        [01;36m[K^~~~~~~~~[m[K
[01m[K/home/dd/task/src/multi_map_nav/include/multi_map_nav/multi_map_navigator.hpp:11:7:[m[K [01;36m[Knote: [m[K‘[01m[Kclass MultiMapNavigator[m[K’ defined here
   11 | class [01;36m[KMultiMapNavigator[m[K : public rclcpp::Node
      |       [01;36m[K^~~~~~~~~~~~~~~~~[m[K
In file included from [01m[K/opt/ros/humble/include/rclcpp/rclcpp/logging.hpp:24[m[K,
                 from [01m[K/opt/ros/humble/include/rclcpp/rclcpp/client.hpp:40[m[K,
                 from [01m[K/opt/ros/humble/include/rclcpp/rclcpp/callback_group.hpp:24[m[K,
                 from [01m[K/opt/ros/humble/include/rclcpp/rclcpp/any_executable.hpp:20[m[K,
                 from [01m[K/opt/ros/humble/include/rclcpp/rclcpp/memory_strategy.hpp:25[m[K,
                 from [01m[K/opt/ros/humble/include/rclcpp/rclcpp/memory_strategies.hpp:18[m[K,
                 from [01m[K/opt/ros/humble/include/rclcpp/rclcpp/executor_options.hpp:20[m[K,
                 from [01m[K/opt/ros/humble/include/rclcpp/rclcpp/executor.hpp:37[m[K,
                 from [01m[K/opt/ros/humble/include/rclcpp/rclcpp/executors/multi_threaded_executor.hpp:25[m[K,
                 from [01m[K/opt/ros/humble/include/rclcpp/rclcpp/executors.hpp:21[m[K,
                 from [01m[K/opt/ros/humble/include/rclcpp/rclcpp/rclcpp.hpp:155[m[K,
                 from [01m[K/home/dd/task/src/multi_map_nav/include/multi_map_nav/multi_map_navigator.hpp:4[m[K,
                 from [01m[K/home/dd/task/src/multi_map_nav/src/multi_map_navigator.cpp:1[m[K:
[01m[K/home/dd/task/src/multi_map_nav/src/multi_map_navigator.cpp:[m[K In member function ‘[01m[Krclcpp_action::GoalResponse MultiMapNavigator::handle_goal(const GoalUUID&, std::shared_ptr<const multi_map_nav_interfaces::action::MultiMapNavigate_Goal_<std::allocator<void> > >)[m[K’:
[01m[K/home/dd/task/src/multi_map_nav/src/multi_map_navigator.cpp:183:35:[m[K [01;35m[Kwarning: [m[Kformat ‘[01m[K%f[m[K’ expects argument of type ‘[01m[Kdouble[m[K’, but argument 8 has type ‘[01m[Kconst char*[m[K’ [[01;35m[K]8;;https://gcc.gnu.org/onlinedocs/gcc/Warning-Options.html#index-Wformat=-Wformat=]8;;[m[K]
  183 |   RCLCPP_INFO(this->get_logger(), [01;35m[K"Received goal: Start Position - (%f, %f), Goal Position - (%f, %f)"[m[K,
      |                                   [01;35m[K^~~~~~~~~~~~~~~~~~~~~~~~~~~~~~~~~~~~~~~~~~~~~~~~~~~~~~~~~~~~~~~~~~~~[m[K
  184 |               goal->x, goal->y, goal->theta, [32m[Kgoal->target_map.c_str()[m[K);
      |                                              [32m[K~~~~~~~~~~~~~~~~~~~~~~~~[m[K
      |                                                                    [32m[K|[m[K
      |                                                                    [32m[Kconst char*[m[K
[01m[K/home/dd/task/src/multi_map_nav/src/multi_map_navigator.cpp:183:100:[m[K [01;36m[Knote: [m[Kformat string is defined here
  183 |   RCLCPP_INFO(this->get_logger(), "Received goal: Start Position - (%f, %f), Goal Position - (%f, [01;36m[K%f[m[K)",
      |                                                                                                   [01;36m[K~^[m[K
      |                                                                                                    [01;36m[K|[m[K
      |                                                                                                    [01;36m[Kdouble[m[K
      |                                                                                                   [32m[K%s[m[K
[01m[K/home/dd/task/src/multi_map_nav/src/multi_map_navigator.cpp:[m[K In lambda function:
[01m[K/home/dd/task/src/multi_map_nav/src/multi_map_navigator.cpp:206:16:[m[K [01;31m[Kerror: [m[Kno matching function for call to ‘[01m[KMultiMapNavigator::send_goal(const _x_type&, const _y_type&, const _theta_type&, const _target_map_type&)[m[K’
  206 |       [01;31m[Ksend_goal(goal->x, goal->y, goal->theta, goal->target_map)[m[K;  // Goal pose and target map
      |       [01;31m[K~~~~~~~~~^~~~~~~~~~~~~~~~~~~~~~~~~~~~~~~~~~~~~~~~~~~~~~~~~[m[K
In file included from [01m[K/home/dd/task/src/multi_map_nav/src/multi_map_navigator.cpp:1[m[K:
[01m[K/home/dd/task/src/multi_map_nav/include/multi_map_nav/multi_map_navigator.hpp:26:8:[m[K [01;36m[Knote: [m[Kcandidate: ‘[01m[Kvoid MultiMapNavigator::send_goal(const PoseStamped&, const string&)[m[K’
   26 |   void [01;36m[Ksend_goal[m[K(const geometry_msgs::msg::PoseStamped & goal_pose, const std::string & target_map);
      |        [01;36m[K^~~~~~~~~[m[K
[01m[K/home/dd/task/src/multi_map_nav/include/multi_map_nav/multi_map_navigator.hpp:26:8:[m[K [01;36m[Knote: [m[K  candidate expects 2 arguments, 4 provided
gmake[2]: *** [CMakeFiles/multi_map_navigator_node.dir/build.make:90: CMakeFiles/multi_map_navigator_node.dir/src/multi_map_navigator.cpp.o] Error 1
gmake[1]: *** [CMakeFiles/Makefile2:143: CMakeFiles/multi_map_navigator_node.dir/all] Error 2
gmake: *** [Makefile:146: all] Error 2
