[35m[1mConsolidate compiler generated dependencies of target multi_map_navigator_node[0m
[ 22%] Built target map_loader_node
[ 44%] Built target multi_map_test_client
[ 66%] Built target amcl_reset_node
[ 88%] [32mBuilding CXX object CMakeFiles/multi_map_navigator_node.dir/src/multi_map_navigator.cpp.o[0m
[ 88%] [32mBuilding CXX object CMakeFiles/multi_map_navigator_node.dir/src/main.cpp.o[0m
[01m[K/home/dd/task/src/multi_map_nav/src/multi_map_navigator.cpp:[m[K In member function ‘[01m[Kvoid MultiMapNavigator::send_goal(const PoseStamped&, const string&)[m[K’:
[01m[K/home/dd/task/src/multi_map_nav/src/multi_map_navigator.cpp:129:22:[m[K [01;31m[Kerror: [m[K‘[01m[Ktf2[m[K’ has not been declared
  129 |     goal_msg.theta = [01;31m[Ktf2[m[K::getYaw(goal_pose.pose.orientation); // Assuming `theta` is stored as yaw
      |                      [01;31m[K^~~[m[K
[01m[K/home/dd/task/src/multi_map_nav/src/multi_map_navigator.cpp:145:31:[m[K [01;31m[Kerror: [m[K‘[01m[Ktf2[m[K’ has not been declared
  145 |     wormhole_goal_msg.theta = [01;31m[Ktf2[m[K::getYaw(wormhole_pose.pose.orientation);
      |                               [01;31m[K^~~[m[K
[01m[K/home/dd/task/src/multi_map_nav/src/multi_map_navigator.cpp:151:5:[m[K [01;31m[Kerror: [m[K‘[01m[Kwait_for_goal_to_complete[m[K’ was not declared in this scope
  151 |     [01;31m[Kwait_for_goal_to_complete[m[K();  // Simulate waiting for wormhole navigation to complete
      |     [01;31m[K^~~~~~~~~~~~~~~~~~~~~~~~~[m[K
[01m[K/home/dd/task/src/multi_map_nav/src/multi_map_navigator.cpp:161:28:[m[K [01;31m[Kerror: [m[K‘[01m[Ktf2[m[K’ has not been declared
  161 |     final_goal_msg.theta = [01;31m[Ktf2[m[K::getYaw(goal_pose.pose.orientation);
      |                            [01;31m[K^~~[m[K
[01m[K/home/dd/task/src/multi_map_nav/src/multi_map_navigator.cpp:[m[K At global scope:
[01m[K/home/dd/task/src/multi_map_nav/src/multi_map_navigator.cpp:169:6:[m[K [01;31m[Kerror: [m[Kno declaration matches ‘[01m[Kvoid MultiMapNavigator::wait_for_goal_to_complete()[m[K’
  169 | void [01;31m[KMultiMapNavigator[m[K::wait_for_goal_to_complete() {
      |      [01;31m[K^~~~~~~~~~~~~~~~~[m[K
[01m[K/home/dd/task/src/multi_map_nav/src/multi_map_navigator.cpp:169:6:[m[K [01;36m[Knote: [m[Kno functions named ‘[01m[Kvoid MultiMapNavigator::wait_for_goal_to_complete()[m[K’
In file included from [01m[K/home/dd/task/src/multi_map_nav/src/multi_map_navigator.cpp:1[m[K:
[01m[K/home/dd/task/src/multi_map_nav/include/multi_map_nav/multi_map_navigator.hpp:11:7:[m[K [01;36m[Knote: [m[K‘[01m[Kclass MultiMapNavigator[m[K’ defined here
   11 | class [01;36m[KMultiMapNavigator[m[K : public rclcpp::Node
      |       [01;36m[K^~~~~~~~~~~~~~~~~[m[K
In file included from [01m[K/opt/ros/humble/include/rclcpp/rclcpp/logging.hpp:24[m[K,
                 from [01m[K/opt/ros/humble/include/rclcpp/rclcpp/client.hpp:40[m[K,
                 from [01m[K/opt/ros/humble/include/rclcpp/rclcpp/callback_group.hpp:24[m[K,
                 from [01m[K/opt/ros/humble/include/rclcpp/rclcpp/any_executable.hpp:20[m[K,
                 from [01m[K/opt/ros/humble/include/rclcpp/rclcpp/memory_strategy.hpp:25[m[K,
                 from [01m[K/opt/ros/humble/include/rclcpp/rclcpp/memory_strategies.hpp:18[m[K,
                 from [01m[K/opt/ros/humble/include/rclcpp/rclcpp/executor_options.hpp:20[m[K,
                 from [01m[K/opt/ros/humble/include/rclcpp/rclcpp/executor.hpp:37[m[K,
                 from [01m[K/opt/ros/humble/include/rclcpp/rclcpp/executors/multi_threaded_executor.hpp:25[m[K,
                 from [01m[K/opt/ros/humble/include/rclcpp/rclcpp/executors.hpp:21[m[K,
                 from [01m[K/opt/ros/humble/include/rclcpp/rclcpp/rclcpp.hpp:155[m[K,
                 from [01m[K/home/dd/task/src/multi_map_nav/include/multi_map_nav/multi_map_navigator.hpp:4[m[K,
                 from [01m[K/home/dd/task/src/multi_map_nav/src/multi_map_navigator.cpp:1[m[K:
[01m[K/home/dd/task/src/multi_map_nav/src/multi_map_navigator.cpp:[m[K In member function ‘[01m[Krclcpp_action::GoalResponse MultiMapNavigator::handle_goal(const GoalUUID&, std::shared_ptr<const multi_map_nav_interfaces::action::MultiMapNavigate_Goal_<std::allocator<void> > >)[m[K’:
[01m[K/home/dd/task/src/multi_map_nav/src/multi_map_navigator.cpp:182:35:[m[K [01;35m[Kwarning: [m[Kformat ‘[01m[K%f[m[K’ expects argument of type ‘[01m[Kdouble[m[K’, but argument 8 has type ‘[01m[Kconst char*[m[K’ [[01;35m[K]8;;https://gcc.gnu.org/onlinedocs/gcc/Warning-Options.html#index-Wformat=-Wformat=]8;;[m[K]
  182 |   RCLCPP_INFO(this->get_logger(), [01;35m[K"Received goal: Start Position - (%f, %f), Goal Position - (%f, %f)"[m[K,
      |                                   [01;35m[K^~~~~~~~~~~~~~~~~~~~~~~~~~~~~~~~~~~~~~~~~~~~~~~~~~~~~~~~~~~~~~~~~~~~[m[K
  183 |               goal->x, goal->y, goal->theta, [32m[Kgoal->target_map.c_str()[m[K);
      |                                              [32m[K~~~~~~~~~~~~~~~~~~~~~~~~[m[K
      |                                                                    [32m[K|[m[K
      |                                                                    [32m[Kconst char*[m[K
[01m[K/home/dd/task/src/multi_map_nav/src/multi_map_navigator.cpp:182:100:[m[K [01;36m[Knote: [m[Kformat string is defined here
  182 |   RCLCPP_INFO(this->get_logger(), "Received goal: Start Position - (%f, %f), Goal Position - (%f, [01;36m[K%f[m[K)",
      |                                                                                                   [01;36m[K~^[m[K
      |                                                                                                    [01;36m[K|[m[K
      |                                                                                                    [01;36m[Kdouble[m[K
      |                                                                                                   [32m[K%s[m[K
[01m[K/home/dd/task/src/multi_map_nav/src/multi_map_navigator.cpp:[m[K In lambda function:
[01m[K/home/dd/task/src/multi_map_nav/src/multi_map_navigator.cpp:205:23:[m[K [01;31m[Kerror: [m[K‘[01m[Kusing element_type = const struct multi_map_nav_interfaces::action::MultiMapNavigate_Goal_<std::allocator<void> >[m[K’ {aka ‘[01m[Kconst struct multi_map_nav_interfaces::action::MultiMapNavigate_Goal_<std::allocator<void> >[m[K’} has no member named ‘[01m[Kgoal[m[K’
  205 |       send_goal(goal->[01;31m[Kgoal[m[K, goal->target_map);  // Goal pose and target map
      |                       [01;31m[K^~~~[m[K
gmake[2]: *** [CMakeFiles/multi_map_navigator_node.dir/build.make:90: CMakeFiles/multi_map_navigator_node.dir/src/multi_map_navigator.cpp.o] Error 1
gmake[1]: *** [CMakeFiles/Makefile2:143: CMakeFiles/multi_map_navigator_node.dir/all] Error 2
gmake: *** [Makefile:146: all] Error 2
