[0.044s] Invoking command in '/home/dd/task/build/multi_map_nav_interfaces': /usr/bin/cmake --build /home/dd/task/build/multi_map_nav_interfaces -- -j8 -l8
[0.168s] [  3%] Built target multi_map_nav_interfaces__cpp
[0.169s] [ 12%] Built target multi_map_nav_interfaces__rosidl_generator_c
[0.206s] [ 12%] Built target ament_cmake_python_copy_multi_map_nav_interfaces
[0.267s] [ 22%] Built target multi_map_nav_interfaces__rosidl_typesupport_fastrtps_cpp
[0.269s] [ 32%] Built target multi_map_nav_interfaces__rosidl_typesupport_introspection_cpp
[0.316s] [ 41%] Built target multi_map_nav_interfaces__rosidl_typesupport_c
[0.316s] [ 51%] Built target multi_map_nav_interfaces__rosidl_typesupport_cpp
[0.335s] [ 61%] Built target multi_map_nav_interfaces__rosidl_typesupport_introspection_c
[0.344s] [ 70%] Built target multi_map_nav_interfaces__rosidl_typesupport_fastrtps_c
[0.406s] [ 70%] Built target multi_map_nav_interfaces
[0.472s] [ 74%] Built target multi_map_nav_interfaces__py
[0.552s] [ 80%] Built target multi_map_nav_interfaces__rosidl_generator_py
[0.643s] [ 87%] Built target multi_map_nav_interfaces__rosidl_typesupport_c__pyext
[0.659s] [ 93%] Built target multi_map_nav_interfaces__rosidl_typesupport_fastrtps_c__pyext
[0.660s] [100%] Built target multi_map_nav_interfaces__rosidl_typesupport_introspection_c__pyext
[1.109s] running egg_info
[1.111s] writing multi_map_nav_interfaces.egg-info/PKG-INFO
[1.111s] writing dependency_links to multi_map_nav_interfaces.egg-info/dependency_links.txt
[1.111s] writing top-level names to multi_map_nav_interfaces.egg-info/top_level.txt
[1.120s] reading manifest file 'multi_map_nav_interfaces.egg-info/SOURCES.txt'
[1.123s] writing manifest file 'multi_map_nav_interfaces.egg-info/SOURCES.txt'
[1.219s] [100%] Built target ament_cmake_python_build_multi_map_nav_interfaces_egg
[1.258s] Invoked command in '/home/dd/task/build/multi_map_nav_interfaces' returned '0': /usr/bin/cmake --build /home/dd/task/build/multi_map_nav_interfaces -- -j8 -l8
[1.286s] Invoking command in '/home/dd/task/build/multi_map_nav_interfaces': /usr/bin/cmake --install /home/dd/task/build/multi_map_nav_interfaces
[1.307s] -- Install configuration: ""
[1.307s] -- Up-to-date: /home/dd/task/install/multi_map_nav_interfaces/share/ament_index/resource_index/rosidl_interfaces/multi_map_nav_interfaces
[1.309s] -- Up-to-date: /home/dd/task/install/multi_map_nav_interfaces/include/multi_map_nav_interfaces/multi_map_nav_interfaces
[1.310s] -- Up-to-date: /home/dd/task/install/multi_map_nav_interfaces/include/multi_map_nav_interfaces/multi_map_nav_interfaces/action
[1.310s] -- Up-to-date: /home/dd/task/install/multi_map_nav_interfaces/include/multi_map_nav_interfaces/multi_map_nav_interfaces/action/multi_map_navigate.h
[1.311s] -- Up-to-date: /home/dd/task/install/multi_map_nav_interfaces/include/multi_map_nav_interfaces/multi_map_nav_interfaces/action/detail
[1.313s] -- Up-to-date: /home/dd/task/install/multi_map_nav_interfaces/include/multi_map_nav_interfaces/multi_map_nav_interfaces/action/detail/multi_map_navigate__functions.c
[1.313s] -- Up-to-date: /home/dd/task/install/multi_map_nav_interfaces/include/multi_map_nav_interfaces/multi_map_nav_interfaces/action/detail/multi_map_navigate__functions.h
[1.314s] -- Up-to-date: /home/dd/task/install/multi_map_nav_interfaces/include/multi_map_nav_interfaces/multi_map_nav_interfaces/action/detail/multi_map_navigate__type_support.h
[1.314s] -- Up-to-date: /home/dd/task/install/multi_map_nav_interfaces/include/multi_map_nav_interfaces/multi_map_nav_interfaces/action/detail/multi_map_navigate__struct.h
[1.315s] -- Up-to-date: /home/dd/task/install/multi_map_nav_interfaces/include/multi_map_nav_interfaces/multi_map_nav_interfaces/msg
[1.315s] -- Up-to-date: /home/dd/task/install/multi_map_nav_interfaces/include/multi_map_nav_interfaces/multi_map_nav_interfaces/msg/rosidl_generator_c__visibility_control.h
[1.315s] -- Up-to-date: /home/dd/task/install/multi_map_nav_interfaces/share/multi_map_nav_interfaces/environment/library_path.sh
[1.315s] -- Up-to-date: /home/dd/task/install/multi_map_nav_interfaces/share/multi_map_nav_interfaces/environment/library_path.dsv
[1.315s] -- Up-to-date: /home/dd/task/install/multi_map_nav_interfaces/lib/libmulti_map_nav_interfaces__rosidl_generator_c.so
[1.316s] -- Up-to-date: /home/dd/task/install/multi_map_nav_interfaces/include/multi_map_nav_interfaces/multi_map_nav_interfaces
[1.317s] -- Up-to-date: /home/dd/task/install/multi_map_nav_interfaces/include/multi_map_nav_interfaces/multi_map_nav_interfaces/action
[1.317s] -- Up-to-date: /home/dd/task/install/multi_map_nav_interfaces/include/multi_map_nav_interfaces/multi_map_nav_interfaces/action/detail
[1.318s] -- Up-to-date: /home/dd/task/install/multi_map_nav_interfaces/include/multi_map_nav_interfaces/multi_map_nav_interfaces/action/detail/multi_map_navigate__rosidl_typesupport_fastrtps_c.h
[1.318s] -- Up-to-date: /home/dd/task/install/multi_map_nav_interfaces/include/multi_map_nav_interfaces/multi_map_nav_interfaces/msg
[1.318s] -- Up-to-date: /home/dd/task/install/multi_map_nav_interfaces/include/multi_map_nav_interfaces/multi_map_nav_interfaces/msg/rosidl_typesupport_fastrtps_c__visibility_control.h
[1.318s] -- Up-to-date: /home/dd/task/install/multi_map_nav_interfaces/lib/libmulti_map_nav_interfaces__rosidl_typesupport_fastrtps_c.so
[1.319s] -- Up-to-date: /home/dd/task/install/multi_map_nav_interfaces/include/multi_map_nav_interfaces/multi_map_nav_interfaces
[1.319s] -- Up-to-date: /home/dd/task/install/multi_map_nav_interfaces/include/multi_map_nav_interfaces/multi_map_nav_interfaces/action
[1.319s] -- Up-to-date: /home/dd/task/install/multi_map_nav_interfaces/include/multi_map_nav_interfaces/multi_map_nav_interfaces/action/detail
[1.319s] -- Up-to-date: /home/dd/task/install/multi_map_nav_interfaces/include/multi_map_nav_interfaces/multi_map_nav_interfaces/action/detail/multi_map_navigate__rosidl_typesupport_introspection_c.h
[1.320s] -- Up-to-date: /home/dd/task/install/multi_map_nav_interfaces/include/multi_map_nav_interfaces/multi_map_nav_interfaces/action/detail/multi_map_navigate__type_support.c
[1.320s] -- Up-to-date: /home/dd/task/install/multi_map_nav_interfaces/include/multi_map_nav_interfaces/multi_map_nav_interfaces/msg
[1.320s] -- Up-to-date: /home/dd/task/install/multi_map_nav_interfaces/include/multi_map_nav_interfaces/multi_map_nav_interfaces/msg/rosidl_typesupport_introspection_c__visibility_control.h
[1.320s] -- Up-to-date: /home/dd/task/install/multi_map_nav_interfaces/lib/libmulti_map_nav_interfaces__rosidl_typesupport_introspection_c.so
[1.320s] -- Up-to-date: /home/dd/task/install/multi_map_nav_interfaces/lib/libmulti_map_nav_interfaces__rosidl_typesupport_c.so
[1.321s] -- Up-to-date: /home/dd/task/install/multi_map_nav_interfaces/include/multi_map_nav_interfaces/multi_map_nav_interfaces
[1.321s] -- Up-to-date: /home/dd/task/install/multi_map_nav_interfaces/include/multi_map_nav_interfaces/multi_map_nav_interfaces/action
[1.321s] -- Up-to-date: /home/dd/task/install/multi_map_nav_interfaces/include/multi_map_nav_interfaces/multi_map_nav_interfaces/action/multi_map_navigate.hpp
[1.321s] -- Up-to-date: /home/dd/task/install/multi_map_nav_interfaces/include/multi_map_nav_interfaces/multi_map_nav_interfaces/action/detail
[1.322s] -- Up-to-date: /home/dd/task/install/multi_map_nav_interfaces/include/multi_map_nav_interfaces/multi_map_nav_interfaces/action/detail/multi_map_navigate__struct.hpp
[1.322s] -- Up-to-date: /home/dd/task/install/multi_map_nav_interfaces/include/multi_map_nav_interfaces/multi_map_nav_interfaces/action/detail/multi_map_navigate__builder.hpp
[1.322s] -- Up-to-date: /home/dd/task/install/multi_map_nav_interfaces/include/multi_map_nav_interfaces/multi_map_nav_interfaces/action/detail/multi_map_navigate__type_support.hpp
[1.322s] -- Up-to-date: /home/dd/task/install/multi_map_nav_interfaces/include/multi_map_nav_interfaces/multi_map_nav_interfaces/action/detail/multi_map_navigate__traits.hpp
[1.323s] -- Up-to-date: /home/dd/task/install/multi_map_nav_interfaces/include/multi_map_nav_interfaces/multi_map_nav_interfaces/msg
[1.323s] -- Up-to-date: /home/dd/task/install/multi_map_nav_interfaces/include/multi_map_nav_interfaces/multi_map_nav_interfaces/msg/rosidl_generator_cpp__visibility_control.hpp
[1.323s] -- Up-to-date: /home/dd/task/install/multi_map_nav_interfaces/include/multi_map_nav_interfaces/multi_map_nav_interfaces
[1.323s] -- Up-to-date: /home/dd/task/install/multi_map_nav_interfaces/include/multi_map_nav_interfaces/multi_map_nav_interfaces/action
[1.323s] -- Up-to-date: /home/dd/task/install/multi_map_nav_interfaces/include/multi_map_nav_interfaces/multi_map_nav_interfaces/action/detail
[1.324s] -- Up-to-date: /home/dd/task/install/multi_map_nav_interfaces/include/multi_map_nav_interfaces/multi_map_nav_interfaces/action/detail/dds_fastrtps
[1.324s] -- Up-to-date: /home/dd/task/install/multi_map_nav_interfaces/include/multi_map_nav_interfaces/multi_map_nav_interfaces/action/detail/multi_map_navigate__rosidl_typesupport_fastrtps_cpp.hpp
[1.325s] -- Up-to-date: /home/dd/task/install/multi_map_nav_interfaces/include/multi_map_nav_interfaces/multi_map_nav_interfaces/msg
[1.325s] -- Up-to-date: /home/dd/task/install/multi_map_nav_interfaces/include/multi_map_nav_interfaces/multi_map_nav_interfaces/msg/rosidl_typesupport_fastrtps_cpp__visibility_control.h
[1.326s] -- Up-to-date: /home/dd/task/install/multi_map_nav_interfaces/lib/libmulti_map_nav_interfaces__rosidl_typesupport_fastrtps_cpp.so
[1.326s] -- Up-to-date: /home/dd/task/install/multi_map_nav_interfaces/include/multi_map_nav_interfaces/multi_map_nav_interfaces
[1.326s] -- Up-to-date: /home/dd/task/install/multi_map_nav_interfaces/include/multi_map_nav_interfaces/multi_map_nav_interfaces/action
[1.327s] -- Up-to-date: /home/dd/task/install/multi_map_nav_interfaces/include/multi_map_nav_interfaces/multi_map_nav_interfaces/action/detail
[1.327s] -- Up-to-date: /home/dd/task/install/multi_map_nav_interfaces/include/multi_map_nav_interfaces/multi_map_nav_interfaces/action/detail/multi_map_navigate__rosidl_typesupport_introspection_cpp.hpp
[1.327s] -- Up-to-date: /home/dd/task/install/multi_map_nav_interfaces/include/multi_map_nav_interfaces/multi_map_nav_interfaces/action/detail/multi_map_navigate__type_support.cpp
[1.327s] -- Up-to-date: /home/dd/task/install/multi_map_nav_interfaces/lib/libmulti_map_nav_interfaces__rosidl_typesupport_introspection_cpp.so
[1.328s] -- Up-to-date: /home/dd/task/install/multi_map_nav_interfaces/lib/libmulti_map_nav_interfaces__rosidl_typesupport_cpp.so
[1.328s] -- Up-to-date: /home/dd/task/install/multi_map_nav_interfaces/share/multi_map_nav_interfaces/environment/pythonpath.sh
[1.328s] -- Up-to-date: /home/dd/task/install/multi_map_nav_interfaces/share/multi_map_nav_interfaces/environment/pythonpath.dsv
[1.328s] -- Up-to-date: /home/dd/task/install/multi_map_nav_interfaces/local/lib/python3.10/dist-packages/multi_map_nav_interfaces-0.0.1-py3.10.egg-info
[1.329s] -- Installing: /home/dd/task/install/multi_map_nav_interfaces/local/lib/python3.10/dist-packages/multi_map_nav_interfaces-0.0.1-py3.10.egg-info/SOURCES.txt
[1.329s] -- Installing: /home/dd/task/install/multi_map_nav_interfaces/local/lib/python3.10/dist-packages/multi_map_nav_interfaces-0.0.1-py3.10.egg-info/dependency_links.txt
[1.329s] -- Installing: /home/dd/task/install/multi_map_nav_interfaces/local/lib/python3.10/dist-packages/multi_map_nav_interfaces-0.0.1-py3.10.egg-info/PKG-INFO
[1.329s] -- Installing: /home/dd/task/install/multi_map_nav_interfaces/local/lib/python3.10/dist-packages/multi_map_nav_interfaces-0.0.1-py3.10.egg-info/top_level.txt
[1.329s] -- Up-to-date: /home/dd/task/install/multi_map_nav_interfaces/local/lib/python3.10/dist-packages/multi_map_nav_interfaces
[1.330s] -- Up-to-date: /home/dd/task/install/multi_map_nav_interfaces/local/lib/python3.10/dist-packages/multi_map_nav_interfaces/action
[1.330s] -- Up-to-date: /home/dd/task/install/multi_map_nav_interfaces/local/lib/python3.10/dist-packages/multi_map_nav_interfaces/action/__init__.py
[1.330s] -- Up-to-date: /home/dd/task/install/multi_map_nav_interfaces/local/lib/python3.10/dist-packages/multi_map_nav_interfaces/action/_multi_map_navigate.py
[1.330s] -- Up-to-date: /home/dd/task/install/multi_map_nav_interfaces/local/lib/python3.10/dist-packages/multi_map_nav_interfaces/action/_multi_map_navigate_s.c
[1.331s] -- Up-to-date: /home/dd/task/install/multi_map_nav_interfaces/local/lib/python3.10/dist-packages/multi_map_nav_interfaces/multi_map_nav_interfaces_s__rosidl_typesupport_fastrtps_c.cpython-310-x86_64-linux-gnu.so
[1.331s] -- Up-to-date: /home/dd/task/install/multi_map_nav_interfaces/local/lib/python3.10/dist-packages/multi_map_nav_interfaces/multi_map_nav_interfaces_s__rosidl_typesupport_introspection_c.cpython-310-x86_64-linux-gnu.so
[1.331s] -- Up-to-date: /home/dd/task/install/multi_map_nav_interfaces/local/lib/python3.10/dist-packages/multi_map_nav_interfaces/multi_map_nav_interfaces_s__rosidl_typesupport_c.cpython-310-x86_64-linux-gnu.so
[1.331s] -- Up-to-date: /home/dd/task/install/multi_map_nav_interfaces/local/lib/python3.10/dist-packages/multi_map_nav_interfaces/__init__.py
[1.331s] -- Up-to-date: /home/dd/task/install/multi_map_nav_interfaces/local/lib/python3.10/dist-packages/multi_map_nav_interfaces/_multi_map_nav_interfaces_s.ep.rosidl_typesupport_c.c
[1.332s] -- Up-to-date: /home/dd/task/install/multi_map_nav_interfaces/local/lib/python3.10/dist-packages/multi_map_nav_interfaces/libmulti_map_nav_interfaces__rosidl_generator_py.so
[1.332s] -- Up-to-date: /home/dd/task/install/multi_map_nav_interfaces/local/lib/python3.10/dist-packages/multi_map_nav_interfaces/_multi_map_nav_interfaces_s.ep.rosidl_typesupport_introspection_c.c
[1.332s] -- Up-to-date: /home/dd/task/install/multi_map_nav_interfaces/local/lib/python3.10/dist-packages/multi_map_nav_interfaces/_multi_map_nav_interfaces_s.ep.rosidl_typesupport_fastrtps_c.c
[1.437s] Listing '/home/dd/task/install/multi_map_nav_interfaces/local/lib/python3.10/dist-packages/multi_map_nav_interfaces'...
[1.438s] Listing '/home/dd/task/install/multi_map_nav_interfaces/local/lib/python3.10/dist-packages/multi_map_nav_interfaces/action'...
[1.459s] -- Up-to-date: /home/dd/task/install/multi_map_nav_interfaces/local/lib/python3.10/dist-packages/multi_map_nav_interfaces/multi_map_nav_interfaces_s__rosidl_typesupport_fastrtps_c.cpython-310-x86_64-linux-gnu.so
[1.460s] -- Up-to-date: /home/dd/task/install/multi_map_nav_interfaces/local/lib/python3.10/dist-packages/multi_map_nav_interfaces/multi_map_nav_interfaces_s__rosidl_typesupport_introspection_c.cpython-310-x86_64-linux-gnu.so
[1.461s] -- Up-to-date: /home/dd/task/install/multi_map_nav_interfaces/local/lib/python3.10/dist-packages/multi_map_nav_interfaces/multi_map_nav_interfaces_s__rosidl_typesupport_c.cpython-310-x86_64-linux-gnu.so
[1.462s] -- Up-to-date: /home/dd/task/install/multi_map_nav_interfaces/lib/libmulti_map_nav_interfaces__rosidl_generator_py.so
[1.462s] -- Up-to-date: /home/dd/task/install/multi_map_nav_interfaces/share/multi_map_nav_interfaces/action/MultiMapNavigate.idl
[1.463s] -- Up-to-date: /home/dd/task/install/multi_map_nav_interfaces/share/multi_map_nav_interfaces/action/MultiMapNavigate.action
[1.464s] -- Up-to-date: /home/dd/task/install/multi_map_nav_interfaces/share/ament_index/resource_index/package_run_dependencies/multi_map_nav_interfaces
[1.465s] -- Up-to-date: /home/dd/task/install/multi_map_nav_interfaces/share/ament_index/resource_index/parent_prefix_path/multi_map_nav_interfaces
[1.466s] -- Up-to-date: /home/dd/task/install/multi_map_nav_interfaces/share/multi_map_nav_interfaces/environment/ament_prefix_path.sh
[1.466s] -- Up-to-date: /home/dd/task/install/multi_map_nav_interfaces/share/multi_map_nav_interfaces/environment/ament_prefix_path.dsv
[1.466s] -- Up-to-date: /home/dd/task/install/multi_map_nav_interfaces/share/multi_map_nav_interfaces/environment/path.sh
[1.466s] -- Up-to-date: /home/dd/task/install/multi_map_nav_interfaces/share/multi_map_nav_interfaces/environment/path.dsv
[1.466s] -- Up-to-date: /home/dd/task/install/multi_map_nav_interfaces/share/multi_map_nav_interfaces/local_setup.bash
[1.467s] -- Up-to-date: /home/dd/task/install/multi_map_nav_interfaces/share/multi_map_nav_interfaces/local_setup.sh
[1.467s] -- Up-to-date: /home/dd/task/install/multi_map_nav_interfaces/share/multi_map_nav_interfaces/local_setup.zsh
[1.469s] -- Up-to-date: /home/dd/task/install/multi_map_nav_interfaces/share/multi_map_nav_interfaces/local_setup.dsv
[1.470s] -- Installing: /home/dd/task/install/multi_map_nav_interfaces/share/multi_map_nav_interfaces/package.dsv
[1.471s] -- Up-to-date: /home/dd/task/install/multi_map_nav_interfaces/share/ament_index/resource_index/packages/multi_map_nav_interfaces
[1.471s] -- Up-to-date: /home/dd/task/install/multi_map_nav_interfaces/share/multi_map_nav_interfaces/cmake/export_multi_map_nav_interfaces__rosidl_generator_cExport.cmake
[1.471s] -- Up-to-date: /home/dd/task/install/multi_map_nav_interfaces/share/multi_map_nav_interfaces/cmake/export_multi_map_nav_interfaces__rosidl_generator_cExport-noconfig.cmake
[1.471s] -- Up-to-date: /home/dd/task/install/multi_map_nav_interfaces/share/multi_map_nav_interfaces/cmake/export_multi_map_nav_interfaces__rosidl_typesupport_fastrtps_cExport.cmake
[1.472s] -- Up-to-date: /home/dd/task/install/multi_map_nav_interfaces/share/multi_map_nav_interfaces/cmake/export_multi_map_nav_interfaces__rosidl_typesupport_fastrtps_cExport-noconfig.cmake
[1.472s] -- Up-to-date: /home/dd/task/install/multi_map_nav_interfaces/share/multi_map_nav_interfaces/cmake/multi_map_nav_interfaces__rosidl_typesupport_introspection_cExport.cmake
[1.472s] -- Up-to-date: /home/dd/task/install/multi_map_nav_interfaces/share/multi_map_nav_interfaces/cmake/multi_map_nav_interfaces__rosidl_typesupport_introspection_cExport-noconfig.cmake
[1.473s] -- Up-to-date: /home/dd/task/install/multi_map_nav_interfaces/share/multi_map_nav_interfaces/cmake/multi_map_nav_interfaces__rosidl_typesupport_cExport.cmake
[1.473s] -- Up-to-date: /home/dd/task/install/multi_map_nav_interfaces/share/multi_map_nav_interfaces/cmake/multi_map_nav_interfaces__rosidl_typesupport_cExport-noconfig.cmake
[1.473s] -- Up-to-date: /home/dd/task/install/multi_map_nav_interfaces/share/multi_map_nav_interfaces/cmake/export_multi_map_nav_interfaces__rosidl_generator_cppExport.cmake
[1.473s] -- Up-to-date: /home/dd/task/install/multi_map_nav_interfaces/share/multi_map_nav_interfaces/cmake/export_multi_map_nav_interfaces__rosidl_typesupport_fastrtps_cppExport.cmake
[1.473s] -- Up-to-date: /home/dd/task/install/multi_map_nav_interfaces/share/multi_map_nav_interfaces/cmake/export_multi_map_nav_interfaces__rosidl_typesupport_fastrtps_cppExport-noconfig.cmake
[1.473s] -- Up-to-date: /home/dd/task/install/multi_map_nav_interfaces/share/multi_map_nav_interfaces/cmake/multi_map_nav_interfaces__rosidl_typesupport_introspection_cppExport.cmake
[1.474s] -- Up-to-date: /home/dd/task/install/multi_map_nav_interfaces/share/multi_map_nav_interfaces/cmake/multi_map_nav_interfaces__rosidl_typesupport_introspection_cppExport-noconfig.cmake
[1.474s] -- Up-to-date: /home/dd/task/install/multi_map_nav_interfaces/share/multi_map_nav_interfaces/cmake/multi_map_nav_interfaces__rosidl_typesupport_cppExport.cmake
[1.474s] -- Up-to-date: /home/dd/task/install/multi_map_nav_interfaces/share/multi_map_nav_interfaces/cmake/multi_map_nav_interfaces__rosidl_typesupport_cppExport-noconfig.cmake
[1.474s] -- Up-to-date: /home/dd/task/install/multi_map_nav_interfaces/share/multi_map_nav_interfaces/cmake/export_multi_map_nav_interfaces__rosidl_generator_pyExport.cmake
[1.474s] -- Up-to-date: /home/dd/task/install/multi_map_nav_interfaces/share/multi_map_nav_interfaces/cmake/export_multi_map_nav_interfaces__rosidl_generator_pyExport-noconfig.cmake
[1.474s] -- Up-to-date: /home/dd/task/install/multi_map_nav_interfaces/share/multi_map_nav_interfaces/cmake/rosidl_cmake-extras.cmake
[1.475s] -- Up-to-date: /home/dd/task/install/multi_map_nav_interfaces/share/multi_map_nav_interfaces/cmake/ament_cmake_export_dependencies-extras.cmake
[1.475s] -- Up-to-date: /home/dd/task/install/multi_map_nav_interfaces/share/multi_map_nav_interfaces/cmake/ament_cmake_export_include_directories-extras.cmake
[1.475s] -- Up-to-date: /home/dd/task/install/multi_map_nav_interfaces/share/multi_map_nav_interfaces/cmake/ament_cmake_export_libraries-extras.cmake
[1.477s] -- Up-to-date: /home/dd/task/install/multi_map_nav_interfaces/share/multi_map_nav_interfaces/cmake/ament_cmake_export_targets-extras.cmake
[1.477s] -- Up-to-date: /home/dd/task/install/multi_map_nav_interfaces/share/multi_map_nav_interfaces/cmake/rosidl_cmake_export_typesupport_targets-extras.cmake
[1.478s] -- Up-to-date: /home/dd/task/install/multi_map_nav_interfaces/share/multi_map_nav_interfaces/cmake/rosidl_cmake_export_typesupport_libraries-extras.cmake
[1.478s] -- Up-to-date: /home/dd/task/install/multi_map_nav_interfaces/share/multi_map_nav_interfaces/cmake/multi_map_nav_interfacesConfig.cmake
[1.478s] -- Up-to-date: /home/dd/task/install/multi_map_nav_interfaces/share/multi_map_nav_interfaces/cmake/multi_map_nav_interfacesConfig-version.cmake
[1.478s] -- Up-to-date: /home/dd/task/install/multi_map_nav_interfaces/share/multi_map_nav_interfaces/package.xml
[1.478s] Invoked command in '/home/dd/task/build/multi_map_nav_interfaces' returned '0': /usr/bin/cmake --install /home/dd/task/build/multi_map_nav_interfaces
