[35m[1mConsolidate compiler generated dependencies of target multi_map_navigator_server[0m
[35m[1mConsolidate compiler generated dependencies of target multi_map_navigator_node[0m
[ 18%] Built target multi_map_test_client
[ 36%] Built target amcl_reset_node
[ 54%] Built target map_loader_node
[ 63%] [32mBuilding CXX object CMakeFiles/multi_map_navigator_server.dir/src/multi_map_navigator_server.cpp.o[0m
[ 72%] [32mBuilding CXX object CMakeFiles/multi_map_navigator_node.dir/src/main.cpp.o[0m
[ 81%] [32mBuilding CXX object CMakeFiles/multi_map_navigator_node.dir/src/multi_map_navigator.cpp.o[0m
[01m[K/home/dd/task/src/multi_map_nav/src/multi_map_navigator_server.cpp:[m[K In member function ‘[01m[Krclcpp_action::CancelResponse MultiMapNavigatorServer::handle_cancel(std::shared_ptr<rclcpp_action::ServerGoalHandle<multi_map_nav_interfaces::action::MultiMapNavigate> >)[m[K’:
[01m[K/home/dd/task/src/multi_map_nav/src/multi_map_navigator_server.cpp:36:55:[m[K [01;35m[Kwarning: [m[Kunused parameter ‘[01m[Kgoal_handle[m[K’ [[01;35m[K]8;;https://gcc.gnu.org/onlinedocs/gcc/Warning-Options.html#index-Wunused-parameter-Wunused-parameter]8;;[m[K]
   36 |     [01;35m[Kconst std::shared_ptr<GoalHandleMultiMapNavigate> goal_handle[m[K)
      |     [01;35m[K~~~~~~~~~~~~~~~~~~~~~~~~~~~~~~~~~~~~~~~~~~~~~~~~~~^~~~~~~~~~~[m[K
[100%] [32m[1mLinking CXX executable multi_map_navigator_server[0m
[100%] [32m[1mLinking CXX executable multi_map_navigator_node[0m
[100%] Built target multi_map_navigator_server
[100%] Built target multi_map_navigator_node
-- Install configuration: ""
-- Installing: /home/dd/task/install/multi_map_nav/lib/multi_map_nav/multi_map_navigator_node
-- Set runtime path of "/home/dd/task/install/multi_map_nav/lib/multi_map_nav/multi_map_navigator_node" to ""
-- Installing: /home/dd/task/install/multi_map_nav/lib/multi_map_nav/multi_map_navigator_server
-- Set runtime path of "/home/dd/task/install/multi_map_nav/lib/multi_map_nav/multi_map_navigator_server" to ""
-- Up-to-date: /home/dd/task/install/multi_map_nav/lib/multi_map_nav/map_loader_node
-- Up-to-date: /home/dd/task/install/multi_map_nav/lib/multi_map_nav/amcl_reset_node
-- Up-to-date: /home/dd/task/install/multi_map_nav/lib/multi_map_nav/multi_map_test_client
-- Up-to-date: /home/dd/task/install/multi_map_nav/share/multi_map_nav/launch
-- Up-to-date: /home/dd/task/install/multi_map_nav/share/multi_map_nav/launch/bringup.launch.py
-- Up-to-date: /home/dd/task/install/multi_map_nav/share/multi_map_nav/maps
-- Up-to-date: /home/dd/task/install/multi_map_nav/share/multi_map_nav/maps/room1.png
-- Up-to-date: /home/dd/task/install/multi_map_nav/share/multi_map_nav/maps/room2.pgm
-- Up-to-date: /home/dd/task/install/multi_map_nav/share/multi_map_nav/maps/room2.yaml
-- Up-to-date: /home/dd/task/install/multi_map_nav/share/multi_map_nav/maps/room1.pgm
-- Up-to-date: /home/dd/task/install/multi_map_nav/share/multi_map_nav/maps/room2.png
-- Up-to-date: /home/dd/task/install/multi_map_nav/share/multi_map_nav/maps/room1.yaml
-- Up-to-date: /home/dd/task/install/multi_map_nav/share/ament_index/resource_index/package_run_dependencies/multi_map_nav
-- Installing: /home/dd/task/install/multi_map_nav/share/ament_index/resource_index/parent_prefix_path/multi_map_nav
-- Up-to-date: /home/dd/task/install/multi_map_nav/share/multi_map_nav/environment/ament_prefix_path.sh
-- Installing: /home/dd/task/install/multi_map_nav/share/multi_map_nav/environment/ament_prefix_path.dsv
-- Up-to-date: /home/dd/task/install/multi_map_nav/share/multi_map_nav/environment/path.sh
-- Installing: /home/dd/task/install/multi_map_nav/share/multi_map_nav/environment/path.dsv
-- Up-to-date: /home/dd/task/install/multi_map_nav/share/multi_map_nav/local_setup.bash
-- Up-to-date: /home/dd/task/install/multi_map_nav/share/multi_map_nav/local_setup.sh
-- Up-to-date: /home/dd/task/install/multi_map_nav/share/multi_map_nav/local_setup.zsh
-- Installing: /home/dd/task/install/multi_map_nav/share/multi_map_nav/local_setup.dsv
-- Installing: /home/dd/task/install/multi_map_nav/share/multi_map_nav/package.dsv
-- Up-to-date: /home/dd/task/install/multi_map_nav/share/ament_index/resource_index/packages/multi_map_nav
-- Up-to-date: /home/dd/task/install/multi_map_nav/share/multi_map_nav/cmake/multi_map_navConfig.cmake
-- Up-to-date: /home/dd/task/install/multi_map_nav/share/multi_map_nav/cmake/multi_map_navConfig-version.cmake
-- Up-to-date: /home/dd/task/install/multi_map_nav/share/multi_map_nav/package.xml
