[0.025s] Invoking command in '/home/dd/task/build/multi_map_nav': CMAKE_PREFIX_PATH=/opt/ros/humble:/home/dd/task/install/multi_map_nav_interfaces:/home/dd/task/install/multi_map_nav /usr/bin/cmake --build /home/dd/task/build/multi_map_nav -- -j8 -l8
[0.128s] [35m[1mConsolidate compiler generated dependencies of target multi_map_navigator_server[0m
[0.133s] [35m[1mConsolidate compiler generated dependencies of target multi_map_navigator_node[0m
[0.156s] [ 18%] Built target multi_map_test_client
[0.160s] [ 36%] Built target amcl_reset_node
[0.161s] [ 54%] Built target map_loader_node
[0.189s] [ 63%] [32mBuilding CXX object CMakeFiles/multi_map_navigator_server.dir/src/multi_map_navigator_server.cpp.o[0m
[0.191s] [ 72%] [32mBuilding CXX object CMakeFiles/multi_map_navigator_node.dir/src/main.cpp.o[0m
[0.193s] [ 81%] [32mBuilding CXX object CMakeFiles/multi_map_navigator_node.dir/src/multi_map_navigator.cpp.o[0m
[9.574s] [01m[K/home/dd/task/src/multi_map_nav/src/multi_map_navigator_server.cpp:[m[K In member function ‘[01m[Krclcpp_action::CancelResponse MultiMapNavigatorServer::handle_cancel(std::shared_ptr<rclcpp_action::ServerGoalHandle<multi_map_nav_interfaces::action::MultiMapNavigate> >)[m[K’:
[9.575s] [01m[K/home/dd/task/src/multi_map_nav/src/multi_map_navigator_server.cpp:36:55:[m[K [01;35m[Kwarning: [m[Kunused parameter ‘[01m[Kgoal_handle[m[K’ [[01;35m[K]8;;https://gcc.gnu.org/onlinedocs/gcc/Warning-Options.html#index-Wunused-parameter-Wunused-parameter]8;;[m[K]
[9.575s]    36 |     [01;35m[Kconst std::shared_ptr<GoalHandleMultiMapNavigate> goal_handle[m[K)
[9.576s]       |     [01;35m[K~~~~~~~~~~~~~~~~~~~~~~~~~~~~~~~~~~~~~~~~~~~~~~~~~~^~~~~~~~~~~[m[K
[18.201s] [100%] [32m[1mLinking CXX executable multi_map_navigator_server[0m
[18.201s] [100%] [32m[1mLinking CXX executable multi_map_navigator_node[0m
[20.613s] [100%] Built target multi_map_navigator_server
[21.029s] [100%] Built target multi_map_navigator_node
[21.056s] Invoked command in '/home/dd/task/build/multi_map_nav' returned '0': CMAKE_PREFIX_PATH=/opt/ros/humble:/home/dd/task/install/multi_map_nav_interfaces:/home/dd/task/install/multi_map_nav /usr/bin/cmake --build /home/dd/task/build/multi_map_nav -- -j8 -l8
[21.059s] Invoking command in '/home/dd/task/build/multi_map_nav': CMAKE_PREFIX_PATH=/opt/ros/humble:/home/dd/task/install/multi_map_nav_interfaces:/home/dd/task/install/multi_map_nav /usr/bin/cmake --install /home/dd/task/build/multi_map_nav
[21.075s] -- Install configuration: ""
[21.120s] -- Installing: /home/dd/task/install/multi_map_nav/lib/multi_map_nav/multi_map_navigator_node
[21.123s] -- Set runtime path of "/home/dd/task/install/multi_map_nav/lib/multi_map_nav/multi_map_navigator_node" to ""
[21.123s] -- Installing: /home/dd/task/install/multi_map_nav/lib/multi_map_nav/multi_map_navigator_server
[21.127s] -- Set runtime path of "/home/dd/task/install/multi_map_nav/lib/multi_map_nav/multi_map_navigator_server" to ""
[21.141s] -- Up-to-date: /home/dd/task/install/multi_map_nav/lib/multi_map_nav/map_loader_node
[21.166s] -- Up-to-date: /home/dd/task/install/multi_map_nav/lib/multi_map_nav/amcl_reset_node
[21.186s] -- Up-to-date: /home/dd/task/install/multi_map_nav/lib/multi_map_nav/multi_map_test_client
[21.187s] -- Up-to-date: /home/dd/task/install/multi_map_nav/share/multi_map_nav/launch
[21.192s] -- Up-to-date: /home/dd/task/install/multi_map_nav/share/multi_map_nav/launch/bringup.launch.py
[21.193s] -- Up-to-date: /home/dd/task/install/multi_map_nav/share/multi_map_nav/maps
[21.193s] -- Up-to-date: /home/dd/task/install/multi_map_nav/share/multi_map_nav/maps/room1.png
[21.201s] -- Up-to-date: /home/dd/task/install/multi_map_nav/share/multi_map_nav/maps/room2.pgm
[21.201s] -- Up-to-date: /home/dd/task/install/multi_map_nav/share/multi_map_nav/maps/room2.yaml
[21.202s] -- Up-to-date: /home/dd/task/install/multi_map_nav/share/multi_map_nav/maps/room1.pgm
[21.202s] -- Up-to-date: /home/dd/task/install/multi_map_nav/share/multi_map_nav/maps/room2.png
[21.202s] -- Up-to-date: /home/dd/task/install/multi_map_nav/share/multi_map_nav/maps/room1.yaml
[21.202s] -- Up-to-date: /home/dd/task/install/multi_map_nav/share/ament_index/resource_index/package_run_dependencies/multi_map_nav
[21.203s] -- Installing: /home/dd/task/install/multi_map_nav/share/ament_index/resource_index/parent_prefix_path/multi_map_nav
[21.221s] -- Up-to-date: /home/dd/task/install/multi_map_nav/share/multi_map_nav/environment/ament_prefix_path.sh
[21.222s] -- Installing: /home/dd/task/install/multi_map_nav/share/multi_map_nav/environment/ament_prefix_path.dsv
[21.222s] -- Up-to-date: /home/dd/task/install/multi_map_nav/share/multi_map_nav/environment/path.sh
[21.223s] -- Installing: /home/dd/task/install/multi_map_nav/share/multi_map_nav/environment/path.dsv
[21.223s] -- Up-to-date: /home/dd/task/install/multi_map_nav/share/multi_map_nav/local_setup.bash
[21.224s] -- Up-to-date: /home/dd/task/install/multi_map_nav/share/multi_map_nav/local_setup.sh
[21.224s] -- Up-to-date: /home/dd/task/install/multi_map_nav/share/multi_map_nav/local_setup.zsh
[21.224s] -- Installing: /home/dd/task/install/multi_map_nav/share/multi_map_nav/local_setup.dsv
[21.224s] -- Installing: /home/dd/task/install/multi_map_nav/share/multi_map_nav/package.dsv
[21.237s] -- Up-to-date: /home/dd/task/install/multi_map_nav/share/ament_index/resource_index/packages/multi_map_nav
[21.238s] -- Up-to-date: /home/dd/task/install/multi_map_nav/share/multi_map_nav/cmake/multi_map_navConfig.cmake
[21.238s] -- Up-to-date: /home/dd/task/install/multi_map_nav/share/multi_map_nav/cmake/multi_map_navConfig-version.cmake
[21.239s] -- Up-to-date: /home/dd/task/install/multi_map_nav/share/multi_map_nav/package.xml
[21.243s] Invoked command in '/home/dd/task/build/multi_map_nav' returned '0': CMAKE_PREFIX_PATH=/opt/ros/humble:/home/dd/task/install/multi_map_nav_interfaces:/home/dd/task/install/multi_map_nav /usr/bin/cmake --install /home/dd/task/build/multi_map_nav
