-- The C compiler identification is GNU 11.4.0
-- The CXX compiler identification is GNU 11.4.0
-- Detecting C compiler ABI info
-- Detecting C compiler ABI info - done
-- Check for working C compiler: /usr/bin/cc - skipped
-- Detecting C compile features
-- Detecting C compile features - done
-- Detecting CXX compiler ABI info
-- Detecting CXX compiler ABI info - done
-- Check for working CXX compiler: /usr/bin/c++ - skipped
-- Detecting CXX compile features
-- Detecting CXX compile features - done
-- Found ament_cmake: 1.3.11 (/opt/ros/humble/share/ament_cmake/cmake)
-- Found Python3: /usr/bin/python3 (found version "3.10.12") found components: Interpreter 
-- Found rclcpp: 16.0.12 (/opt/ros/humble/share/rclcpp/cmake)
-- Found rosidl_generator_c: 3.1.6 (/opt/ros/humble/share/rosidl_generator_c/cmake)
-- Found rosidl_adapter: 3.1.6 (/opt/ros/humble/share/rosidl_adapter/cmake)
-- Found rosidl_generator_cpp: 3.1.6 (/opt/ros/humble/share/rosidl_generator_cpp/cmake)
-- Using all available rosidl_typesupport_c: rosidl_typesupport_fastrtps_c;rosidl_typesupport_introspection_c
-- Using all available rosidl_typesupport_cpp: rosidl_typesupport_fastrtps_cpp;rosidl_typesupport_introspection_cpp
-- Found rmw_implementation_cmake: 6.1.2 (/opt/ros/humble/share/rmw_implementation_cmake/cmake)
-- Found rmw_fastrtps_cpp: 6.2.7 (/opt/ros/humble/share/rmw_fastrtps_cpp/cmake)
-- Found OpenSSL: /usr/lib/x86_64-linux-gnu/libcrypto.so (found version "3.0.2")  
-- Found FastRTPS: /opt/ros/humble/include  
-- Using RMW implementation 'rmw_fastrtps_cpp' as default
-- Looking for pthread.h
-- Looking for pthread.h - found
-- Performing Test CMAKE_HAVE_LIBC_PTHREAD
-- Performing Test CMAKE_HAVE_LIBC_PTHREAD - Success
-- Found Threads: TRUE  
-- Found rclcpp_action: 16.0.12 (/opt/ros/humble/share/rclcpp_action/cmake)
-- Found nav2_msgs: 1.1.18 (/opt/ros/humble/share/nav2_msgs/cmake)
-- Found sqlite3_vendor: 0.15.14 (/opt/ros/humble/share/sqlite3_vendor/cmake)
-- Found multi_map_nav_interfaces: 0.0.1 (/home/dd/task/install/multi_map_nav_interfaces/share/multi_map_nav_interfaces/cmake)
-- Found std_srvs: 4.8.0 (/opt/ros/humble/share/std_srvs/cmake)
-- Found nav2_amcl: 1.1.18 (/opt/ros/humble/share/nav2_amcl/cmake)
-- Found eigen3_cmake_module: 0.1.1 (/opt/ros/humble/share/eigen3_cmake_module/cmake)
-- Found Eigen3: TRUE (found version "3.4.0") 
-- Ensuring Eigen3 include directory is part of orocos-kdl CMake target
-- Configuring done
-- Generating done
-- Build files have been written to: /home/dd/task/build/multi_map_nav
[ 57%] [32mBuilding CXX object CMakeFiles/multi_map_navigator_node.dir/src/multi_map_navigator.cpp.o[0m
[ 42%] [32mBuilding CXX object CMakeFiles/multi_map_navigator_node.dir/src/main.cpp.o[0m
[ 57%] [32mBuilding CXX object CMakeFiles/amcl_reset_node.dir/src/amcl_reset_node.cpp.o[0m
[ 57%] [32mBuilding CXX object CMakeFiles/map_loader_node.dir/src/map_loader.cpp.o[0m
[ 71%] [32m[1mLinking CXX executable map_loader_node[0m
[ 71%] Built target map_loader_node
[ 85%] [32m[1mLinking CXX executable amcl_reset_node[0m
[100%] [32m[1mLinking CXX executable multi_map_navigator_node[0m
[100%] Built target amcl_reset_node
[100%] Built target multi_map_navigator_node
-- Install configuration: ""
-- Installing: /home/dd/task/install/multi_map_nav/lib/multi_map_nav/multi_map_navigator_node
-- Set runtime path of "/home/dd/task/install/multi_map_nav/lib/multi_map_nav/multi_map_navigator_node" to ""
-- Installing: /home/dd/task/install/multi_map_nav/lib/multi_map_nav/map_loader_node
-- Set runtime path of "/home/dd/task/install/multi_map_nav/lib/multi_map_nav/map_loader_node" to ""
-- Installing: /home/dd/task/install/multi_map_nav/lib/multi_map_nav/amcl_reset_node
-- Set runtime path of "/home/dd/task/install/multi_map_nav/lib/multi_map_nav/amcl_reset_node" to ""
-- Installing: /home/dd/task/install/multi_map_nav/share/multi_map_nav/launch
-- Installing: /home/dd/task/install/multi_map_nav/share/multi_map_nav/launch/bringup.launch.py
-- Installing: /home/dd/task/install/multi_map_nav/share/multi_map_nav/maps
-- Installing: /home/dd/task/install/multi_map_nav/share/multi_map_nav/maps/room1.png
-- Installing: /home/dd/task/install/multi_map_nav/share/multi_map_nav/maps/room2.pgm
-- Installing: /home/dd/task/install/multi_map_nav/share/multi_map_nav/maps/room2.yaml
-- Installing: /home/dd/task/install/multi_map_nav/share/multi_map_nav/maps/room1.pgm
-- Installing: /home/dd/task/install/multi_map_nav/share/multi_map_nav/maps/room2.png
-- Installing: /home/dd/task/install/multi_map_nav/share/multi_map_nav/maps/room1.yaml
-- Installing: /home/dd/task/install/multi_map_nav/share/ament_index/resource_index/package_run_dependencies/multi_map_nav
-- Installing: /home/dd/task/install/multi_map_nav/share/ament_index/resource_index/parent_prefix_path/multi_map_nav
-- Installing: /home/dd/task/install/multi_map_nav/share/multi_map_nav/environment/ament_prefix_path.sh
-- Installing: /home/dd/task/install/multi_map_nav/share/multi_map_nav/environment/ament_prefix_path.dsv
-- Installing: /home/dd/task/install/multi_map_nav/share/multi_map_nav/environment/path.sh
-- Installing: /home/dd/task/install/multi_map_nav/share/multi_map_nav/environment/path.dsv
-- Installing: /home/dd/task/install/multi_map_nav/share/multi_map_nav/local_setup.bash
-- Installing: /home/dd/task/install/multi_map_nav/share/multi_map_nav/local_setup.sh
-- Installing: /home/dd/task/install/multi_map_nav/share/multi_map_nav/local_setup.zsh
-- Installing: /home/dd/task/install/multi_map_nav/share/multi_map_nav/local_setup.dsv
-- Installing: /home/dd/task/install/multi_map_nav/share/multi_map_nav/package.dsv
-- Installing: /home/dd/task/install/multi_map_nav/share/ament_index/resource_index/packages/multi_map_nav
-- Installing: /home/dd/task/install/multi_map_nav/share/multi_map_nav/cmake/multi_map_navConfig.cmake
-- Installing: /home/dd/task/install/multi_map_nav/share/multi_map_nav/cmake/multi_map_navConfig-version.cmake
-- Installing: /home/dd/task/install/multi_map_nav/share/multi_map_nav/package.xml
