[0.011s] Invoking command in '/home/dd/task/build/multi_map_nav': CMAKE_PREFIX_PATH=/opt/ros/humble:/home/dd/task/install/multi_map_nav_interfaces LD_LIBRARY_PATH=/home/dd/task/install/multi_map_nav_interfaces/lib:${LD_LIBRARY_PATH} PKG_CONFIG_PATH=/home/dd/task/install/multi_map_nav_interfaces/lib/x86_64-linux-gnu/pkgconfig:/home/dd/task/install/multi_map_nav_interfaces/lib/pkgconfig PYTHONPATH=/home/dd/task/install/multi_map_nav_interfaces/local/lib/python3.10/dist-packages:${PYTHONPATH} ROS_PACKAGE_PATH=/home/dd/task/install/multi_map_nav_interfaces/share /usr/bin/cmake /home/dd/task/src/multi_map_nav -DCMAKE_INSTALL_PREFIX=/home/dd/task/install/multi_map_nav
[0.078s] -- The C compiler identification is GNU 11.4.0
[0.145s] -- The CXX compiler identification is GNU 11.4.0
[0.153s] -- Detecting C compiler ABI info
[0.231s] -- Detecting C compiler ABI info - done
[0.240s] -- Check for working C compiler: /usr/bin/cc - skipped
[0.240s] -- Detecting C compile features
[0.241s] -- Detecting C compile features - done
[0.244s] -- Detecting CXX compiler ABI info
[0.336s] -- Detecting CXX compiler ABI info - done
[0.345s] -- Check for working CXX compiler: /usr/bin/c++ - skipped
[0.345s] -- Detecting CXX compile features
[0.346s] -- Detecting CXX compile features - done
[0.349s] -- Found ament_cmake: 1.3.11 (/opt/ros/humble/share/ament_cmake/cmake)
[0.526s] -- Found Python3: /usr/bin/python3 (found version "3.10.12") found components: Interpreter 
[0.642s] -- Found rclcpp: 16.0.12 (/opt/ros/humble/share/rclcpp/cmake)
[0.693s] -- Found rosidl_generator_c: 3.1.6 (/opt/ros/humble/share/rosidl_generator_c/cmake)
[0.699s] -- Found rosidl_adapter: 3.1.6 (/opt/ros/humble/share/rosidl_adapter/cmake)
[0.709s] -- Found rosidl_generator_cpp: 3.1.6 (/opt/ros/humble/share/rosidl_generator_cpp/cmake)
[0.722s] -- Using all available rosidl_typesupport_c: rosidl_typesupport_fastrtps_c;rosidl_typesupport_introspection_c
[0.740s] -- Using all available rosidl_typesupport_cpp: rosidl_typesupport_fastrtps_cpp;rosidl_typesupport_introspection_cpp
[0.793s] -- Found rmw_implementation_cmake: 6.1.2 (/opt/ros/humble/share/rmw_implementation_cmake/cmake)
[0.796s] -- Found rmw_fastrtps_cpp: 6.2.7 (/opt/ros/humble/share/rmw_fastrtps_cpp/cmake)
[0.889s] -- Found OpenSSL: /usr/lib/x86_64-linux-gnu/libcrypto.so (found version "3.0.2")  
[0.921s] -- Found FastRTPS: /opt/ros/humble/include  
[0.967s] -- Using RMW implementation 'rmw_fastrtps_cpp' as default
[0.978s] -- Looking for pthread.h
[1.123s] -- Looking for pthread.h - found
[1.124s] -- Performing Test CMAKE_HAVE_LIBC_PTHREAD
[1.213s] -- Performing Test CMAKE_HAVE_LIBC_PTHREAD - Success
[1.214s] -- Found Threads: TRUE  
[1.277s] -- Found rclcpp_action: 16.0.12 (/opt/ros/humble/share/rclcpp_action/cmake)
[1.317s] -- Found nav2_msgs: 1.1.18 (/opt/ros/humble/share/nav2_msgs/cmake)
[1.385s] -- Found sqlite3_vendor: 0.15.14 (/opt/ros/humble/share/sqlite3_vendor/cmake)
[1.387s] -- Found multi_map_nav_interfaces: 0.0.1 (/home/dd/task/install/multi_map_nav_interfaces/share/multi_map_nav_interfaces/cmake)
[1.410s] -- Found std_srvs: 4.8.0 (/opt/ros/humble/share/std_srvs/cmake)
[1.421s] -- Found nav2_amcl: 1.1.18 (/opt/ros/humble/share/nav2_amcl/cmake)
[1.499s] -- Found eigen3_cmake_module: 0.1.1 (/opt/ros/humble/share/eigen3_cmake_module/cmake)
[1.501s] -- Found Eigen3: TRUE (found version "3.4.0") 
[1.501s] -- Ensuring Eigen3 include directory is part of orocos-kdl CMake target
[1.743s] -- Configuring done
[2.515s] -- Generating done
[2.528s] -- Build files have been written to: /home/dd/task/build/multi_map_nav
[2.541s] Invoked command in '/home/dd/task/build/multi_map_nav' returned '0': CMAKE_PREFIX_PATH=/opt/ros/humble:/home/dd/task/install/multi_map_nav_interfaces LD_LIBRARY_PATH=/home/dd/task/install/multi_map_nav_interfaces/lib:${LD_LIBRARY_PATH} PKG_CONFIG_PATH=/home/dd/task/install/multi_map_nav_interfaces/lib/x86_64-linux-gnu/pkgconfig:/home/dd/task/install/multi_map_nav_interfaces/lib/pkgconfig PYTHONPATH=/home/dd/task/install/multi_map_nav_interfaces/local/lib/python3.10/dist-packages:${PYTHONPATH} ROS_PACKAGE_PATH=/home/dd/task/install/multi_map_nav_interfaces/share /usr/bin/cmake /home/dd/task/src/multi_map_nav -DCMAKE_INSTALL_PREFIX=/home/dd/task/install/multi_map_nav
[2.543s] Invoking command in '/home/dd/task/build/multi_map_nav': CMAKE_PREFIX_PATH=/opt/ros/humble:/home/dd/task/install/multi_map_nav_interfaces LD_LIBRARY_PATH=/home/dd/task/install/multi_map_nav_interfaces/lib:${LD_LIBRARY_PATH} PKG_CONFIG_PATH=/home/dd/task/install/multi_map_nav_interfaces/lib/x86_64-linux-gnu/pkgconfig:/home/dd/task/install/multi_map_nav_interfaces/lib/pkgconfig PYTHONPATH=/home/dd/task/install/multi_map_nav_interfaces/local/lib/python3.10/dist-packages:${PYTHONPATH} ROS_PACKAGE_PATH=/home/dd/task/install/multi_map_nav_interfaces/share /usr/bin/cmake --build /home/dd/task/build/multi_map_nav -- -j8 -l8
[2.611s] [ 57%] [32mBuilding CXX object CMakeFiles/multi_map_navigator_node.dir/src/multi_map_navigator.cpp.o[0m
[2.611s] [ 42%] [32mBuilding CXX object CMakeFiles/multi_map_navigator_node.dir/src/main.cpp.o[0m
[2.611s] [ 57%] [32mBuilding CXX object CMakeFiles/amcl_reset_node.dir/src/amcl_reset_node.cpp.o[0m
[2.611s] [ 57%] [32mBuilding CXX object CMakeFiles/map_loader_node.dir/src/map_loader.cpp.o[0m
[10.297s] [ 71%] [32m[1mLinking CXX executable map_loader_node[0m
[10.761s] [ 71%] Built target map_loader_node
[11.883s] [ 85%] [32m[1mLinking CXX executable amcl_reset_node[0m
[12.563s] [100%] [32m[1mLinking CXX executable multi_map_navigator_node[0m
[12.884s] [100%] Built target amcl_reset_node
[13.172s] [100%] Built target multi_map_navigator_node
[13.206s] Invoked command in '/home/dd/task/build/multi_map_nav' returned '0': CMAKE_PREFIX_PATH=/opt/ros/humble:/home/dd/task/install/multi_map_nav_interfaces LD_LIBRARY_PATH=/home/dd/task/install/multi_map_nav_interfaces/lib:${LD_LIBRARY_PATH} PKG_CONFIG_PATH=/home/dd/task/install/multi_map_nav_interfaces/lib/x86_64-linux-gnu/pkgconfig:/home/dd/task/install/multi_map_nav_interfaces/lib/pkgconfig PYTHONPATH=/home/dd/task/install/multi_map_nav_interfaces/local/lib/python3.10/dist-packages:${PYTHONPATH} ROS_PACKAGE_PATH=/home/dd/task/install/multi_map_nav_interfaces/share /usr/bin/cmake --build /home/dd/task/build/multi_map_nav -- -j8 -l8
[13.226s] Invoking command in '/home/dd/task/build/multi_map_nav': CMAKE_PREFIX_PATH=/opt/ros/humble:/home/dd/task/install/multi_map_nav_interfaces LD_LIBRARY_PATH=/home/dd/task/install/multi_map_nav_interfaces/lib:${LD_LIBRARY_PATH} PKG_CONFIG_PATH=/home/dd/task/install/multi_map_nav_interfaces/lib/x86_64-linux-gnu/pkgconfig:/home/dd/task/install/multi_map_nav_interfaces/lib/pkgconfig PYTHONPATH=/home/dd/task/install/multi_map_nav_interfaces/local/lib/python3.10/dist-packages:${PYTHONPATH} ROS_PACKAGE_PATH=/home/dd/task/install/multi_map_nav_interfaces/share /usr/bin/cmake --install /home/dd/task/build/multi_map_nav
[13.226s] -- Install configuration: ""
[13.227s] -- Installing: /home/dd/task/install/multi_map_nav/lib/multi_map_nav/multi_map_navigator_node
[13.227s] -- Set runtime path of "/home/dd/task/install/multi_map_nav/lib/multi_map_nav/multi_map_navigator_node" to ""
[13.228s] -- Installing: /home/dd/task/install/multi_map_nav/lib/multi_map_nav/map_loader_node
[13.228s] -- Set runtime path of "/home/dd/task/install/multi_map_nav/lib/multi_map_nav/map_loader_node" to ""
[13.228s] -- Installing: /home/dd/task/install/multi_map_nav/lib/multi_map_nav/amcl_reset_node
[13.229s] -- Set runtime path of "/home/dd/task/install/multi_map_nav/lib/multi_map_nav/amcl_reset_node" to ""
[13.229s] -- Installing: /home/dd/task/install/multi_map_nav/share/multi_map_nav/launch
[13.229s] -- Installing: /home/dd/task/install/multi_map_nav/share/multi_map_nav/launch/bringup.launch.py
[13.229s] -- Installing: /home/dd/task/install/multi_map_nav/share/multi_map_nav/maps
[13.230s] -- Installing: /home/dd/task/install/multi_map_nav/share/multi_map_nav/maps/room1.png
[13.253s] -- Installing: /home/dd/task/install/multi_map_nav/share/multi_map_nav/maps/room2.pgm
[13.275s] -- Installing: /home/dd/task/install/multi_map_nav/share/multi_map_nav/maps/room2.yaml
[13.289s] -- Installing: /home/dd/task/install/multi_map_nav/share/multi_map_nav/maps/room1.pgm
[13.316s] -- Installing: /home/dd/task/install/multi_map_nav/share/multi_map_nav/maps/room2.png
[13.343s] -- Installing: /home/dd/task/install/multi_map_nav/share/multi_map_nav/maps/room1.yaml
[13.349s] -- Installing: /home/dd/task/install/multi_map_nav/share/ament_index/resource_index/package_run_dependencies/multi_map_nav
[13.356s] -- Installing: /home/dd/task/install/multi_map_nav/share/ament_index/resource_index/parent_prefix_path/multi_map_nav
[13.357s] -- Installing: /home/dd/task/install/multi_map_nav/share/multi_map_nav/environment/ament_prefix_path.sh
[13.358s] -- Installing: /home/dd/task/install/multi_map_nav/share/multi_map_nav/environment/ament_prefix_path.dsv
[13.366s] -- Installing: /home/dd/task/install/multi_map_nav/share/multi_map_nav/environment/path.sh
[13.367s] -- Installing: /home/dd/task/install/multi_map_nav/share/multi_map_nav/environment/path.dsv
[13.368s] -- Installing: /home/dd/task/install/multi_map_nav/share/multi_map_nav/local_setup.bash
[13.368s] -- Installing: /home/dd/task/install/multi_map_nav/share/multi_map_nav/local_setup.sh
[13.369s] -- Installing: /home/dd/task/install/multi_map_nav/share/multi_map_nav/local_setup.zsh
[13.370s] -- Installing: /home/dd/task/install/multi_map_nav/share/multi_map_nav/local_setup.dsv
[13.371s] -- Installing: /home/dd/task/install/multi_map_nav/share/multi_map_nav/package.dsv
[13.373s] -- Installing: /home/dd/task/install/multi_map_nav/share/ament_index/resource_index/packages/multi_map_nav
[13.374s] -- Installing: /home/dd/task/install/multi_map_nav/share/multi_map_nav/cmake/multi_map_navConfig.cmake
[13.375s] -- Installing: /home/dd/task/install/multi_map_nav/share/multi_map_nav/cmake/multi_map_navConfig-version.cmake
[13.376s] -- Installing: /home/dd/task/install/multi_map_nav/share/multi_map_nav/package.xml
[13.385s] Invoked command in '/home/dd/task/build/multi_map_nav' returned '0': CMAKE_PREFIX_PATH=/opt/ros/humble:/home/dd/task/install/multi_map_nav_interfaces LD_LIBRARY_PATH=/home/dd/task/install/multi_map_nav_interfaces/lib:${LD_LIBRARY_PATH} PKG_CONFIG_PATH=/home/dd/task/install/multi_map_nav_interfaces/lib/x86_64-linux-gnu/pkgconfig:/home/dd/task/install/multi_map_nav_interfaces/lib/pkgconfig PYTHONPATH=/home/dd/task/install/multi_map_nav_interfaces/local/lib/python3.10/dist-packages:${PYTHONPATH} ROS_PACKAGE_PATH=/home/dd/task/install/multi_map_nav_interfaces/share /usr/bin/cmake --install /home/dd/task/build/multi_map_nav
