[0.019s] Invoking command in '/home/dd/task/build/multi_map_nav': CMAKE_PREFIX_PATH=/opt/ros/humble:/home/dd/task/install/multi_map_nav_interfaces:/home/dd/task/install/multi_map_nav /usr/bin/cmake --build /home/dd/task/build/multi_map_nav -- -j8 -l8
[0.110s] [35m[1mConsolidate compiler generated dependencies of target multi_map_navigator_node[0m
[0.134s] [ 22%] Built target map_loader_node
[0.138s] [ 44%] Built target amcl_reset_node
[0.138s] [ 66%] Built target multi_map_test_client
[0.150s] [ 77%] [32mBuilding CXX object CMakeFiles/multi_map_navigator_node.dir/src/main.cpp.o[0m
[0.152s] [ 88%] [32mBuilding CXX object CMakeFiles/multi_map_navigator_node.dir/src/multi_map_navigator.cpp.o[0m
[5.745s] [01m[K/home/dd/task/src/multi_map_nav/src/multi_map_navigator.cpp:[m[K In member function ‘[01m[Kvoid MultiMapNavigator::send_goal(const PoseStamped&, const string&)[m[K’:
[5.745s] [01m[K/home/dd/task/src/multi_map_nav/src/multi_map_navigator.cpp:129:22:[m[K [01;31m[Kerror: [m[K‘[01m[Ktf2[m[K’ has not been declared
[5.746s]   129 |     goal_msg.theta = [01;31m[Ktf2[m[K::getYaw(goal_pose.pose.orientation); // Assuming `theta` is stored as yaw
[5.746s]       |                      [01;31m[K^~~[m[K
[5.754s] [01m[K/home/dd/task/src/multi_map_nav/src/multi_map_navigator.cpp:145:31:[m[K [01;31m[Kerror: [m[K‘[01m[Ktf2[m[K’ has not been declared
[5.754s]   145 |     wormhole_goal_msg.theta = [01;31m[Ktf2[m[K::getYaw(wormhole_pose.pose.orientation);
[5.754s]       |                               [01;31m[K^~~[m[K
[5.755s] [01m[K/home/dd/task/src/multi_map_nav/src/multi_map_navigator.cpp:161:28:[m[K [01;31m[Kerror: [m[K‘[01m[Ktf2[m[K’ has not been declared
[5.755s]   161 |     final_goal_msg.theta = [01;31m[Ktf2[m[K::getYaw(goal_pose.pose.orientation);
[5.755s]       |                            [01;31m[K^~~[m[K
[5.758s] In file included from [01m[K/opt/ros/humble/include/rclcpp/rclcpp/logging.hpp:24[m[K,
[5.759s]                  from [01m[K/opt/ros/humble/include/rclcpp/rclcpp/client.hpp:40[m[K,
[5.759s]                  from [01m[K/opt/ros/humble/include/rclcpp/rclcpp/callback_group.hpp:24[m[K,
[5.759s]                  from [01m[K/opt/ros/humble/include/rclcpp/rclcpp/any_executable.hpp:20[m[K,
[5.759s]                  from [01m[K/opt/ros/humble/include/rclcpp/rclcpp/memory_strategy.hpp:25[m[K,
[5.759s]                  from [01m[K/opt/ros/humble/include/rclcpp/rclcpp/memory_strategies.hpp:18[m[K,
[5.760s]                  from [01m[K/opt/ros/humble/include/rclcpp/rclcpp/executor_options.hpp:20[m[K,
[5.760s]                  from [01m[K/opt/ros/humble/include/rclcpp/rclcpp/executor.hpp:37[m[K,
[5.760s]                  from [01m[K/opt/ros/humble/include/rclcpp/rclcpp/executors/multi_threaded_executor.hpp:25[m[K,
[5.760s]                  from [01m[K/opt/ros/humble/include/rclcpp/rclcpp/executors.hpp:21[m[K,
[5.761s]                  from [01m[K/opt/ros/humble/include/rclcpp/rclcpp/rclcpp.hpp:155[m[K,
[5.761s]                  from [01m[K/home/dd/task/src/multi_map_nav/include/multi_map_nav/multi_map_navigator.hpp:4[m[K,
[5.761s]                  from [01m[K/home/dd/task/src/multi_map_nav/src/multi_map_navigator.cpp:1[m[K:
[5.761s] [01m[K/home/dd/task/src/multi_map_nav/src/multi_map_navigator.cpp:[m[K In member function ‘[01m[Krclcpp_action::GoalResponse MultiMapNavigator::handle_goal(const GoalUUID&, std::shared_ptr<const multi_map_nav_interfaces::action::MultiMapNavigate_Goal_<std::allocator<void> > >)[m[K’:
[5.761s] [01m[K/home/dd/task/src/multi_map_nav/src/multi_map_navigator.cpp:182:35:[m[K [01;35m[Kwarning: [m[Kformat ‘[01m[K%f[m[K’ expects argument of type ‘[01m[Kdouble[m[K’, but argument 8 has type ‘[01m[Kconst char*[m[K’ [[01;35m[K]8;;https://gcc.gnu.org/onlinedocs/gcc/Warning-Options.html#index-Wformat=-Wformat=]8;;[m[K]
[5.762s]   182 |   RCLCPP_INFO(this->get_logger(), [01;35m[K"Received goal: Start Position - (%f, %f), Goal Position - (%f, %f)"[m[K,
[5.762s]       |                                   [01;35m[K^~~~~~~~~~~~~~~~~~~~~~~~~~~~~~~~~~~~~~~~~~~~~~~~~~~~~~~~~~~~~~~~~~~~[m[K
[5.762s]   183 |               goal->x, goal->y, goal->theta, [32m[Kgoal->target_map.c_str()[m[K);
[5.762s]       |                                              [32m[K~~~~~~~~~~~~~~~~~~~~~~~~[m[K
[5.762s]       |                                                                    [32m[K|[m[K
[5.762s]       |                                                                    [32m[Kconst char*[m[K
[5.763s] [01m[K/home/dd/task/src/multi_map_nav/src/multi_map_navigator.cpp:182:100:[m[K [01;36m[Knote: [m[Kformat string is defined here
[5.763s]   182 |   RCLCPP_INFO(this->get_logger(), "Received goal: Start Position - (%f, %f), Goal Position - (%f, [01;36m[K%f[m[K)",
[5.763s]       |                                                                                                   [01;36m[K~^[m[K
[5.763s]       |                                                                                                    [01;36m[K|[m[K
[5.763s]       |                                                                                                    [01;36m[Kdouble[m[K
[5.763s]       |                                                                                                   [32m[K%s[m[K
[5.765s] [01m[K/home/dd/task/src/multi_map_nav/src/multi_map_navigator.cpp:[m[K In lambda function:
[5.765s] [01m[K/home/dd/task/src/multi_map_nav/src/multi_map_navigator.cpp:205:23:[m[K [01;31m[Kerror: [m[K‘[01m[Kusing element_type = const struct multi_map_nav_interfaces::action::MultiMapNavigate_Goal_<std::allocator<void> >[m[K’ {aka ‘[01m[Kconst struct multi_map_nav_interfaces::action::MultiMapNavigate_Goal_<std::allocator<void> >[m[K’} has no member named ‘[01m[Kgoal[m[K’
[5.765s]   205 |       send_goal(goal->[01;31m[Kgoal[m[K, goal->target_map);  // Goal pose and target map
[5.765s]       |                       [01;31m[K^~~~[m[K
[7.827s] gmake[2]: *** [CMakeFiles/multi_map_navigator_node.dir/build.make:90: CMakeFiles/multi_map_navigator_node.dir/src/multi_map_navigator.cpp.o] Error 1
[7.827s] gmake[1]: *** [CMakeFiles/Makefile2:143: CMakeFiles/multi_map_navigator_node.dir/all] Error 2
[7.827s] gmake: *** [Makefile:146: all] Error 2
[7.831s] Invoked command in '/home/dd/task/build/multi_map_nav' returned '2': CMAKE_PREFIX_PATH=/opt/ros/humble:/home/dd/task/install/multi_map_nav_interfaces:/home/dd/task/install/multi_map_nav /usr/bin/cmake --build /home/dd/task/build/multi_map_nav -- -j8 -l8
