-- Found ament_cmake: 1.3.11 (/opt/ros/humble/share/ament_cmake/cmake)
-- Found rclcpp: 16.0.12 (/opt/ros/humble/share/rclcpp/cmake)
-- Found rosidl_generator_c: 3.1.6 (/opt/ros/humble/share/rosidl_generator_c/cmake)
-- Found rosidl_adapter: 3.1.6 (/opt/ros/humble/share/rosidl_adapter/cmake)
-- Found rosidl_generator_cpp: 3.1.6 (/opt/ros/humble/share/rosidl_generator_cpp/cmake)
-- Using all available rosidl_typesupport_c: rosidl_typesupport_fastrtps_c;rosidl_typesupport_introspection_c
-- Using all available rosidl_typesupport_cpp: rosidl_typesupport_fastrtps_cpp;rosidl_typesupport_introspection_cpp
-- Found rmw_implementation_cmake: 6.1.2 (/opt/ros/humble/share/rmw_implementation_cmake/cmake)
-- Found rmw_fastrtps_cpp: 6.2.7 (/opt/ros/humble/share/rmw_fastrtps_cpp/cmake)
-- Using RMW implementation 'rmw_fastrtps_cpp' as default
-- Found rclcpp_action: 16.0.12 (/opt/ros/humble/share/rclcpp_action/cmake)
-- Found nav2_msgs: 1.1.18 (/opt/ros/humble/share/nav2_msgs/cmake)
-- Found sqlite3_vendor: 0.15.14 (/opt/ros/humble/share/sqlite3_vendor/cmake)
-- Found multi_map_nav_interfaces: 0.0.1 (/home/dd/task/install/multi_map_nav_interfaces/share/multi_map_nav_interfaces/cmake)
-- Found std_srvs: 4.8.0 (/opt/ros/humble/share/std_srvs/cmake)
-- Found nav2_amcl: 1.1.18 (/opt/ros/humble/share/nav2_amcl/cmake)
-- Found eigen3_cmake_module: 0.1.1 (/opt/ros/humble/share/eigen3_cmake_module/cmake)
-- Ensuring Eigen3 include directory is part of orocos-kdl CMake target
-- Configuring done
-- Generating done
-- Build files have been written to: /home/dd/task/build/multi_map_nav
[35m[1mConsolidate compiler generated dependencies of target map_loader_node[0m
[35m[1mConsolidate compiler generated dependencies of target amcl_reset_node[0m
[35m[1mConsolidate compiler generated dependencies of target multi_map_navigator_node[0m
[ 11%] [32mBuilding CXX object CMakeFiles/multi_map_test_client.dir/src/multi_map_test_client.cpp.o[0m
[ 33%] Built target map_loader_node
[ 55%] Built target amcl_reset_node
[ 88%] Built target multi_map_navigator_node
[100%] [32m[1mLinking CXX executable multi_map_test_client[0m
[100%] Built target multi_map_test_client
-- Install configuration: ""
-- Up-to-date: /home/dd/task/install/multi_map_nav/lib/multi_map_nav/multi_map_navigator_node
-- Up-to-date: /home/dd/task/install/multi_map_nav/lib/multi_map_nav/map_loader_node
-- Up-to-date: /home/dd/task/install/multi_map_nav/lib/multi_map_nav/amcl_reset_node
-- Installing: /home/dd/task/install/multi_map_nav/lib/multi_map_nav/multi_map_test_client
-- Set runtime path of "/home/dd/task/install/multi_map_nav/lib/multi_map_nav/multi_map_test_client" to ""
-- Up-to-date: /home/dd/task/install/multi_map_nav/share/multi_map_nav/launch
-- Up-to-date: /home/dd/task/install/multi_map_nav/share/multi_map_nav/launch/bringup.launch.py
-- Up-to-date: /home/dd/task/install/multi_map_nav/share/multi_map_nav/maps
-- Up-to-date: /home/dd/task/install/multi_map_nav/share/multi_map_nav/maps/room1.png
-- Up-to-date: /home/dd/task/install/multi_map_nav/share/multi_map_nav/maps/room2.pgm
-- Up-to-date: /home/dd/task/install/multi_map_nav/share/multi_map_nav/maps/room2.yaml
-- Up-to-date: /home/dd/task/install/multi_map_nav/share/multi_map_nav/maps/room1.pgm
-- Up-to-date: /home/dd/task/install/multi_map_nav/share/multi_map_nav/maps/room2.png
-- Up-to-date: /home/dd/task/install/multi_map_nav/share/multi_map_nav/maps/room1.yaml
-- Up-to-date: /home/dd/task/install/multi_map_nav/share/ament_index/resource_index/package_run_dependencies/multi_map_nav
-- Up-to-date: /home/dd/task/install/multi_map_nav/share/ament_index/resource_index/parent_prefix_path/multi_map_nav
-- Up-to-date: /home/dd/task/install/multi_map_nav/share/multi_map_nav/environment/ament_prefix_path.sh
-- Installing: /home/dd/task/install/multi_map_nav/share/multi_map_nav/environment/ament_prefix_path.dsv
-- Up-to-date: /home/dd/task/install/multi_map_nav/share/multi_map_nav/environment/path.sh
-- Installing: /home/dd/task/install/multi_map_nav/share/multi_map_nav/environment/path.dsv
-- Up-to-date: /home/dd/task/install/multi_map_nav/share/multi_map_nav/local_setup.bash
-- Up-to-date: /home/dd/task/install/multi_map_nav/share/multi_map_nav/local_setup.sh
-- Up-to-date: /home/dd/task/install/multi_map_nav/share/multi_map_nav/local_setup.zsh
-- Installing: /home/dd/task/install/multi_map_nav/share/multi_map_nav/local_setup.dsv
-- Installing: /home/dd/task/install/multi_map_nav/share/multi_map_nav/package.dsv
-- Up-to-date: /home/dd/task/install/multi_map_nav/share/ament_index/resource_index/packages/multi_map_nav
-- Up-to-date: /home/dd/task/install/multi_map_nav/share/multi_map_nav/cmake/multi_map_navConfig.cmake
-- Up-to-date: /home/dd/task/install/multi_map_nav/share/multi_map_nav/cmake/multi_map_navConfig-version.cmake
-- Up-to-date: /home/dd/task/install/multi_map_nav/share/multi_map_nav/package.xml
