[0.233s] DEBUG:colcon:Command line arguments: ['/usr/bin/colcon', 'build']
[0.233s] DEBUG:colcon:Parsed command line arguments: Namespace(log_base=None, log_level=None, verb_name='build', build_base='build', install_base='install', merge_install=False, symlink_install=False, test_result_base=None, continue_on_error=False, executor='parallel', parallel_workers=8, event_handlers=None, ignore_user_meta=False, metas=['./colcon.meta'], base_paths=['.'], packages_ignore=None, packages_ignore_regex=None, paths=None, packages_up_to=None, packages_up_to_regex=None, packages_above=None, packages_above_and_dependencies=None, packages_above_depth=None, packages_select_by_dep=None, packages_skip_by_dep=None, packages_skip_up_to=None, packages_select_build_failed=False, packages_skip_build_finished=False, packages_select_test_failures=False, packages_skip_test_passed=False, packages_select=None, packages_skip=None, packages_select_regex=None, packages_skip_regex=None, packages_start=None, packages_end=None, allow_overriding=[], cmake_args=None, cmake_target=None, cmake_target_skip_unavailable=False, cmake_clean_cache=False, cmake_clean_first=False, cmake_force_configure=False, ament_cmake_args=None, catkin_cmake_args=None, catkin_skip_building_tests=False, mixin_files=None, mixin=None, verb_parser=<colcon_mixin.mixin.mixin_argument.MixinArgumentDecorator object at 0x78471ecda260>, verb_extension=<colcon_core.verb.build.BuildVerb object at 0x78471ecd9bd0>, main=<bound method BuildVerb.main of <colcon_core.verb.build.BuildVerb object at 0x78471ecd9bd0>>, mixin_verb=('build',))
[0.547s] Level 1:colcon.colcon_core.package_discovery:discover_packages(colcon_meta) check parameters
[0.547s] Level 1:colcon.colcon_core.package_discovery:discover_packages(recursive) check parameters
[0.547s] Level 1:colcon.colcon_core.package_discovery:discover_packages(ignore) check parameters
[0.547s] Level 1:colcon.colcon_core.package_discovery:discover_packages(path) check parameters
[0.547s] Level 1:colcon.colcon_core.package_discovery:discover_packages(colcon_meta) discover
[0.548s] Level 1:colcon.colcon_core.package_discovery:discover_packages(recursive) discover
[0.548s] INFO:colcon.colcon_core.package_discovery:Crawling recursively for packages in '/home/dd/task'
[0.548s] Level 1:colcon.colcon_core.package_identification:_identify(.) by extensions ['ignore', 'ignore_ament_install']
[0.549s] Level 1:colcon.colcon_core.package_identification:_identify(.) by extension 'ignore'
[0.549s] Level 1:colcon.colcon_core.package_identification:_identify(.) by extension 'ignore_ament_install'
[0.549s] Level 1:colcon.colcon_core.package_identification:_identify(.) by extensions ['colcon_pkg']
[0.549s] Level 1:colcon.colcon_core.package_identification:_identify(.) by extension 'colcon_pkg'
[0.549s] Level 1:colcon.colcon_core.package_identification:_identify(.) by extensions ['colcon_meta']
[0.549s] Level 1:colcon.colcon_core.package_identification:_identify(.) by extension 'colcon_meta'
[0.549s] Level 1:colcon.colcon_core.package_identification:_identify(.) by extensions ['ros']
[0.549s] Level 1:colcon.colcon_core.package_identification:_identify(.) by extension 'ros'
[0.569s] Level 1:colcon.colcon_core.package_identification:_identify(.) by extensions ['cmake', 'python']
[0.569s] Level 1:colcon.colcon_core.package_identification:_identify(.) by extension 'cmake'
[0.569s] Level 1:colcon.colcon_core.package_identification:_identify(.) by extension 'python'
[0.569s] Level 1:colcon.colcon_core.package_identification:_identify(.) by extensions ['python_setup_py']
[0.569s] Level 1:colcon.colcon_core.package_identification:_identify(.) by extension 'python_setup_py'
[0.569s] Level 1:colcon.colcon_core.package_identification:_identify(build) by extensions ['ignore', 'ignore_ament_install']
[0.569s] Level 1:colcon.colcon_core.package_identification:_identify(build) by extension 'ignore'
[0.569s] Level 1:colcon.colcon_core.package_identification:_identify(build) ignored
[0.570s] Level 1:colcon.colcon_core.package_identification:_identify(install) by extensions ['ignore', 'ignore_ament_install']
[0.570s] Level 1:colcon.colcon_core.package_identification:_identify(install) by extension 'ignore'
[0.570s] Level 1:colcon.colcon_core.package_identification:_identify(install) ignored
[0.570s] Level 1:colcon.colcon_core.package_identification:_identify(log) by extensions ['ignore', 'ignore_ament_install']
[0.570s] Level 1:colcon.colcon_core.package_identification:_identify(log) by extension 'ignore'
[0.570s] Level 1:colcon.colcon_core.package_identification:_identify(log) ignored
[0.570s] Level 1:colcon.colcon_core.package_identification:_identify(src) by extensions ['ignore', 'ignore_ament_install']
[0.570s] Level 1:colcon.colcon_core.package_identification:_identify(src) by extension 'ignore'
[0.570s] Level 1:colcon.colcon_core.package_identification:_identify(src) by extension 'ignore_ament_install'
[0.571s] Level 1:colcon.colcon_core.package_identification:_identify(src) by extensions ['colcon_pkg']
[0.571s] Level 1:colcon.colcon_core.package_identification:_identify(src) by extension 'colcon_pkg'
[0.571s] Level 1:colcon.colcon_core.package_identification:_identify(src) by extensions ['colcon_meta']
[0.571s] Level 1:colcon.colcon_core.package_identification:_identify(src) by extension 'colcon_meta'
[0.571s] Level 1:colcon.colcon_core.package_identification:_identify(src) by extensions ['ros']
[0.571s] Level 1:colcon.colcon_core.package_identification:_identify(src) by extension 'ros'
[0.571s] Level 1:colcon.colcon_core.package_identification:_identify(src) by extensions ['cmake', 'python']
[0.571s] Level 1:colcon.colcon_core.package_identification:_identify(src) by extension 'cmake'
[0.571s] Level 1:colcon.colcon_core.package_identification:_identify(src) by extension 'python'
[0.571s] Level 1:colcon.colcon_core.package_identification:_identify(src) by extensions ['python_setup_py']
[0.571s] Level 1:colcon.colcon_core.package_identification:_identify(src) by extension 'python_setup_py'
[0.571s] Level 1:colcon.colcon_core.package_identification:_identify(src/multi_map_nav) by extensions ['ignore', 'ignore_ament_install']
[0.571s] Level 1:colcon.colcon_core.package_identification:_identify(src/multi_map_nav) by extension 'ignore'
[0.571s] Level 1:colcon.colcon_core.package_identification:_identify(src/multi_map_nav) by extension 'ignore_ament_install'
[0.572s] Level 1:colcon.colcon_core.package_identification:_identify(src/multi_map_nav) by extensions ['colcon_pkg']
[0.572s] Level 1:colcon.colcon_core.package_identification:_identify(src/multi_map_nav) by extension 'colcon_pkg'
[0.572s] Level 1:colcon.colcon_core.package_identification:_identify(src/multi_map_nav) by extensions ['colcon_meta']
[0.572s] Level 1:colcon.colcon_core.package_identification:_identify(src/multi_map_nav) by extension 'colcon_meta'
[0.572s] Level 1:colcon.colcon_core.package_identification:_identify(src/multi_map_nav) by extensions ['ros']
[0.572s] Level 1:colcon.colcon_core.package_identification:_identify(src/multi_map_nav) by extension 'ros'
[0.576s] DEBUG:colcon.colcon_core.package_identification:Package 'src/multi_map_nav' with type 'ros.ament_cmake' and name 'multi_map_nav'
[0.577s] Level 1:colcon.colcon_core.package_identification:_identify(src/multi_map_nav_interfaces) by extensions ['ignore', 'ignore_ament_install']
[0.577s] Level 1:colcon.colcon_core.package_identification:_identify(src/multi_map_nav_interfaces) by extension 'ignore'
[0.577s] Level 1:colcon.colcon_core.package_identification:_identify(src/multi_map_nav_interfaces) by extension 'ignore_ament_install'
[0.577s] Level 1:colcon.colcon_core.package_identification:_identify(src/multi_map_nav_interfaces) by extensions ['colcon_pkg']
[0.577s] Level 1:colcon.colcon_core.package_identification:_identify(src/multi_map_nav_interfaces) by extension 'colcon_pkg'
[0.578s] Level 1:colcon.colcon_core.package_identification:_identify(src/multi_map_nav_interfaces) by extensions ['colcon_meta']
[0.578s] Level 1:colcon.colcon_core.package_identification:_identify(src/multi_map_nav_interfaces) by extension 'colcon_meta'
[0.578s] Level 1:colcon.colcon_core.package_identification:_identify(src/multi_map_nav_interfaces) by extensions ['ros']
[0.578s] Level 1:colcon.colcon_core.package_identification:_identify(src/multi_map_nav_interfaces) by extension 'ros'
[0.579s] DEBUG:colcon.colcon_core.package_identification:Package 'src/multi_map_nav_interfaces' with type 'ros.catkin' and name 'multi_map_nav_interfaces'
[0.579s] Level 1:colcon.colcon_core.package_discovery:discover_packages(recursive) using defaults
[0.580s] Level 1:colcon.colcon_core.package_discovery:discover_packages(ignore) discover
[0.580s] Level 1:colcon.colcon_core.package_discovery:discover_packages(ignore) using defaults
[0.580s] Level 1:colcon.colcon_core.package_discovery:discover_packages(path) discover
[0.580s] Level 1:colcon.colcon_core.package_discovery:discover_packages(path) using defaults
[0.632s] Level 1:colcon.colcon_core.package_discovery:discover_packages(prefix_path) check parameters
[0.632s] Level 1:colcon.colcon_core.package_discovery:discover_packages(prefix_path) discover
[0.635s] DEBUG:colcon.colcon_installed_package_information.package_discovery:Found 2 installed packages in /home/dd/task/install
[0.638s] DEBUG:colcon.colcon_installed_package_information.package_discovery:Found 448 installed packages in /opt/ros/humble
[0.642s] Level 1:colcon.colcon_core.package_discovery:discover_packages(prefix_path) using defaults
[0.746s] Level 5:colcon.colcon_core.verb:set package 'multi_map_nav_interfaces' build argument 'cmake_args' from command line to 'None'
[0.746s] Level 5:colcon.colcon_core.verb:set package 'multi_map_nav_interfaces' build argument 'cmake_target' from command line to 'None'
[0.746s] Level 5:colcon.colcon_core.verb:set package 'multi_map_nav_interfaces' build argument 'cmake_target_skip_unavailable' from command line to 'False'
[0.746s] Level 5:colcon.colcon_core.verb:set package 'multi_map_nav_interfaces' build argument 'cmake_clean_cache' from command line to 'False'
[0.746s] Level 5:colcon.colcon_core.verb:set package 'multi_map_nav_interfaces' build argument 'cmake_clean_first' from command line to 'False'
[0.746s] Level 5:colcon.colcon_core.verb:set package 'multi_map_nav_interfaces' build argument 'cmake_force_configure' from command line to 'False'
[0.746s] Level 5:colcon.colcon_core.verb:set package 'multi_map_nav_interfaces' build argument 'ament_cmake_args' from command line to 'None'
[0.746s] Level 5:colcon.colcon_core.verb:set package 'multi_map_nav_interfaces' build argument 'catkin_cmake_args' from command line to 'None'
[0.746s] Level 5:colcon.colcon_core.verb:set package 'multi_map_nav_interfaces' build argument 'catkin_skip_building_tests' from command line to 'False'
[0.746s] DEBUG:colcon.colcon_core.verb:Building package 'multi_map_nav_interfaces' with the following arguments: {'ament_cmake_args': None, 'build_base': '/home/dd/task/build/multi_map_nav_interfaces', 'catkin_cmake_args': None, 'catkin_skip_building_tests': False, 'cmake_args': None, 'cmake_clean_cache': False, 'cmake_clean_first': False, 'cmake_force_configure': False, 'cmake_target': None, 'cmake_target_skip_unavailable': False, 'install_base': '/home/dd/task/install/multi_map_nav_interfaces', 'merge_install': False, 'path': '/home/dd/task/src/multi_map_nav_interfaces', 'symlink_install': False, 'test_result_base': None}
[0.747s] Level 5:colcon.colcon_core.verb:set package 'multi_map_nav' build argument 'cmake_args' from command line to 'None'
[0.747s] Level 5:colcon.colcon_core.verb:set package 'multi_map_nav' build argument 'cmake_target' from command line to 'None'
[0.747s] Level 5:colcon.colcon_core.verb:set package 'multi_map_nav' build argument 'cmake_target_skip_unavailable' from command line to 'False'
[0.747s] Level 5:colcon.colcon_core.verb:set package 'multi_map_nav' build argument 'cmake_clean_cache' from command line to 'False'
[0.747s] Level 5:colcon.colcon_core.verb:set package 'multi_map_nav' build argument 'cmake_clean_first' from command line to 'False'
[0.747s] Level 5:colcon.colcon_core.verb:set package 'multi_map_nav' build argument 'cmake_force_configure' from command line to 'False'
[0.747s] Level 5:colcon.colcon_core.verb:set package 'multi_map_nav' build argument 'ament_cmake_args' from command line to 'None'
[0.747s] Level 5:colcon.colcon_core.verb:set package 'multi_map_nav' build argument 'catkin_cmake_args' from command line to 'None'
[0.747s] Level 5:colcon.colcon_core.verb:set package 'multi_map_nav' build argument 'catkin_skip_building_tests' from command line to 'False'
[0.747s] DEBUG:colcon.colcon_core.verb:Building package 'multi_map_nav' with the following arguments: {'ament_cmake_args': None, 'build_base': '/home/dd/task/build/multi_map_nav', 'catkin_cmake_args': None, 'catkin_skip_building_tests': False, 'cmake_args': None, 'cmake_clean_cache': False, 'cmake_clean_first': False, 'cmake_force_configure': False, 'cmake_target': None, 'cmake_target_skip_unavailable': False, 'install_base': '/home/dd/task/install/multi_map_nav', 'merge_install': False, 'path': '/home/dd/task/src/multi_map_nav', 'symlink_install': False, 'test_result_base': None}
[0.748s] INFO:colcon.colcon_core.executor:Executing jobs using 'parallel' executor
[0.749s] DEBUG:colcon.colcon_parallel_executor.executor.parallel:run_until_complete
[0.749s] INFO:colcon.colcon_ros.task.catkin.build:Building ROS package in '/home/dd/task/src/multi_map_nav_interfaces' with build type 'catkin'
[0.749s] INFO:colcon.colcon_cmake.task.cmake.build:Building CMake package in '/home/dd/task/src/multi_map_nav_interfaces'
[0.752s] INFO:colcon.colcon_core.plugin_system:Skipping extension 'colcon_core.shell.bat': Not used on non-Windows systems
[0.753s] INFO:colcon.colcon_core.shell:Skip shell extension 'powershell' for command environment: Not usable outside of PowerShell
[0.753s] DEBUG:colcon.colcon_core.shell:Skip shell extension 'dsv' for command environment
[0.774s] DEBUG:colcon.colcon_core.event_handler.log_command:Invoking command in '/home/dd/task/build/multi_map_nav_interfaces': /usr/bin/cmake --build /home/dd/task/build/multi_map_nav_interfaces -- -j8 -l8
[1.560s] DEBUG:colcon.colcon_core.event_handler.log_command:Invoked command in '/home/dd/task/build/multi_map_nav_interfaces' returned '0': /usr/bin/cmake --build /home/dd/task/build/multi_map_nav_interfaces -- -j8 -l8
[1.581s] DEBUG:colcon.colcon_core.event_handler.log_command:Invoking command in '/home/dd/task/build/multi_map_nav_interfaces': /usr/bin/cmake --install /home/dd/task/build/multi_map_nav_interfaces
[1.699s] DEBUG:colcon.colcon_core.event_handler.log_command:Invoked command in '/home/dd/task/build/multi_map_nav_interfaces' returned '0': /usr/bin/cmake --install /home/dd/task/build/multi_map_nav_interfaces
[1.700s] Level 1:colcon.colcon_core.shell:create_environment_hook('multi_map_nav_interfaces', 'ros_package_path')
[1.701s] INFO:colcon.colcon_core.shell:Creating environment hook '/home/dd/task/install/multi_map_nav_interfaces/share/multi_map_nav_interfaces/hook/ros_package_path.ps1'
[1.702s] INFO:colcon.colcon_core.shell:Creating environment descriptor '/home/dd/task/install/multi_map_nav_interfaces/share/multi_map_nav_interfaces/hook/ros_package_path.dsv'
[1.703s] INFO:colcon.colcon_core.shell:Creating environment hook '/home/dd/task/install/multi_map_nav_interfaces/share/multi_map_nav_interfaces/hook/ros_package_path.sh'
[1.705s] Level 1:colcon.colcon_ros.task.catkin:checking '/home/dd/task/install/multi_map_nav_interfaces/local/lib/python3.10/dist-packages'
[1.705s] Level 1:colcon.colcon_core.shell:create_environment_hook('multi_map_nav_interfaces', 'catkin_pythonpath')
[1.705s] INFO:colcon.colcon_core.shell:Creating environment hook '/home/dd/task/install/multi_map_nav_interfaces/share/multi_map_nav_interfaces/hook/catkin_pythonpath.ps1'
[1.706s] INFO:colcon.colcon_core.shell:Creating environment descriptor '/home/dd/task/install/multi_map_nav_interfaces/share/multi_map_nav_interfaces/hook/catkin_pythonpath.dsv'
[1.706s] INFO:colcon.colcon_core.shell:Creating environment hook '/home/dd/task/install/multi_map_nav_interfaces/share/multi_map_nav_interfaces/hook/catkin_pythonpath.sh'
[1.707s] Level 1:colcon.colcon_core.shell:create_environment_hook('multi_map_nav_interfaces', 'pkg_config_path')
[1.707s] INFO:colcon.colcon_core.shell:Creating environment hook '/home/dd/task/install/multi_map_nav_interfaces/share/multi_map_nav_interfaces/hook/pkg_config_path.ps1'
[1.707s] INFO:colcon.colcon_core.shell:Creating environment descriptor '/home/dd/task/install/multi_map_nav_interfaces/share/multi_map_nav_interfaces/hook/pkg_config_path.dsv'
[1.708s] INFO:colcon.colcon_core.shell:Creating environment hook '/home/dd/task/install/multi_map_nav_interfaces/share/multi_map_nav_interfaces/hook/pkg_config_path.sh'
[1.711s] Level 1:colcon.colcon_core.shell:create_environment_hook('multi_map_nav_interfaces', 'pkg_config_path_multiarch')
[1.712s] INFO:colcon.colcon_core.shell:Creating environment hook '/home/dd/task/install/multi_map_nav_interfaces/share/multi_map_nav_interfaces/hook/pkg_config_path_multiarch.ps1'
[1.713s] INFO:colcon.colcon_core.shell:Creating environment descriptor '/home/dd/task/install/multi_map_nav_interfaces/share/multi_map_nav_interfaces/hook/pkg_config_path_multiarch.dsv'
[1.713s] INFO:colcon.colcon_core.shell:Creating environment hook '/home/dd/task/install/multi_map_nav_interfaces/share/multi_map_nav_interfaces/hook/pkg_config_path_multiarch.sh'
[1.716s] Level 1:colcon.colcon_core.environment:create_environment_scripts_only(multi_map_nav_interfaces)
[1.720s] Level 1:colcon.colcon_core.environment:checking '/home/dd/task/install/multi_map_nav_interfaces' for CMake module files
[1.721s] Level 1:colcon.colcon_core.environment:checking '/home/dd/task/install/multi_map_nav_interfaces' for CMake config files
[1.722s] Level 1:colcon.colcon_core.shell:create_environment_hook('multi_map_nav_interfaces', 'cmake_prefix_path')
[1.722s] INFO:colcon.colcon_core.shell:Creating environment hook '/home/dd/task/install/multi_map_nav_interfaces/share/multi_map_nav_interfaces/hook/cmake_prefix_path.ps1'
[1.723s] INFO:colcon.colcon_core.shell:Creating environment descriptor '/home/dd/task/install/multi_map_nav_interfaces/share/multi_map_nav_interfaces/hook/cmake_prefix_path.dsv'
[1.723s] INFO:colcon.colcon_core.shell:Creating environment hook '/home/dd/task/install/multi_map_nav_interfaces/share/multi_map_nav_interfaces/hook/cmake_prefix_path.sh'
[1.724s] Level 1:colcon.colcon_core.environment:checking '/home/dd/task/install/multi_map_nav_interfaces/lib'
[1.725s] Level 1:colcon.colcon_core.shell:create_environment_hook('multi_map_nav_interfaces', 'ld_library_path_lib')
[1.725s] INFO:colcon.colcon_core.shell:Creating environment hook '/home/dd/task/install/multi_map_nav_interfaces/share/multi_map_nav_interfaces/hook/ld_library_path_lib.ps1'
[1.725s] INFO:colcon.colcon_core.shell:Creating environment descriptor '/home/dd/task/install/multi_map_nav_interfaces/share/multi_map_nav_interfaces/hook/ld_library_path_lib.dsv'
[1.726s] INFO:colcon.colcon_core.shell:Creating environment hook '/home/dd/task/install/multi_map_nav_interfaces/share/multi_map_nav_interfaces/hook/ld_library_path_lib.sh'
[1.727s] Level 1:colcon.colcon_core.environment:checking '/home/dd/task/install/multi_map_nav_interfaces/bin'
[1.727s] Level 1:colcon.colcon_core.environment:checking '/home/dd/task/install/multi_map_nav_interfaces/lib/pkgconfig/multi_map_nav_interfaces.pc'
[1.727s] Level 1:colcon.colcon_core.environment:checking '/home/dd/task/install/multi_map_nav_interfaces/lib/python3.10/site-packages'
[1.727s] Level 1:colcon.colcon_core.environment:checking '/home/dd/task/install/multi_map_nav_interfaces/bin'
[1.728s] INFO:colcon.colcon_core.shell:Creating package script '/home/dd/task/install/multi_map_nav_interfaces/share/multi_map_nav_interfaces/package.ps1'
[1.730s] INFO:colcon.colcon_core.shell:Creating package descriptor '/home/dd/task/install/multi_map_nav_interfaces/share/multi_map_nav_interfaces/package.dsv'
[1.732s] INFO:colcon.colcon_core.shell:Creating package script '/home/dd/task/install/multi_map_nav_interfaces/share/multi_map_nav_interfaces/package.sh'
[1.734s] INFO:colcon.colcon_core.shell:Creating package script '/home/dd/task/install/multi_map_nav_interfaces/share/multi_map_nav_interfaces/package.bash'
[1.736s] INFO:colcon.colcon_core.shell:Creating package script '/home/dd/task/install/multi_map_nav_interfaces/share/multi_map_nav_interfaces/package.zsh'
[1.737s] Level 1:colcon.colcon_core.environment:create_file_with_runtime_dependencies(/home/dd/task/install/multi_map_nav_interfaces/share/colcon-core/packages/multi_map_nav_interfaces)
[1.738s] INFO:colcon.colcon_ros.task.ament_cmake.build:Building ROS package in '/home/dd/task/src/multi_map_nav' with build type 'ament_cmake'
[1.738s] INFO:colcon.colcon_cmake.task.cmake.build:Building CMake package in '/home/dd/task/src/multi_map_nav'
[1.738s] INFO:colcon.colcon_core.shell:Skip shell extension 'powershell' for command environment: Not usable outside of PowerShell
[1.739s] DEBUG:colcon.colcon_core.shell:Skip shell extension 'dsv' for command environment
[1.760s] DEBUG:colcon.colcon_core.event_handler.log_command:Invoking command in '/home/dd/task/build/multi_map_nav': CMAKE_PREFIX_PATH=/opt/ros/humble:/home/dd/task/install/multi_map_nav_interfaces:/home/dd/task/install/multi_map_nav /usr/bin/cmake --build /home/dd/task/build/multi_map_nav -- -j8 -l8
[9.632s] DEBUG:colcon.colcon_core.event_handler.log_command:Invoked command in '/home/dd/task/build/multi_map_nav' returned '2': CMAKE_PREFIX_PATH=/opt/ros/humble:/home/dd/task/install/multi_map_nav_interfaces:/home/dd/task/install/multi_map_nav /usr/bin/cmake --build /home/dd/task/build/multi_map_nav -- -j8 -l8
[9.634s] Level 1:colcon.colcon_core.environment:create_environment_scripts_only(multi_map_nav)
[9.635s] Level 1:colcon.colcon_core.environment:checking '/home/dd/task/install/multi_map_nav' for CMake module files
[9.639s] Level 1:colcon.colcon_core.environment:checking '/home/dd/task/install/multi_map_nav' for CMake config files
[9.640s] Level 1:colcon.colcon_core.shell:create_environment_hook('multi_map_nav', 'cmake_prefix_path')
[9.641s] INFO:colcon.colcon_core.shell:Creating environment hook '/home/dd/task/install/multi_map_nav/share/multi_map_nav/hook/cmake_prefix_path.ps1'
[9.641s] INFO:colcon.colcon_core.shell:Creating environment descriptor '/home/dd/task/install/multi_map_nav/share/multi_map_nav/hook/cmake_prefix_path.dsv'
[9.642s] INFO:colcon.colcon_core.shell:Creating environment hook '/home/dd/task/install/multi_map_nav/share/multi_map_nav/hook/cmake_prefix_path.sh'
[9.643s] Level 1:colcon.colcon_core.environment:checking '/home/dd/task/install/multi_map_nav/lib'
[9.643s] Level 1:colcon.colcon_core.environment:checking '/home/dd/task/install/multi_map_nav/bin'
[9.643s] Level 1:colcon.colcon_core.environment:checking '/home/dd/task/install/multi_map_nav/lib/pkgconfig/multi_map_nav.pc'
[9.643s] Level 1:colcon.colcon_core.environment:checking '/home/dd/task/install/multi_map_nav/lib/python3.10/site-packages'
[9.644s] Level 1:colcon.colcon_core.environment:checking '/home/dd/task/install/multi_map_nav/bin'
[9.644s] INFO:colcon.colcon_core.shell:Creating package script '/home/dd/task/install/multi_map_nav/share/multi_map_nav/package.ps1'
[9.645s] INFO:colcon.colcon_core.shell:Creating package descriptor '/home/dd/task/install/multi_map_nav/share/multi_map_nav/package.dsv'
[9.646s] INFO:colcon.colcon_core.shell:Creating package script '/home/dd/task/install/multi_map_nav/share/multi_map_nav/package.sh'
[9.647s] INFO:colcon.colcon_core.shell:Creating package script '/home/dd/task/install/multi_map_nav/share/multi_map_nav/package.bash'
[9.647s] INFO:colcon.colcon_core.shell:Creating package script '/home/dd/task/install/multi_map_nav/share/multi_map_nav/package.zsh'
[9.648s] Level 1:colcon.colcon_core.environment:create_file_with_runtime_dependencies(/home/dd/task/install/multi_map_nav/share/colcon-core/packages/multi_map_nav)
[9.651s] DEBUG:colcon.colcon_parallel_executor.executor.parallel:closing loop
[9.652s] DEBUG:colcon.colcon_parallel_executor.executor.parallel:loop closed
[9.653s] DEBUG:colcon.colcon_parallel_executor.executor.parallel:run_until_complete finished with '2'
[9.653s] DEBUG:colcon.colcon_core.event_reactor:joining thread
[9.660s] INFO:colcon.colcon_core.plugin_system:Skipping extension 'colcon_notification.desktop_notification.terminal_notifier': Not used on non-Darwin systems
[9.660s] INFO:colcon.colcon_core.plugin_system:Skipping extension 'colcon_notification.desktop_notification.win32': Not used on non-Windows systems
[9.660s] INFO:colcon.colcon_notification.desktop_notification:Sending desktop notification using 'notify2'
[9.683s] DEBUG:colcon.colcon_core.event_reactor:joined thread
[9.685s] INFO:colcon.colcon_core.shell:Creating prefix script '/home/dd/task/install/local_setup.ps1'
[9.686s] INFO:colcon.colcon_core.shell:Creating prefix util module '/home/dd/task/install/_local_setup_util_ps1.py'
[9.689s] INFO:colcon.colcon_core.shell:Creating prefix chain script '/home/dd/task/install/setup.ps1'
[9.690s] INFO:colcon.colcon_core.shell:Creating prefix script '/home/dd/task/install/local_setup.sh'
[9.691s] INFO:colcon.colcon_core.shell:Creating prefix util module '/home/dd/task/install/_local_setup_util_sh.py'
[9.694s] INFO:colcon.colcon_core.shell:Creating prefix chain script '/home/dd/task/install/setup.sh'
[9.701s] INFO:colcon.colcon_core.shell:Creating prefix script '/home/dd/task/install/local_setup.bash'
[9.705s] INFO:colcon.colcon_core.shell:Creating prefix chain script '/home/dd/task/install/setup.bash'
[9.707s] INFO:colcon.colcon_core.shell:Creating prefix script '/home/dd/task/install/local_setup.zsh'
[9.709s] INFO:colcon.colcon_core.shell:Creating prefix chain script '/home/dd/task/install/setup.zsh'
