[0.214s] DEBUG:colcon:Command line arguments: ['/usr/bin/colcon', 'build', '--packages-select', 'multi_map_nav']
[0.215s] DEBUG:colcon:Parsed command line arguments: Namespace(log_base=None, log_level=None, verb_name='build', build_base='build', install_base='install', merge_install=False, symlink_install=False, test_result_base=None, continue_on_error=False, executor='parallel', parallel_workers=8, event_handlers=None, ignore_user_meta=False, metas=['./colcon.meta'], base_paths=['.'], packages_ignore=None, packages_ignore_regex=None, paths=None, packages_up_to=None, packages_up_to_regex=None, packages_above=None, packages_above_and_dependencies=None, packages_above_depth=None, packages_select_by_dep=None, packages_skip_by_dep=None, packages_skip_up_to=None, packages_select_build_failed=False, packages_skip_build_finished=False, packages_select_test_failures=False, packages_skip_test_passed=False, packages_select=['multi_map_nav'], packages_skip=None, packages_select_regex=None, packages_skip_regex=None, packages_start=None, packages_end=None, allow_overriding=[], cmake_args=None, cmake_target=None, cmake_target_skip_unavailable=False, cmake_clean_cache=False, cmake_clean_first=False, cmake_force_configure=False, ament_cmake_args=None, catkin_cmake_args=None, catkin_skip_building_tests=False, mixin_files=None, mixin=None, verb_parser=<colcon_mixin.mixin.mixin_argument.MixinArgumentDecorator object at 0x7b2baed66260>, verb_extension=<colcon_core.verb.build.BuildVerb object at 0x7b2baed65bd0>, main=<bound method BuildVerb.main of <colcon_core.verb.build.BuildVerb object at 0x7b2baed65bd0>>, mixin_verb=('build',))
[0.503s] Level 1:colcon.colcon_core.package_discovery:discover_packages(colcon_meta) check parameters
[0.503s] Level 1:colcon.colcon_core.package_discovery:discover_packages(recursive) check parameters
[0.503s] Level 1:colcon.colcon_core.package_discovery:discover_packages(ignore) check parameters
[0.503s] Level 1:colcon.colcon_core.package_discovery:discover_packages(path) check parameters
[0.504s] Level 1:colcon.colcon_core.package_discovery:discover_packages(colcon_meta) discover
[0.504s] Level 1:colcon.colcon_core.package_discovery:discover_packages(recursive) discover
[0.504s] INFO:colcon.colcon_core.package_discovery:Crawling recursively for packages in '/home/dd/task'
[0.504s] Level 1:colcon.colcon_core.package_identification:_identify(.) by extensions ['ignore', 'ignore_ament_install']
[0.504s] Level 1:colcon.colcon_core.package_identification:_identify(.) by extension 'ignore'
[0.504s] Level 1:colcon.colcon_core.package_identification:_identify(.) by extension 'ignore_ament_install'
[0.504s] Level 1:colcon.colcon_core.package_identification:_identify(.) by extensions ['colcon_pkg']
[0.504s] Level 1:colcon.colcon_core.package_identification:_identify(.) by extension 'colcon_pkg'
[0.504s] Level 1:colcon.colcon_core.package_identification:_identify(.) by extensions ['colcon_meta']
[0.504s] Level 1:colcon.colcon_core.package_identification:_identify(.) by extension 'colcon_meta'
[0.504s] Level 1:colcon.colcon_core.package_identification:_identify(.) by extensions ['ros']
[0.504s] Level 1:colcon.colcon_core.package_identification:_identify(.) by extension 'ros'
[0.523s] Level 1:colcon.colcon_core.package_identification:_identify(.) by extensions ['cmake', 'python']
[0.523s] Level 1:colcon.colcon_core.package_identification:_identify(.) by extension 'cmake'
[0.523s] Level 1:colcon.colcon_core.package_identification:_identify(.) by extension 'python'
[0.523s] Level 1:colcon.colcon_core.package_identification:_identify(.) by extensions ['python_setup_py']
[0.523s] Level 1:colcon.colcon_core.package_identification:_identify(.) by extension 'python_setup_py'
[0.523s] Level 1:colcon.colcon_core.package_identification:_identify(build) by extensions ['ignore', 'ignore_ament_install']
[0.523s] Level 1:colcon.colcon_core.package_identification:_identify(build) by extension 'ignore'
[0.524s] Level 1:colcon.colcon_core.package_identification:_identify(build) ignored
[0.524s] Level 1:colcon.colcon_core.package_identification:_identify(install) by extensions ['ignore', 'ignore_ament_install']
[0.524s] Level 1:colcon.colcon_core.package_identification:_identify(install) by extension 'ignore'
[0.524s] Level 1:colcon.colcon_core.package_identification:_identify(install) ignored
[0.524s] Level 1:colcon.colcon_core.package_identification:_identify(log) by extensions ['ignore', 'ignore_ament_install']
[0.524s] Level 1:colcon.colcon_core.package_identification:_identify(log) by extension 'ignore'
[0.524s] Level 1:colcon.colcon_core.package_identification:_identify(log) ignored
[0.524s] Level 1:colcon.colcon_core.package_identification:_identify(src) by extensions ['ignore', 'ignore_ament_install']
[0.525s] Level 1:colcon.colcon_core.package_identification:_identify(src) by extension 'ignore'
[0.525s] Level 1:colcon.colcon_core.package_identification:_identify(src) by extension 'ignore_ament_install'
[0.525s] Level 1:colcon.colcon_core.package_identification:_identify(src) by extensions ['colcon_pkg']
[0.525s] Level 1:colcon.colcon_core.package_identification:_identify(src) by extension 'colcon_pkg'
[0.525s] Level 1:colcon.colcon_core.package_identification:_identify(src) by extensions ['colcon_meta']
[0.525s] Level 1:colcon.colcon_core.package_identification:_identify(src) by extension 'colcon_meta'
[0.525s] Level 1:colcon.colcon_core.package_identification:_identify(src) by extensions ['ros']
[0.525s] Level 1:colcon.colcon_core.package_identification:_identify(src) by extension 'ros'
[0.525s] Level 1:colcon.colcon_core.package_identification:_identify(src) by extensions ['cmake', 'python']
[0.525s] Level 1:colcon.colcon_core.package_identification:_identify(src) by extension 'cmake'
[0.525s] Level 1:colcon.colcon_core.package_identification:_identify(src) by extension 'python'
[0.525s] Level 1:colcon.colcon_core.package_identification:_identify(src) by extensions ['python_setup_py']
[0.525s] Level 1:colcon.colcon_core.package_identification:_identify(src) by extension 'python_setup_py'
[0.525s] Level 1:colcon.colcon_core.package_identification:_identify(src/multi_map_nav) by extensions ['ignore', 'ignore_ament_install']
[0.526s] Level 1:colcon.colcon_core.package_identification:_identify(src/multi_map_nav) by extension 'ignore'
[0.526s] Level 1:colcon.colcon_core.package_identification:_identify(src/multi_map_nav) by extension 'ignore_ament_install'
[0.526s] Level 1:colcon.colcon_core.package_identification:_identify(src/multi_map_nav) by extensions ['colcon_pkg']
[0.526s] Level 1:colcon.colcon_core.package_identification:_identify(src/multi_map_nav) by extension 'colcon_pkg'
[0.526s] Level 1:colcon.colcon_core.package_identification:_identify(src/multi_map_nav) by extensions ['colcon_meta']
[0.526s] Level 1:colcon.colcon_core.package_identification:_identify(src/multi_map_nav) by extension 'colcon_meta'
[0.526s] Level 1:colcon.colcon_core.package_identification:_identify(src/multi_map_nav) by extensions ['ros']
[0.526s] Level 1:colcon.colcon_core.package_identification:_identify(src/multi_map_nav) by extension 'ros'
[0.531s] DEBUG:colcon.colcon_core.package_identification:Package 'src/multi_map_nav' with type 'ros.ament_cmake' and name 'multi_map_nav'
[0.532s] Level 1:colcon.colcon_core.package_identification:_identify(src/multi_map_nav_interfaces) by extensions ['ignore', 'ignore_ament_install']
[0.532s] Level 1:colcon.colcon_core.package_identification:_identify(src/multi_map_nav_interfaces) by extension 'ignore'
[0.532s] Level 1:colcon.colcon_core.package_identification:_identify(src/multi_map_nav_interfaces) by extension 'ignore_ament_install'
[0.532s] Level 1:colcon.colcon_core.package_identification:_identify(src/multi_map_nav_interfaces) by extensions ['colcon_pkg']
[0.532s] Level 1:colcon.colcon_core.package_identification:_identify(src/multi_map_nav_interfaces) by extension 'colcon_pkg'
[0.532s] Level 1:colcon.colcon_core.package_identification:_identify(src/multi_map_nav_interfaces) by extensions ['colcon_meta']
[0.532s] Level 1:colcon.colcon_core.package_identification:_identify(src/multi_map_nav_interfaces) by extension 'colcon_meta'
[0.533s] Level 1:colcon.colcon_core.package_identification:_identify(src/multi_map_nav_interfaces) by extensions ['ros']
[0.533s] Level 1:colcon.colcon_core.package_identification:_identify(src/multi_map_nav_interfaces) by extension 'ros'
[0.534s] DEBUG:colcon.colcon_core.package_identification:Package 'src/multi_map_nav_interfaces' with type 'ros.catkin' and name 'multi_map_nav_interfaces'
[0.534s] Level 1:colcon.colcon_core.package_discovery:discover_packages(recursive) using defaults
[0.534s] Level 1:colcon.colcon_core.package_discovery:discover_packages(ignore) discover
[0.534s] Level 1:colcon.colcon_core.package_discovery:discover_packages(ignore) using defaults
[0.534s] Level 1:colcon.colcon_core.package_discovery:discover_packages(path) discover
[0.534s] Level 1:colcon.colcon_core.package_discovery:discover_packages(path) using defaults
[0.585s] INFO:colcon.colcon_core.package_selection:Skipping not selected package 'multi_map_nav_interfaces' in 'src/multi_map_nav_interfaces'
[0.586s] Level 1:colcon.colcon_core.package_discovery:discover_packages(prefix_path) check parameters
[0.586s] Level 1:colcon.colcon_core.package_discovery:discover_packages(prefix_path) discover
[0.589s] DEBUG:colcon.colcon_installed_package_information.package_discovery:Found 2 installed packages in /home/dd/task/install
[0.592s] DEBUG:colcon.colcon_installed_package_information.package_discovery:Found 448 installed packages in /opt/ros/humble
[0.595s] Level 1:colcon.colcon_core.package_discovery:discover_packages(prefix_path) using defaults
[0.688s] Level 5:colcon.colcon_core.verb:set package 'multi_map_nav' build argument 'cmake_args' from command line to 'None'
[0.688s] Level 5:colcon.colcon_core.verb:set package 'multi_map_nav' build argument 'cmake_target' from command line to 'None'
[0.688s] Level 5:colcon.colcon_core.verb:set package 'multi_map_nav' build argument 'cmake_target_skip_unavailable' from command line to 'False'
[0.688s] Level 5:colcon.colcon_core.verb:set package 'multi_map_nav' build argument 'cmake_clean_cache' from command line to 'False'
[0.688s] Level 5:colcon.colcon_core.verb:set package 'multi_map_nav' build argument 'cmake_clean_first' from command line to 'False'
[0.688s] Level 5:colcon.colcon_core.verb:set package 'multi_map_nav' build argument 'cmake_force_configure' from command line to 'False'
[0.688s] Level 5:colcon.colcon_core.verb:set package 'multi_map_nav' build argument 'ament_cmake_args' from command line to 'None'
[0.688s] Level 5:colcon.colcon_core.verb:set package 'multi_map_nav' build argument 'catkin_cmake_args' from command line to 'None'
[0.688s] Level 5:colcon.colcon_core.verb:set package 'multi_map_nav' build argument 'catkin_skip_building_tests' from command line to 'False'
[0.688s] DEBUG:colcon.colcon_core.verb:Building package 'multi_map_nav' with the following arguments: {'ament_cmake_args': None, 'build_base': '/home/dd/task/build/multi_map_nav', 'catkin_cmake_args': None, 'catkin_skip_building_tests': False, 'cmake_args': None, 'cmake_clean_cache': False, 'cmake_clean_first': False, 'cmake_force_configure': False, 'cmake_target': None, 'cmake_target_skip_unavailable': False, 'install_base': '/home/dd/task/install/multi_map_nav', 'merge_install': False, 'path': '/home/dd/task/src/multi_map_nav', 'symlink_install': False, 'test_result_base': None}
[0.689s] INFO:colcon.colcon_core.executor:Executing jobs using 'parallel' executor
[0.691s] DEBUG:colcon.colcon_parallel_executor.executor.parallel:run_until_complete
[0.692s] INFO:colcon.colcon_ros.task.ament_cmake.build:Building ROS package in '/home/dd/task/src/multi_map_nav' with build type 'ament_cmake'
[0.692s] INFO:colcon.colcon_cmake.task.cmake.build:Building CMake package in '/home/dd/task/src/multi_map_nav'
[0.696s] INFO:colcon.colcon_core.plugin_system:Skipping extension 'colcon_core.shell.bat': Not used on non-Windows systems
[0.696s] INFO:colcon.colcon_core.shell:Skip shell extension 'powershell' for command environment: Not usable outside of PowerShell
[0.696s] DEBUG:colcon.colcon_core.shell:Skip shell extension 'dsv' for command environment
[0.719s] DEBUG:colcon.colcon_core.event_handler.log_command:Invoking command in '/home/dd/task/build/multi_map_nav': CMAKE_PREFIX_PATH=/opt/ros/humble:/home/dd/task/install/multi_map_nav_interfaces:/home/dd/task/install/multi_map_nav /usr/bin/cmake --build /home/dd/task/build/multi_map_nav -- -j8 -l8
[13.772s] DEBUG:colcon.colcon_core.event_handler.log_command:Invoked command in '/home/dd/task/build/multi_map_nav' returned '2': CMAKE_PREFIX_PATH=/opt/ros/humble:/home/dd/task/install/multi_map_nav_interfaces:/home/dd/task/install/multi_map_nav /usr/bin/cmake --build /home/dd/task/build/multi_map_nav -- -j8 -l8
[13.773s] Level 1:colcon.colcon_core.environment:create_environment_scripts_only(multi_map_nav)
[13.778s] Level 1:colcon.colcon_core.environment:checking '/home/dd/task/install/multi_map_nav' for CMake module files
[13.780s] Level 1:colcon.colcon_core.environment:checking '/home/dd/task/install/multi_map_nav' for CMake config files
[13.781s] Level 1:colcon.colcon_core.shell:create_environment_hook('multi_map_nav', 'cmake_prefix_path')
[13.782s] INFO:colcon.colcon_core.shell:Creating environment hook '/home/dd/task/install/multi_map_nav/share/multi_map_nav/hook/cmake_prefix_path.ps1'
[13.784s] INFO:colcon.colcon_core.shell:Creating environment descriptor '/home/dd/task/install/multi_map_nav/share/multi_map_nav/hook/cmake_prefix_path.dsv'
[13.785s] INFO:colcon.colcon_core.shell:Creating environment hook '/home/dd/task/install/multi_map_nav/share/multi_map_nav/hook/cmake_prefix_path.sh'
[13.787s] Level 1:colcon.colcon_core.environment:checking '/home/dd/task/install/multi_map_nav/lib'
[13.787s] Level 1:colcon.colcon_core.environment:checking '/home/dd/task/install/multi_map_nav/bin'
[13.787s] Level 1:colcon.colcon_core.environment:checking '/home/dd/task/install/multi_map_nav/lib/pkgconfig/multi_map_nav.pc'
[13.788s] Level 1:colcon.colcon_core.environment:checking '/home/dd/task/install/multi_map_nav/lib/python3.10/site-packages'
[13.788s] Level 1:colcon.colcon_core.environment:checking '/home/dd/task/install/multi_map_nav/bin'
[13.789s] INFO:colcon.colcon_core.shell:Creating package script '/home/dd/task/install/multi_map_nav/share/multi_map_nav/package.ps1'
[13.791s] INFO:colcon.colcon_core.shell:Creating package descriptor '/home/dd/task/install/multi_map_nav/share/multi_map_nav/package.dsv'
[13.792s] INFO:colcon.colcon_core.shell:Creating package script '/home/dd/task/install/multi_map_nav/share/multi_map_nav/package.sh'
[13.793s] INFO:colcon.colcon_core.shell:Creating package script '/home/dd/task/install/multi_map_nav/share/multi_map_nav/package.bash'
[13.794s] INFO:colcon.colcon_core.shell:Creating package script '/home/dd/task/install/multi_map_nav/share/multi_map_nav/package.zsh'
[13.823s] Level 1:colcon.colcon_core.environment:create_file_with_runtime_dependencies(/home/dd/task/install/multi_map_nav/share/colcon-core/packages/multi_map_nav)
[13.834s] DEBUG:colcon.colcon_parallel_executor.executor.parallel:closing loop
[13.834s] DEBUG:colcon.colcon_parallel_executor.executor.parallel:loop closed
[13.834s] DEBUG:colcon.colcon_parallel_executor.executor.parallel:run_until_complete finished with '2'
[13.834s] DEBUG:colcon.colcon_core.event_reactor:joining thread
[13.842s] INFO:colcon.colcon_core.plugin_system:Skipping extension 'colcon_notification.desktop_notification.terminal_notifier': Not used on non-Darwin systems
[13.842s] INFO:colcon.colcon_core.plugin_system:Skipping extension 'colcon_notification.desktop_notification.win32': Not used on non-Windows systems
[13.843s] INFO:colcon.colcon_notification.desktop_notification:Sending desktop notification using 'notify2'
[13.862s] DEBUG:colcon.colcon_core.event_reactor:joined thread
[13.863s] INFO:colcon.colcon_core.shell:Creating prefix script '/home/dd/task/install/local_setup.ps1'
[13.865s] INFO:colcon.colcon_core.shell:Creating prefix util module '/home/dd/task/install/_local_setup_util_ps1.py'
[13.869s] INFO:colcon.colcon_core.shell:Creating prefix chain script '/home/dd/task/install/setup.ps1'
[13.873s] INFO:colcon.colcon_core.shell:Creating prefix script '/home/dd/task/install/local_setup.sh'
[13.876s] INFO:colcon.colcon_core.shell:Creating prefix util module '/home/dd/task/install/_local_setup_util_sh.py'
[13.880s] INFO:colcon.colcon_core.shell:Creating prefix chain script '/home/dd/task/install/setup.sh'
[13.885s] INFO:colcon.colcon_core.shell:Creating prefix script '/home/dd/task/install/local_setup.bash'
[13.886s] INFO:colcon.colcon_core.shell:Creating prefix chain script '/home/dd/task/install/setup.bash'
[13.889s] INFO:colcon.colcon_core.shell:Creating prefix script '/home/dd/task/install/local_setup.zsh'
[13.891s] INFO:colcon.colcon_core.shell:Creating prefix chain script '/home/dd/task/install/setup.zsh'
