[0.022s] Invoking command in '/home/dd/task/build/multi_map_nav': CMAKE_PREFIX_PATH=/opt/ros/humble:/home/dd/task/install/multi_map_nav_interfaces:/home/dd/task/install/multi_map_nav /usr/bin/cmake --build /home/dd/task/build/multi_map_nav -- -j8 -l8
[0.143s] [35m[1mConsolidate compiler generated dependencies of target multi_map_navigator_node[0m
[0.172s] [ 18%] Built target map_loader_node
[0.174s] [ 36%] Built target multi_map_navigator_server
[0.178s] [ 72%] Built target amcl_reset_node
[0.179s] [ 72%] Built target multi_map_test_client
[0.204s] [ 81%] [32mBuilding CXX object CMakeFiles/multi_map_navigator_node.dir/src/multi_map_navigator.cpp.o[0m
[14.885s] [ 90%] [32m[1mLinking CXX executable multi_map_navigator_node[0m
[16.701s] [100%] Built target multi_map_navigator_node
[16.721s] Invoked command in '/home/dd/task/build/multi_map_nav' returned '0': CMAKE_PREFIX_PATH=/opt/ros/humble:/home/dd/task/install/multi_map_nav_interfaces:/home/dd/task/install/multi_map_nav /usr/bin/cmake --build /home/dd/task/build/multi_map_nav -- -j8 -l8
[16.724s] Invoking command in '/home/dd/task/build/multi_map_nav': CMAKE_PREFIX_PATH=/opt/ros/humble:/home/dd/task/install/multi_map_nav_interfaces:/home/dd/task/install/multi_map_nav /usr/bin/cmake --install /home/dd/task/build/multi_map_nav
[16.783s] -- Install configuration: ""
[16.801s] -- Installing: /home/dd/task/install/multi_map_nav/lib/multi_map_nav/multi_map_navigator_node
[16.807s] -- Set runtime path of "/home/dd/task/install/multi_map_nav/lib/multi_map_nav/multi_map_navigator_node" to ""
[16.829s] -- Up-to-date: /home/dd/task/install/multi_map_nav/lib/multi_map_nav/multi_map_navigator_server
[16.850s] -- Up-to-date: /home/dd/task/install/multi_map_nav/lib/multi_map_nav/map_loader_node
[16.857s] -- Up-to-date: /home/dd/task/install/multi_map_nav/lib/multi_map_nav/amcl_reset_node
[16.878s] -- Up-to-date: /home/dd/task/install/multi_map_nav/lib/multi_map_nav/multi_map_test_client
[16.879s] -- Up-to-date: /home/dd/task/install/multi_map_nav/share/multi_map_nav/launch
[16.894s] -- Up-to-date: /home/dd/task/install/multi_map_nav/share/multi_map_nav/launch/bringup.launch.py
[16.894s] -- Up-to-date: /home/dd/task/install/multi_map_nav/share/multi_map_nav/maps
[16.895s] -- Up-to-date: /home/dd/task/install/multi_map_nav/share/multi_map_nav/maps/room1.png
[16.895s] -- Up-to-date: /home/dd/task/install/multi_map_nav/share/multi_map_nav/maps/room2.pgm
[16.895s] -- Up-to-date: /home/dd/task/install/multi_map_nav/share/multi_map_nav/maps/room2.yaml
[16.896s] -- Up-to-date: /home/dd/task/install/multi_map_nav/share/multi_map_nav/maps/room1.pgm
[16.896s] -- Up-to-date: /home/dd/task/install/multi_map_nav/share/multi_map_nav/maps/room2.png
[16.896s] -- Up-to-date: /home/dd/task/install/multi_map_nav/share/multi_map_nav/maps/room1.yaml
[16.896s] -- Up-to-date: /home/dd/task/install/multi_map_nav/share/ament_index/resource_index/package_run_dependencies/multi_map_nav
[16.896s] -- Up-to-date: /home/dd/task/install/multi_map_nav/share/ament_index/resource_index/parent_prefix_path/multi_map_nav
[16.897s] -- Up-to-date: /home/dd/task/install/multi_map_nav/share/multi_map_nav/environment/ament_prefix_path.sh
[16.897s] -- Up-to-date: /home/dd/task/install/multi_map_nav/share/multi_map_nav/environment/ament_prefix_path.dsv
[16.897s] -- Up-to-date: /home/dd/task/install/multi_map_nav/share/multi_map_nav/environment/path.sh
[16.897s] -- Up-to-date: /home/dd/task/install/multi_map_nav/share/multi_map_nav/environment/path.dsv
[16.897s] -- Up-to-date: /home/dd/task/install/multi_map_nav/share/multi_map_nav/local_setup.bash
[16.898s] -- Up-to-date: /home/dd/task/install/multi_map_nav/share/multi_map_nav/local_setup.sh
[16.898s] -- Up-to-date: /home/dd/task/install/multi_map_nav/share/multi_map_nav/local_setup.zsh
[16.898s] -- Up-to-date: /home/dd/task/install/multi_map_nav/share/multi_map_nav/local_setup.dsv
[16.898s] -- Installing: /home/dd/task/install/multi_map_nav/share/multi_map_nav/package.dsv
[16.912s] -- Up-to-date: /home/dd/task/install/multi_map_nav/share/ament_index/resource_index/packages/multi_map_nav
[16.912s] -- Up-to-date: /home/dd/task/install/multi_map_nav/share/multi_map_nav/cmake/multi_map_navConfig.cmake
[16.912s] -- Up-to-date: /home/dd/task/install/multi_map_nav/share/multi_map_nav/cmake/multi_map_navConfig-version.cmake
[16.912s] -- Up-to-date: /home/dd/task/install/multi_map_nav/share/multi_map_nav/package.xml
[16.915s] Invoked command in '/home/dd/task/build/multi_map_nav' returned '0': CMAKE_PREFIX_PATH=/opt/ros/humble:/home/dd/task/install/multi_map_nav_interfaces:/home/dd/task/install/multi_map_nav /usr/bin/cmake --install /home/dd/task/build/multi_map_nav
