[0.209s] DEBUG:colcon:Command line arguments: ['/usr/bin/colcon', 'build']
[0.209s] DEBUG:colcon:Parsed command line arguments: Namespace(log_base=None, log_level=None, verb_name='build', build_base='build', install_base='install', merge_install=False, symlink_install=False, test_result_base=None, continue_on_error=False, executor='parallel', parallel_workers=8, event_handlers=None, ignore_user_meta=False, metas=['./colcon.meta'], base_paths=['.'], packages_ignore=None, packages_ignore_regex=None, paths=None, packages_up_to=None, packages_up_to_regex=None, packages_above=None, packages_above_and_dependencies=None, packages_above_depth=None, packages_select_by_dep=None, packages_skip_by_dep=None, packages_skip_up_to=None, packages_select_build_failed=False, packages_skip_build_finished=False, packages_select_test_failures=False, packages_skip_test_passed=False, packages_select=None, packages_skip=None, packages_select_regex=None, packages_skip_regex=None, packages_start=None, packages_end=None, allow_overriding=[], cmake_args=None, cmake_target=None, cmake_target_skip_unavailable=False, cmake_clean_cache=False, cmake_clean_first=False, cmake_force_configure=False, ament_cmake_args=None, catkin_cmake_args=None, catkin_skip_building_tests=False, mixin_files=None, mixin=None, verb_parser=<colcon_mixin.mixin.mixin_argument.MixinArgumentDecorator object at 0x73d165975ff0>, verb_extension=<colcon_core.verb.build.BuildVerb object at 0x73d165975960>, main=<bound method BuildVerb.main of <colcon_core.verb.build.BuildVerb object at 0x73d165975960>>, mixin_verb=('build',))
[0.546s] Level 1:colcon.colcon_core.package_discovery:discover_packages(colcon_meta) check parameters
[0.547s] Level 1:colcon.colcon_core.package_discovery:discover_packages(recursive) check parameters
[0.547s] Level 1:colcon.colcon_core.package_discovery:discover_packages(ignore) check parameters
[0.547s] Level 1:colcon.colcon_core.package_discovery:discover_packages(path) check parameters
[0.547s] Level 1:colcon.colcon_core.package_discovery:discover_packages(colcon_meta) discover
[0.547s] Level 1:colcon.colcon_core.package_discovery:discover_packages(recursive) discover
[0.547s] INFO:colcon.colcon_core.package_discovery:Crawling recursively for packages in '/home/dd/task'
[0.547s] Level 1:colcon.colcon_core.package_identification:_identify(.) by extensions ['ignore', 'ignore_ament_install']
[0.547s] Level 1:colcon.colcon_core.package_identification:_identify(.) by extension 'ignore'
[0.547s] Level 1:colcon.colcon_core.package_identification:_identify(.) by extension 'ignore_ament_install'
[0.548s] Level 1:colcon.colcon_core.package_identification:_identify(.) by extensions ['colcon_pkg']
[0.548s] Level 1:colcon.colcon_core.package_identification:_identify(.) by extension 'colcon_pkg'
[0.548s] Level 1:colcon.colcon_core.package_identification:_identify(.) by extensions ['colcon_meta']
[0.548s] Level 1:colcon.colcon_core.package_identification:_identify(.) by extension 'colcon_meta'
[0.548s] Level 1:colcon.colcon_core.package_identification:_identify(.) by extensions ['ros']
[0.548s] Level 1:colcon.colcon_core.package_identification:_identify(.) by extension 'ros'
[0.565s] Level 1:colcon.colcon_core.package_identification:_identify(.) by extensions ['cmake', 'python']
[0.565s] Level 1:colcon.colcon_core.package_identification:_identify(.) by extension 'cmake'
[0.566s] Level 1:colcon.colcon_core.package_identification:_identify(.) by extension 'python'
[0.566s] Level 1:colcon.colcon_core.package_identification:_identify(.) by extensions ['python_setup_py']
[0.566s] Level 1:colcon.colcon_core.package_identification:_identify(.) by extension 'python_setup_py'
[0.566s] Level 1:colcon.colcon_core.package_identification:_identify(build) by extensions ['ignore', 'ignore_ament_install']
[0.566s] Level 1:colcon.colcon_core.package_identification:_identify(build) by extension 'ignore'
[0.566s] Level 1:colcon.colcon_core.package_identification:_identify(build) ignored
[0.566s] Level 1:colcon.colcon_core.package_identification:_identify(install) by extensions ['ignore', 'ignore_ament_install']
[0.567s] Level 1:colcon.colcon_core.package_identification:_identify(install) by extension 'ignore'
[0.567s] Level 1:colcon.colcon_core.package_identification:_identify(install) ignored
[0.567s] Level 1:colcon.colcon_core.package_identification:_identify(log) by extensions ['ignore', 'ignore_ament_install']
[0.567s] Level 1:colcon.colcon_core.package_identification:_identify(log) by extension 'ignore'
[0.567s] Level 1:colcon.colcon_core.package_identification:_identify(log) ignored
[0.567s] Level 1:colcon.colcon_core.package_identification:_identify(src) by extensions ['ignore', 'ignore_ament_install']
[0.568s] Level 1:colcon.colcon_core.package_identification:_identify(src) by extension 'ignore'
[0.568s] Level 1:colcon.colcon_core.package_identification:_identify(src) by extension 'ignore_ament_install'
[0.568s] Level 1:colcon.colcon_core.package_identification:_identify(src) by extensions ['colcon_pkg']
[0.568s] Level 1:colcon.colcon_core.package_identification:_identify(src) by extension 'colcon_pkg'
[0.568s] Level 1:colcon.colcon_core.package_identification:_identify(src) by extensions ['colcon_meta']
[0.568s] Level 1:colcon.colcon_core.package_identification:_identify(src) by extension 'colcon_meta'
[0.568s] Level 1:colcon.colcon_core.package_identification:_identify(src) by extensions ['ros']
[0.568s] Level 1:colcon.colcon_core.package_identification:_identify(src) by extension 'ros'
[0.568s] Level 1:colcon.colcon_core.package_identification:_identify(src) by extensions ['cmake', 'python']
[0.568s] Level 1:colcon.colcon_core.package_identification:_identify(src) by extension 'cmake'
[0.568s] Level 1:colcon.colcon_core.package_identification:_identify(src) by extension 'python'
[0.568s] Level 1:colcon.colcon_core.package_identification:_identify(src) by extensions ['python_setup_py']
[0.568s] Level 1:colcon.colcon_core.package_identification:_identify(src) by extension 'python_setup_py'
[0.569s] Level 1:colcon.colcon_core.package_identification:_identify(src/multi_map_nav) by extensions ['ignore', 'ignore_ament_install']
[0.569s] Level 1:colcon.colcon_core.package_identification:_identify(src/multi_map_nav) by extension 'ignore'
[0.569s] Level 1:colcon.colcon_core.package_identification:_identify(src/multi_map_nav) by extension 'ignore_ament_install'
[0.569s] Level 1:colcon.colcon_core.package_identification:_identify(src/multi_map_nav) by extensions ['colcon_pkg']
[0.569s] Level 1:colcon.colcon_core.package_identification:_identify(src/multi_map_nav) by extension 'colcon_pkg'
[0.569s] Level 1:colcon.colcon_core.package_identification:_identify(src/multi_map_nav) by extensions ['colcon_meta']
[0.569s] Level 1:colcon.colcon_core.package_identification:_identify(src/multi_map_nav) by extension 'colcon_meta'
[0.569s] Level 1:colcon.colcon_core.package_identification:_identify(src/multi_map_nav) by extensions ['ros']
[0.569s] Level 1:colcon.colcon_core.package_identification:_identify(src/multi_map_nav) by extension 'ros'
[0.575s] DEBUG:colcon.colcon_core.package_identification:Package 'src/multi_map_nav' with type 'ros.ament_cmake' and name 'multi_map_nav'
[0.576s] Level 1:colcon.colcon_core.package_identification:_identify(src/multi_map_nav_interfaces) by extensions ['ignore', 'ignore_ament_install']
[0.576s] Level 1:colcon.colcon_core.package_identification:_identify(src/multi_map_nav_interfaces) by extension 'ignore'
[0.576s] Level 1:colcon.colcon_core.package_identification:_identify(src/multi_map_nav_interfaces) by extension 'ignore_ament_install'
[0.576s] Level 1:colcon.colcon_core.package_identification:_identify(src/multi_map_nav_interfaces) by extensions ['colcon_pkg']
[0.576s] Level 1:colcon.colcon_core.package_identification:_identify(src/multi_map_nav_interfaces) by extension 'colcon_pkg'
[0.576s] Level 1:colcon.colcon_core.package_identification:_identify(src/multi_map_nav_interfaces) by extensions ['colcon_meta']
[0.576s] Level 1:colcon.colcon_core.package_identification:_identify(src/multi_map_nav_interfaces) by extension 'colcon_meta'
[0.576s] Level 1:colcon.colcon_core.package_identification:_identify(src/multi_map_nav_interfaces) by extensions ['ros']
[0.576s] Level 1:colcon.colcon_core.package_identification:_identify(src/multi_map_nav_interfaces) by extension 'ros'
[0.578s] DEBUG:colcon.colcon_core.package_identification:Package 'src/multi_map_nav_interfaces' with type 'ros.catkin' and name 'multi_map_nav_interfaces'
[0.578s] Level 1:colcon.colcon_core.package_discovery:discover_packages(recursive) using defaults
[0.578s] Level 1:colcon.colcon_core.package_discovery:discover_packages(ignore) discover
[0.578s] Level 1:colcon.colcon_core.package_discovery:discover_packages(ignore) using defaults
[0.578s] Level 1:colcon.colcon_core.package_discovery:discover_packages(path) discover
[0.578s] Level 1:colcon.colcon_core.package_discovery:discover_packages(path) using defaults
[0.638s] Level 1:colcon.colcon_core.package_discovery:discover_packages(prefix_path) check parameters
[0.638s] Level 1:colcon.colcon_core.package_discovery:discover_packages(prefix_path) discover
[0.643s] DEBUG:colcon.colcon_installed_package_information.package_discovery:Found 448 installed packages in /opt/ros/humble
[0.647s] Level 1:colcon.colcon_core.package_discovery:discover_packages(prefix_path) using defaults
[0.749s] Level 5:colcon.colcon_core.verb:set package 'multi_map_nav_interfaces' build argument 'cmake_args' from command line to 'None'
[0.749s] Level 5:colcon.colcon_core.verb:set package 'multi_map_nav_interfaces' build argument 'cmake_target' from command line to 'None'
[0.749s] Level 5:colcon.colcon_core.verb:set package 'multi_map_nav_interfaces' build argument 'cmake_target_skip_unavailable' from command line to 'False'
[0.749s] Level 5:colcon.colcon_core.verb:set package 'multi_map_nav_interfaces' build argument 'cmake_clean_cache' from command line to 'False'
[0.749s] Level 5:colcon.colcon_core.verb:set package 'multi_map_nav_interfaces' build argument 'cmake_clean_first' from command line to 'False'
[0.750s] Level 5:colcon.colcon_core.verb:set package 'multi_map_nav_interfaces' build argument 'cmake_force_configure' from command line to 'False'
[0.750s] Level 5:colcon.colcon_core.verb:set package 'multi_map_nav_interfaces' build argument 'ament_cmake_args' from command line to 'None'
[0.750s] Level 5:colcon.colcon_core.verb:set package 'multi_map_nav_interfaces' build argument 'catkin_cmake_args' from command line to 'None'
[0.750s] Level 5:colcon.colcon_core.verb:set package 'multi_map_nav_interfaces' build argument 'catkin_skip_building_tests' from command line to 'False'
[0.750s] DEBUG:colcon.colcon_core.verb:Building package 'multi_map_nav_interfaces' with the following arguments: {'ament_cmake_args': None, 'build_base': '/home/dd/task/build/multi_map_nav_interfaces', 'catkin_cmake_args': None, 'catkin_skip_building_tests': False, 'cmake_args': None, 'cmake_clean_cache': False, 'cmake_clean_first': False, 'cmake_force_configure': False, 'cmake_target': None, 'cmake_target_skip_unavailable': False, 'install_base': '/home/dd/task/install/multi_map_nav_interfaces', 'merge_install': False, 'path': '/home/dd/task/src/multi_map_nav_interfaces', 'symlink_install': False, 'test_result_base': None}
[0.750s] Level 5:colcon.colcon_core.verb:set package 'multi_map_nav' build argument 'cmake_args' from command line to 'None'
[0.751s] Level 5:colcon.colcon_core.verb:set package 'multi_map_nav' build argument 'cmake_target' from command line to 'None'
[0.751s] Level 5:colcon.colcon_core.verb:set package 'multi_map_nav' build argument 'cmake_target_skip_unavailable' from command line to 'False'
[0.751s] Level 5:colcon.colcon_core.verb:set package 'multi_map_nav' build argument 'cmake_clean_cache' from command line to 'False'
[0.751s] Level 5:colcon.colcon_core.verb:set package 'multi_map_nav' build argument 'cmake_clean_first' from command line to 'False'
[0.751s] Level 5:colcon.colcon_core.verb:set package 'multi_map_nav' build argument 'cmake_force_configure' from command line to 'False'
[0.751s] Level 5:colcon.colcon_core.verb:set package 'multi_map_nav' build argument 'ament_cmake_args' from command line to 'None'
[0.751s] Level 5:colcon.colcon_core.verb:set package 'multi_map_nav' build argument 'catkin_cmake_args' from command line to 'None'
[0.751s] Level 5:colcon.colcon_core.verb:set package 'multi_map_nav' build argument 'catkin_skip_building_tests' from command line to 'False'
[0.751s] DEBUG:colcon.colcon_core.verb:Building package 'multi_map_nav' with the following arguments: {'ament_cmake_args': None, 'build_base': '/home/dd/task/build/multi_map_nav', 'catkin_cmake_args': None, 'catkin_skip_building_tests': False, 'cmake_args': None, 'cmake_clean_cache': False, 'cmake_clean_first': False, 'cmake_force_configure': False, 'cmake_target': None, 'cmake_target_skip_unavailable': False, 'install_base': '/home/dd/task/install/multi_map_nav', 'merge_install': False, 'path': '/home/dd/task/src/multi_map_nav', 'symlink_install': False, 'test_result_base': None}
[0.751s] INFO:colcon.colcon_core.executor:Executing jobs using 'parallel' executor
[0.753s] DEBUG:colcon.colcon_parallel_executor.executor.parallel:run_until_complete
[0.753s] INFO:colcon.colcon_ros.task.catkin.build:Building ROS package in '/home/dd/task/src/multi_map_nav_interfaces' with build type 'catkin'
[0.754s] INFO:colcon.colcon_cmake.task.cmake.build:Building CMake package in '/home/dd/task/src/multi_map_nav_interfaces'
[0.756s] INFO:colcon.colcon_core.plugin_system:Skipping extension 'colcon_core.shell.bat': Not used on non-Windows systems
[0.757s] INFO:colcon.colcon_core.shell:Skip shell extension 'powershell' for command environment: Not usable outside of PowerShell
[0.757s] DEBUG:colcon.colcon_core.shell:Skip shell extension 'dsv' for command environment
[0.775s] DEBUG:colcon.colcon_core.event_handler.log_command:Invoking command in '/home/dd/task/build/multi_map_nav_interfaces': /usr/bin/cmake --build /home/dd/task/build/multi_map_nav_interfaces -- -j8 -l8
[1.620s] DEBUG:colcon.colcon_core.event_handler.log_command:Invoked command in '/home/dd/task/build/multi_map_nav_interfaces' returned '0': /usr/bin/cmake --build /home/dd/task/build/multi_map_nav_interfaces -- -j8 -l8
[1.641s] DEBUG:colcon.colcon_core.event_handler.log_command:Invoking command in '/home/dd/task/build/multi_map_nav_interfaces': /usr/bin/cmake --install /home/dd/task/build/multi_map_nav_interfaces
[1.766s] Level 1:colcon.colcon_core.shell:create_environment_hook('multi_map_nav_interfaces', 'ros_package_path')
[1.767s] INFO:colcon.colcon_core.shell:Creating environment hook '/home/dd/task/install/multi_map_nav_interfaces/share/multi_map_nav_interfaces/hook/ros_package_path.ps1'
[1.770s] INFO:colcon.colcon_core.shell:Creating environment descriptor '/home/dd/task/install/multi_map_nav_interfaces/share/multi_map_nav_interfaces/hook/ros_package_path.dsv'
[1.770s] DEBUG:colcon.colcon_core.event_handler.log_command:Invoked command in '/home/dd/task/build/multi_map_nav_interfaces' returned '0': /usr/bin/cmake --install /home/dd/task/build/multi_map_nav_interfaces
[1.771s] INFO:colcon.colcon_core.shell:Creating environment hook '/home/dd/task/install/multi_map_nav_interfaces/share/multi_map_nav_interfaces/hook/ros_package_path.sh'
[1.774s] Level 1:colcon.colcon_ros.task.catkin:checking '/home/dd/task/install/multi_map_nav_interfaces/local/lib/python3.10/dist-packages'
[1.774s] Level 1:colcon.colcon_core.shell:create_environment_hook('multi_map_nav_interfaces', 'catkin_pythonpath')
[1.774s] INFO:colcon.colcon_core.shell:Creating environment hook '/home/dd/task/install/multi_map_nav_interfaces/share/multi_map_nav_interfaces/hook/catkin_pythonpath.ps1'
[1.775s] INFO:colcon.colcon_core.shell:Creating environment descriptor '/home/dd/task/install/multi_map_nav_interfaces/share/multi_map_nav_interfaces/hook/catkin_pythonpath.dsv'
[1.776s] INFO:colcon.colcon_core.shell:Creating environment hook '/home/dd/task/install/multi_map_nav_interfaces/share/multi_map_nav_interfaces/hook/catkin_pythonpath.sh'
[1.777s] Level 1:colcon.colcon_core.shell:create_environment_hook('multi_map_nav_interfaces', 'pkg_config_path')
[1.778s] INFO:colcon.colcon_core.shell:Creating environment hook '/home/dd/task/install/multi_map_nav_interfaces/share/multi_map_nav_interfaces/hook/pkg_config_path.ps1'
[1.779s] INFO:colcon.colcon_core.shell:Creating environment descriptor '/home/dd/task/install/multi_map_nav_interfaces/share/multi_map_nav_interfaces/hook/pkg_config_path.dsv'
[1.779s] INFO:colcon.colcon_core.shell:Creating environment hook '/home/dd/task/install/multi_map_nav_interfaces/share/multi_map_nav_interfaces/hook/pkg_config_path.sh'
[1.784s] Level 1:colcon.colcon_core.shell:create_environment_hook('multi_map_nav_interfaces', 'pkg_config_path_multiarch')
[1.785s] INFO:colcon.colcon_core.shell:Creating environment hook '/home/dd/task/install/multi_map_nav_interfaces/share/multi_map_nav_interfaces/hook/pkg_config_path_multiarch.ps1'
[1.786s] INFO:colcon.colcon_core.shell:Creating environment descriptor '/home/dd/task/install/multi_map_nav_interfaces/share/multi_map_nav_interfaces/hook/pkg_config_path_multiarch.dsv'
[1.789s] INFO:colcon.colcon_core.shell:Creating environment hook '/home/dd/task/install/multi_map_nav_interfaces/share/multi_map_nav_interfaces/hook/pkg_config_path_multiarch.sh'
[1.792s] Level 1:colcon.colcon_core.environment:create_environment_scripts_only(multi_map_nav_interfaces)
[1.799s] Level 1:colcon.colcon_core.environment:checking '/home/dd/task/install/multi_map_nav_interfaces' for CMake module files
[1.802s] Level 1:colcon.colcon_core.environment:checking '/home/dd/task/install/multi_map_nav_interfaces' for CMake config files
[1.803s] Level 1:colcon.colcon_core.shell:create_environment_hook('multi_map_nav_interfaces', 'cmake_prefix_path')
[1.805s] INFO:colcon.colcon_core.shell:Creating environment hook '/home/dd/task/install/multi_map_nav_interfaces/share/multi_map_nav_interfaces/hook/cmake_prefix_path.ps1'
[1.806s] INFO:colcon.colcon_core.shell:Creating environment descriptor '/home/dd/task/install/multi_map_nav_interfaces/share/multi_map_nav_interfaces/hook/cmake_prefix_path.dsv'
[1.807s] INFO:colcon.colcon_core.shell:Creating environment hook '/home/dd/task/install/multi_map_nav_interfaces/share/multi_map_nav_interfaces/hook/cmake_prefix_path.sh'
[1.809s] Level 1:colcon.colcon_core.environment:checking '/home/dd/task/install/multi_map_nav_interfaces/lib'
[1.809s] Level 1:colcon.colcon_core.shell:create_environment_hook('multi_map_nav_interfaces', 'ld_library_path_lib')
[1.810s] INFO:colcon.colcon_core.shell:Creating environment hook '/home/dd/task/install/multi_map_nav_interfaces/share/multi_map_nav_interfaces/hook/ld_library_path_lib.ps1'
[1.811s] INFO:colcon.colcon_core.shell:Creating environment descriptor '/home/dd/task/install/multi_map_nav_interfaces/share/multi_map_nav_interfaces/hook/ld_library_path_lib.dsv'
[1.812s] INFO:colcon.colcon_core.shell:Creating environment hook '/home/dd/task/install/multi_map_nav_interfaces/share/multi_map_nav_interfaces/hook/ld_library_path_lib.sh'
[1.813s] Level 1:colcon.colcon_core.environment:checking '/home/dd/task/install/multi_map_nav_interfaces/bin'
[1.813s] Level 1:colcon.colcon_core.environment:checking '/home/dd/task/install/multi_map_nav_interfaces/lib/pkgconfig/multi_map_nav_interfaces.pc'
[1.814s] Level 1:colcon.colcon_core.environment:checking '/home/dd/task/install/multi_map_nav_interfaces/lib/python3.10/site-packages'
[1.815s] Level 1:colcon.colcon_core.environment:checking '/home/dd/task/install/multi_map_nav_interfaces/bin'
[1.817s] INFO:colcon.colcon_core.shell:Creating package script '/home/dd/task/install/multi_map_nav_interfaces/share/multi_map_nav_interfaces/package.ps1'
[1.821s] INFO:colcon.colcon_core.shell:Creating package descriptor '/home/dd/task/install/multi_map_nav_interfaces/share/multi_map_nav_interfaces/package.dsv'
[1.823s] INFO:colcon.colcon_core.shell:Creating package script '/home/dd/task/install/multi_map_nav_interfaces/share/multi_map_nav_interfaces/package.sh'
[1.826s] INFO:colcon.colcon_core.shell:Creating package script '/home/dd/task/install/multi_map_nav_interfaces/share/multi_map_nav_interfaces/package.bash'
[1.827s] INFO:colcon.colcon_core.shell:Creating package script '/home/dd/task/install/multi_map_nav_interfaces/share/multi_map_nav_interfaces/package.zsh'
[1.829s] Level 1:colcon.colcon_core.environment:create_file_with_runtime_dependencies(/home/dd/task/install/multi_map_nav_interfaces/share/colcon-core/packages/multi_map_nav_interfaces)
[1.830s] INFO:colcon.colcon_ros.task.ament_cmake.build:Building ROS package in '/home/dd/task/src/multi_map_nav' with build type 'ament_cmake'
[1.830s] INFO:colcon.colcon_cmake.task.cmake.build:Building CMake package in '/home/dd/task/src/multi_map_nav'
[1.831s] INFO:colcon.colcon_core.shell:Skip shell extension 'powershell' for command environment: Not usable outside of PowerShell
[1.831s] DEBUG:colcon.colcon_core.shell:Skip shell extension 'dsv' for command environment
[1.854s] DEBUG:colcon.colcon_core.event_handler.log_command:Invoking command in '/home/dd/task/build/multi_map_nav': CMAKE_PREFIX_PATH=/opt/ros/humble:/home/dd/task/install/multi_map_nav_interfaces LD_LIBRARY_PATH=/home/dd/task/install/multi_map_nav_interfaces/lib:${LD_LIBRARY_PATH} PKG_CONFIG_PATH=/home/dd/task/install/multi_map_nav_interfaces/lib/x86_64-linux-gnu/pkgconfig:/home/dd/task/install/multi_map_nav_interfaces/lib/pkgconfig PYTHONPATH=/home/dd/task/install/multi_map_nav_interfaces/local/lib/python3.10/dist-packages:${PYTHONPATH} ROS_PACKAGE_PATH=/home/dd/task/install/multi_map_nav_interfaces/share /usr/bin/cmake --build /home/dd/task/build/multi_map_nav -- -j8 -l8
[2.027s] DEBUG:colcon.colcon_core.event_handler.log_command:Invoked command in '/home/dd/task/build/multi_map_nav' returned '0': CMAKE_PREFIX_PATH=/opt/ros/humble:/home/dd/task/install/multi_map_nav_interfaces LD_LIBRARY_PATH=/home/dd/task/install/multi_map_nav_interfaces/lib:${LD_LIBRARY_PATH} PKG_CONFIG_PATH=/home/dd/task/install/multi_map_nav_interfaces/lib/x86_64-linux-gnu/pkgconfig:/home/dd/task/install/multi_map_nav_interfaces/lib/pkgconfig PYTHONPATH=/home/dd/task/install/multi_map_nav_interfaces/local/lib/python3.10/dist-packages:${PYTHONPATH} ROS_PACKAGE_PATH=/home/dd/task/install/multi_map_nav_interfaces/share /usr/bin/cmake --build /home/dd/task/build/multi_map_nav -- -j8 -l8
[2.032s] DEBUG:colcon.colcon_core.event_handler.log_command:Invoking command in '/home/dd/task/build/multi_map_nav': CMAKE_PREFIX_PATH=/opt/ros/humble:/home/dd/task/install/multi_map_nav_interfaces LD_LIBRARY_PATH=/home/dd/task/install/multi_map_nav_interfaces/lib:${LD_LIBRARY_PATH} PKG_CONFIG_PATH=/home/dd/task/install/multi_map_nav_interfaces/lib/x86_64-linux-gnu/pkgconfig:/home/dd/task/install/multi_map_nav_interfaces/lib/pkgconfig PYTHONPATH=/home/dd/task/install/multi_map_nav_interfaces/local/lib/python3.10/dist-packages:${PYTHONPATH} ROS_PACKAGE_PATH=/home/dd/task/install/multi_map_nav_interfaces/share /usr/bin/cmake --install /home/dd/task/build/multi_map_nav
[2.057s] Level 1:colcon.colcon_core.environment:create_environment_scripts_only(multi_map_nav)
[2.058s] Level 1:colcon.colcon_core.environment:checking '/home/dd/task/install/multi_map_nav' for CMake module files
[2.059s] DEBUG:colcon.colcon_core.event_handler.log_command:Invoked command in '/home/dd/task/build/multi_map_nav' returned '0': CMAKE_PREFIX_PATH=/opt/ros/humble:/home/dd/task/install/multi_map_nav_interfaces LD_LIBRARY_PATH=/home/dd/task/install/multi_map_nav_interfaces/lib:${LD_LIBRARY_PATH} PKG_CONFIG_PATH=/home/dd/task/install/multi_map_nav_interfaces/lib/x86_64-linux-gnu/pkgconfig:/home/dd/task/install/multi_map_nav_interfaces/lib/pkgconfig PYTHONPATH=/home/dd/task/install/multi_map_nav_interfaces/local/lib/python3.10/dist-packages:${PYTHONPATH} ROS_PACKAGE_PATH=/home/dd/task/install/multi_map_nav_interfaces/share /usr/bin/cmake --install /home/dd/task/build/multi_map_nav
[2.060s] Level 1:colcon.colcon_core.environment:checking '/home/dd/task/install/multi_map_nav' for CMake config files
[2.061s] Level 1:colcon.colcon_core.shell:create_environment_hook('multi_map_nav', 'cmake_prefix_path')
[2.061s] INFO:colcon.colcon_core.shell:Creating environment hook '/home/dd/task/install/multi_map_nav/share/multi_map_nav/hook/cmake_prefix_path.ps1'
[2.063s] INFO:colcon.colcon_core.shell:Creating environment descriptor '/home/dd/task/install/multi_map_nav/share/multi_map_nav/hook/cmake_prefix_path.dsv'
[2.063s] INFO:colcon.colcon_core.shell:Creating environment hook '/home/dd/task/install/multi_map_nav/share/multi_map_nav/hook/cmake_prefix_path.sh'
[2.065s] Level 1:colcon.colcon_core.environment:checking '/home/dd/task/install/multi_map_nav/lib'
[2.065s] Level 1:colcon.colcon_core.environment:checking '/home/dd/task/install/multi_map_nav/bin'
[2.065s] Level 1:colcon.colcon_core.environment:checking '/home/dd/task/install/multi_map_nav/lib/pkgconfig/multi_map_nav.pc'
[2.066s] Level 1:colcon.colcon_core.environment:checking '/home/dd/task/install/multi_map_nav/lib/python3.10/site-packages'
[2.066s] Level 1:colcon.colcon_core.environment:checking '/home/dd/task/install/multi_map_nav/bin'
[2.067s] INFO:colcon.colcon_core.shell:Creating package script '/home/dd/task/install/multi_map_nav/share/multi_map_nav/package.ps1'
[2.068s] INFO:colcon.colcon_core.shell:Creating package descriptor '/home/dd/task/install/multi_map_nav/share/multi_map_nav/package.dsv'
[2.070s] INFO:colcon.colcon_core.shell:Creating package script '/home/dd/task/install/multi_map_nav/share/multi_map_nav/package.sh'
[2.071s] INFO:colcon.colcon_core.shell:Creating package script '/home/dd/task/install/multi_map_nav/share/multi_map_nav/package.bash'
[2.072s] INFO:colcon.colcon_core.shell:Creating package script '/home/dd/task/install/multi_map_nav/share/multi_map_nav/package.zsh'
[2.074s] Level 1:colcon.colcon_core.environment:create_file_with_runtime_dependencies(/home/dd/task/install/multi_map_nav/share/colcon-core/packages/multi_map_nav)
[2.076s] Level 1:colcon.colcon_core.environment:create_environment_scripts_only(multi_map_nav)
[2.076s] Level 1:colcon.colcon_core.environment:checking '/home/dd/task/install/multi_map_nav' for CMake module files
[2.078s] Level 1:colcon.colcon_core.environment:checking '/home/dd/task/install/multi_map_nav' for CMake config files
[2.079s] Level 1:colcon.colcon_core.shell:create_environment_hook('multi_map_nav', 'cmake_prefix_path')
[2.079s] INFO:colcon.colcon_core.shell:Creating environment hook '/home/dd/task/install/multi_map_nav/share/multi_map_nav/hook/cmake_prefix_path.ps1'
[2.080s] INFO:colcon.colcon_core.shell:Creating environment descriptor '/home/dd/task/install/multi_map_nav/share/multi_map_nav/hook/cmake_prefix_path.dsv'
[2.081s] INFO:colcon.colcon_core.shell:Creating environment hook '/home/dd/task/install/multi_map_nav/share/multi_map_nav/hook/cmake_prefix_path.sh'
[2.083s] Level 1:colcon.colcon_core.environment:checking '/home/dd/task/install/multi_map_nav/lib'
[2.083s] Level 1:colcon.colcon_core.environment:checking '/home/dd/task/install/multi_map_nav/bin'
[2.083s] Level 1:colcon.colcon_core.environment:checking '/home/dd/task/install/multi_map_nav/lib/pkgconfig/multi_map_nav.pc'
[2.084s] Level 1:colcon.colcon_core.environment:checking '/home/dd/task/install/multi_map_nav/lib/python3.10/site-packages'
[2.085s] Level 1:colcon.colcon_core.environment:checking '/home/dd/task/install/multi_map_nav/bin'
[2.086s] INFO:colcon.colcon_core.shell:Creating package script '/home/dd/task/install/multi_map_nav/share/multi_map_nav/package.ps1'
[2.088s] INFO:colcon.colcon_core.shell:Creating package descriptor '/home/dd/task/install/multi_map_nav/share/multi_map_nav/package.dsv'
[2.090s] INFO:colcon.colcon_core.shell:Creating package script '/home/dd/task/install/multi_map_nav/share/multi_map_nav/package.sh'
[2.092s] INFO:colcon.colcon_core.shell:Creating package script '/home/dd/task/install/multi_map_nav/share/multi_map_nav/package.bash'
[2.093s] INFO:colcon.colcon_core.shell:Creating package script '/home/dd/task/install/multi_map_nav/share/multi_map_nav/package.zsh'
[2.095s] Level 1:colcon.colcon_core.environment:create_file_with_runtime_dependencies(/home/dd/task/install/multi_map_nav/share/colcon-core/packages/multi_map_nav)
[2.095s] DEBUG:colcon.colcon_parallel_executor.executor.parallel:closing loop
[2.096s] DEBUG:colcon.colcon_parallel_executor.executor.parallel:loop closed
[2.096s] DEBUG:colcon.colcon_parallel_executor.executor.parallel:run_until_complete finished with '0'
[2.096s] DEBUG:colcon.colcon_core.event_reactor:joining thread
[2.110s] INFO:colcon.colcon_core.plugin_system:Skipping extension 'colcon_notification.desktop_notification.terminal_notifier': Not used on non-Darwin systems
[2.111s] INFO:colcon.colcon_core.plugin_system:Skipping extension 'colcon_notification.desktop_notification.win32': Not used on non-Windows systems
[2.111s] INFO:colcon.colcon_notification.desktop_notification:Sending desktop notification using 'notify2'
[2.141s] DEBUG:colcon.colcon_core.event_reactor:joined thread
[2.142s] INFO:colcon.colcon_core.shell:Creating prefix script '/home/dd/task/install/local_setup.ps1'
[2.144s] INFO:colcon.colcon_core.shell:Creating prefix util module '/home/dd/task/install/_local_setup_util_ps1.py'
[2.148s] INFO:colcon.colcon_core.shell:Creating prefix chain script '/home/dd/task/install/setup.ps1'
[2.151s] INFO:colcon.colcon_core.shell:Creating prefix script '/home/dd/task/install/local_setup.sh'
[2.152s] INFO:colcon.colcon_core.shell:Creating prefix util module '/home/dd/task/install/_local_setup_util_sh.py'
[2.155s] INFO:colcon.colcon_core.shell:Creating prefix chain script '/home/dd/task/install/setup.sh'
[2.159s] INFO:colcon.colcon_core.shell:Creating prefix script '/home/dd/task/install/local_setup.bash'
[2.161s] INFO:colcon.colcon_core.shell:Creating prefix chain script '/home/dd/task/install/setup.bash'
[2.163s] INFO:colcon.colcon_core.shell:Creating prefix script '/home/dd/task/install/local_setup.zsh'
[2.165s] INFO:colcon.colcon_core.shell:Creating prefix chain script '/home/dd/task/install/setup.zsh'
