/home/dd/task/src/multi_map_nav/src/multi_map_navigator.cpp: In instantiation of ‘[01m[KMultiMapNavigator::send_goal(double, double, double, const string&)::<lambda(const auto:40&)> [with auto:40 = rclcpp_action::ClientGoalHandle<multi_map_nav_interfaces::action::MultiMapNavigate>::WrappedResult][m[K’:
[01m[K/usr/include/c++/11/type_traits:2530:26:[m[K   required by substitution of ‘[01m[Ktemplate<class _Fn, class ... _Args> static std::__result_of_success<decltype (declval<_Fn>()((declval<_Args>)()...)), std::__invoke_other> std::__result_of_other_impl::_S_test(int) [with _Fn = MultiMapNavigator::send_goal(double, double, double, const string&)::<lambda(const auto:40&)>&; _Args = {const rclcpp_action::ClientGoalHandle<multi_map_nav_interfaces::action::MultiMapNavigate>::WrappedResult&}][m[K’
[01m[K/usr/include/c++/11/type_traits:2541:55:[m[K   required from ‘[01m[Kstruct std::__result_of_impl<false, false, MultiMapNavigator::send_goal(double, double, double, const string&)::<lambda(const auto:40&)>&, const rclcpp_action::ClientGoalHandle<multi_map_nav_interfaces::action::MultiMapNavigate>::WrappedResult&>[m[K’
[01m[K/usr/include/c++/11/bits/std_function.h:348:9:[m[K   recursively required by substitution of ‘[01m[Ktemplate<class _Result, class _Ret> struct std::__is_invocable_impl<_Result, _Ret, true, std::__void_t<typename _CTp::type> > [with _Result = std::__invoke_result<MultiMapNavigator::send_goal(double, double, double, const string&)::<lambda(const auto:40&)>&, const rclcpp_action::ClientGoalHandle<multi_map_nav_interfaces::action::MultiMapNavigate>::WrappedResult&>; _Ret = void][m[K’
[01m[K/usr/include/c++/11/bits/std_function.h:348:9:[m[K   required from ‘[01m[Kstruct std::function<void(const rclcpp_action::ClientGoalHandle<multi_map_nav_interfaces::action::MultiMapNavigate>::WrappedResult&)>::_Callable<MultiMapNavigator::send_goal(double, double, double, const string&)::<lambda(const auto:40&)>, MultiMapNavigator::send_goal(double, double, double, const string&)::<lambda(const auto:40&)>, std::__invoke_result<MultiMapNavigator::send_goal(double, double, double, const string&)::<lambda(const auto:40&)>&, const rclcpp_action::ClientGoalHandle<multi_map_nav_interfaces::action::MultiMapNavigate>::WrappedResult&> >[m[K’
[01m[K/usr/include/c++/11/bits/std_function.h:353:8:[m[K   required by substitution of ‘[01m[Ktemplate<class _Res, class ... _ArgTypes> template<class _Cond, class _Tp> using _Requires = std::__enable_if_t<_Cond::value, _Tp> [with _Cond = std::function<void(const rclcpp_action::ClientGoalHandle<multi_map_nav_interfaces::action::MultiMapNavigate>::WrappedResult&)>::_Callable<MultiMapNavigator::send_goal(double, double, double, const string&)::<lambda(const auto:40&)>, MultiMapNavigator::send_goal(double, double, double, const string&)::<lambda(const auto:40&)>, std::__invoke_result<MultiMapNavigator::send_goal(double, double, double, const string&)::<lambda(const auto:40&)>&, const rclcpp_action::ClientGoalHandle<multi_map_nav_interfaces::action::MultiMapNavigate>::WrappedResult&> >; _Tp = void; _Res = void; _ArgTypes = {const rclcpp_action::ClientGoalHandle<multi_map_nav_interfaces::action::MultiMapNavigate>::WrappedResult&}][m[K’
[01m[K/usr/include/c++/11/bits/std_function.h:434:9:[m[K   required by substitution of ‘[01m[Ktemplate<class _Functor, class _Constraints> std::function<void(const rclcpp_action::ClientGoalHandle<multi_map_nav_interfaces::action::MultiMapNavigate>::WrappedResult&)>::function(_Functor&&) [with _Functor = MultiMapNavigator::send_goal(double, double, double, const string&)::<lambda(const auto:40&)>; _Constraints = <missing>][m[K’
[01m[K/home/dd/task/src/multi_map_nav/src/multi_map_navigator.cpp:112:3:[m[K   required from here
[01m[K/home/dd/task/src/multi_map_nav/src/multi_map_navigator.cpp:110:33:[m[K [01;31m[Kerror: [m[K‘[01m[Kconst struct rclcpp_action::ClientGoalHandle<multi_map_nav_interfaces::action::MultiMapNavigate>::WrappedResult[m[K’ has no member named ‘[01m[Kget[m[K’
  110 |     auto result = [01;31m[Kresult_future.get[m[K();
      |                   [01;31m[K~~~~~~~~~~~~~~^~~[m[K
[01m[K/home/dd/task/src/multi_map_nav/src/multi_map_navigator.cpp:[m[K In member function ‘[01m[Kvoid MultiMapNavigator::send_goal(double, double, double, const string&)[m[K’:
[01m[K/home/dd/task/src/multi_map_nav/src/multi_map_navigator.cpp:114:72:[m[K [01;31m[Kerror: [m[Kcannot convert ‘[01m[Kstd::shared_ptr<multi_map_nav_interfaces::action::MultiMapNavigate_Goal_<std::allocator<void> > >[m[K’ to ‘[01m[Kconst Goal&[m[K’ {aka ‘[01m[Kconst multi_map_nav_interfaces::action::MultiMapNavigate_Goal_<std::allocator<void> >&[m[K’}
  114 |   nav_client_->async_send_goal([01;31m[Kstd::make_shared<MultiMapNavigate::Goal>(goal)[m[K, send_goal_options);
      |                                [01;31m[K~~~~~~~~~~~~~~~~~~~~~~~~~~~~~~~~~~~~~~~~^~~~~~[m[K
      |                                                                        [01;31m[K|[m[K
      |                                                                        [01;31m[Kstd::shared_ptr<multi_map_nav_interfaces::action::MultiMapNavigate_Goal_<std::allocator<void> > >[m[K
In file included from [01m[K/opt/ros/humble/include/rclcpp_action/rclcpp_action/rclcpp_action.hpp:36[m[K,
                 from [01m[K/home/dd/task/src/multi_map_nav/include/multi_map_nav/multi_map_navigator.hpp:10[m[K,
                 from [01m[K/home/dd/task/src/multi_map_nav/src/multi_map_navigator.cpp:1[m[K:
[01m[K/opt/ros/humble/include/rclcpp_action/rclcpp_action/client.hpp:422:32:[m[K [01;36m[Knote: [m[K  initializing argument 1 of ‘[01m[Kstd::shared_future<typename rclcpp_action::ClientGoalHandle<ActionT>::SharedPtr> rclcpp_action::Client<ActionT>::async_send_goal(const Goal&, const rclcpp_action::Client<ActionT>::SendGoalOptions&) [with ActionT = multi_map_nav_interfaces::action::MultiMapNavigate; typename rclcpp_action::ClientGoalHandle<ActionT>::SharedPtr = std::shared_ptr<rclcpp_action::ClientGoalHandle<multi_map_nav_interfaces::action::MultiMapNavigate> >; rclcpp_action::Client<ActionT>::Goal = multi_map_nav_interfaces::action::MultiMapNavigate_Goal_<std::allocator<void> >][m[K’
  422 |   async_send_goal([01;36m[Kconst Goal & goal[m[K, const SendGoalOptions & options = SendGoalOptions())
      |                   [01;36m[K~~~~~~~~~~~~~^~~~[m[K
gmake[2]: *** [CMakeFiles/multi_map_navigator_node.dir/build.make:90: CMakeFiles/multi_map_navigator_node.dir/src/multi_map_navigator.cpp.o] Error 1
gmake[1]: *** [CMakeFiles/Makefile2:143: CMakeFiles/multi_map_navigator_node.dir/all] Error 2
gmake: *** [Makefile:146: all] Error 2
