[0.231s] DEBUG:colcon:Command line arguments: ['/usr/bin/colcon', 'build']
[0.232s] DEBUG:colcon:Parsed command line arguments: Namespace(log_base=None, log_level=None, verb_name='build', build_base='build', install_base='install', merge_install=False, symlink_install=False, test_result_base=None, continue_on_error=False, executor='parallel', parallel_workers=8, event_handlers=None, ignore_user_meta=False, metas=['./colcon.meta'], base_paths=['.'], packages_ignore=None, packages_ignore_regex=None, paths=None, packages_up_to=None, packages_up_to_regex=None, packages_above=None, packages_above_and_dependencies=None, packages_above_depth=None, packages_select_by_dep=None, packages_skip_by_dep=None, packages_skip_up_to=None, packages_select_build_failed=False, packages_skip_build_finished=False, packages_select_test_failures=False, packages_skip_test_passed=False, packages_select=None, packages_skip=None, packages_select_regex=None, packages_skip_regex=None, packages_start=None, packages_end=None, allow_overriding=[], cmake_args=None, cmake_target=None, cmake_target_skip_unavailable=False, cmake_clean_cache=False, cmake_clean_first=False, cmake_force_configure=False, ament_cmake_args=None, catkin_cmake_args=None, catkin_skip_building_tests=False, mixin_files=None, mixin=None, verb_parser=<colcon_mixin.mixin.mixin_argument.MixinArgumentDecorator object at 0x72e53b862200>, verb_extension=<colcon_core.verb.build.BuildVerb object at 0x72e53b861b70>, main=<bound method BuildVerb.main of <colcon_core.verb.build.BuildVerb object at 0x72e53b861b70>>, mixin_verb=('build',))
[0.613s] Level 1:colcon.colcon_core.package_discovery:discover_packages(colcon_meta) check parameters
[0.614s] Level 1:colcon.colcon_core.package_discovery:discover_packages(recursive) check parameters
[0.614s] Level 1:colcon.colcon_core.package_discovery:discover_packages(ignore) check parameters
[0.614s] Level 1:colcon.colcon_core.package_discovery:discover_packages(path) check parameters
[0.614s] Level 1:colcon.colcon_core.package_discovery:discover_packages(colcon_meta) discover
[0.614s] Level 1:colcon.colcon_core.package_discovery:discover_packages(recursive) discover
[0.614s] INFO:colcon.colcon_core.package_discovery:Crawling recursively for packages in '/home/dd/task'
[0.614s] Level 1:colcon.colcon_core.package_identification:_identify(.) by extensions ['ignore', 'ignore_ament_install']
[0.614s] Level 1:colcon.colcon_core.package_identification:_identify(.) by extension 'ignore'
[0.615s] Level 1:colcon.colcon_core.package_identification:_identify(.) by extension 'ignore_ament_install'
[0.615s] Level 1:colcon.colcon_core.package_identification:_identify(.) by extensions ['colcon_pkg']
[0.615s] Level 1:colcon.colcon_core.package_identification:_identify(.) by extension 'colcon_pkg'
[0.615s] Level 1:colcon.colcon_core.package_identification:_identify(.) by extensions ['colcon_meta']
[0.615s] Level 1:colcon.colcon_core.package_identification:_identify(.) by extension 'colcon_meta'
[0.615s] Level 1:colcon.colcon_core.package_identification:_identify(.) by extensions ['ros']
[0.615s] Level 1:colcon.colcon_core.package_identification:_identify(.) by extension 'ros'
[0.634s] Level 1:colcon.colcon_core.package_identification:_identify(.) by extensions ['cmake', 'python']
[0.634s] Level 1:colcon.colcon_core.package_identification:_identify(.) by extension 'cmake'
[0.634s] Level 1:colcon.colcon_core.package_identification:_identify(.) by extension 'python'
[0.634s] Level 1:colcon.colcon_core.package_identification:_identify(.) by extensions ['python_setup_py']
[0.634s] Level 1:colcon.colcon_core.package_identification:_identify(.) by extension 'python_setup_py'
[0.634s] Level 1:colcon.colcon_core.package_identification:_identify(build) by extensions ['ignore', 'ignore_ament_install']
[0.635s] Level 1:colcon.colcon_core.package_identification:_identify(build) by extension 'ignore'
[0.635s] Level 1:colcon.colcon_core.package_identification:_identify(build) ignored
[0.635s] Level 1:colcon.colcon_core.package_identification:_identify(install) by extensions ['ignore', 'ignore_ament_install']
[0.635s] Level 1:colcon.colcon_core.package_identification:_identify(install) by extension 'ignore'
[0.635s] Level 1:colcon.colcon_core.package_identification:_identify(install) ignored
[0.636s] Level 1:colcon.colcon_core.package_identification:_identify(log) by extensions ['ignore', 'ignore_ament_install']
[0.636s] Level 1:colcon.colcon_core.package_identification:_identify(log) by extension 'ignore'
[0.636s] Level 1:colcon.colcon_core.package_identification:_identify(log) ignored
[0.636s] Level 1:colcon.colcon_core.package_identification:_identify(src) by extensions ['ignore', 'ignore_ament_install']
[0.636s] Level 1:colcon.colcon_core.package_identification:_identify(src) by extension 'ignore'
[0.636s] Level 1:colcon.colcon_core.package_identification:_identify(src) by extension 'ignore_ament_install'
[0.637s] Level 1:colcon.colcon_core.package_identification:_identify(src) by extensions ['colcon_pkg']
[0.637s] Level 1:colcon.colcon_core.package_identification:_identify(src) by extension 'colcon_pkg'
[0.637s] Level 1:colcon.colcon_core.package_identification:_identify(src) by extensions ['colcon_meta']
[0.637s] Level 1:colcon.colcon_core.package_identification:_identify(src) by extension 'colcon_meta'
[0.637s] Level 1:colcon.colcon_core.package_identification:_identify(src) by extensions ['ros']
[0.638s] Level 1:colcon.colcon_core.package_identification:_identify(src) by extension 'ros'
[0.638s] Level 1:colcon.colcon_core.package_identification:_identify(src) by extensions ['cmake', 'python']
[0.638s] Level 1:colcon.colcon_core.package_identification:_identify(src) by extension 'cmake'
[0.639s] Level 1:colcon.colcon_core.package_identification:_identify(src) by extension 'python'
[0.639s] Level 1:colcon.colcon_core.package_identification:_identify(src) by extensions ['python_setup_py']
[0.639s] Level 1:colcon.colcon_core.package_identification:_identify(src) by extension 'python_setup_py'
[0.639s] Level 1:colcon.colcon_core.package_identification:_identify(src/multi_map_nav) by extensions ['ignore', 'ignore_ament_install']
[0.640s] Level 1:colcon.colcon_core.package_identification:_identify(src/multi_map_nav) by extension 'ignore'
[0.640s] Level 1:colcon.colcon_core.package_identification:_identify(src/multi_map_nav) by extension 'ignore_ament_install'
[0.640s] Level 1:colcon.colcon_core.package_identification:_identify(src/multi_map_nav) by extensions ['colcon_pkg']
[0.640s] Level 1:colcon.colcon_core.package_identification:_identify(src/multi_map_nav) by extension 'colcon_pkg'
[0.640s] Level 1:colcon.colcon_core.package_identification:_identify(src/multi_map_nav) by extensions ['colcon_meta']
[0.640s] Level 1:colcon.colcon_core.package_identification:_identify(src/multi_map_nav) by extension 'colcon_meta'
[0.640s] Level 1:colcon.colcon_core.package_identification:_identify(src/multi_map_nav) by extensions ['ros']
[0.640s] Level 1:colcon.colcon_core.package_identification:_identify(src/multi_map_nav) by extension 'ros'
[0.645s] DEBUG:colcon.colcon_core.package_identification:Package 'src/multi_map_nav' with type 'ros.ament_cmake' and name 'multi_map_nav'
[0.646s] Level 1:colcon.colcon_core.package_identification:_identify(src/multi_map_nav_interfaces) by extensions ['ignore', 'ignore_ament_install']
[0.646s] Level 1:colcon.colcon_core.package_identification:_identify(src/multi_map_nav_interfaces) by extension 'ignore'
[0.646s] Level 1:colcon.colcon_core.package_identification:_identify(src/multi_map_nav_interfaces) by extension 'ignore_ament_install'
[0.646s] Level 1:colcon.colcon_core.package_identification:_identify(src/multi_map_nav_interfaces) by extensions ['colcon_pkg']
[0.646s] Level 1:colcon.colcon_core.package_identification:_identify(src/multi_map_nav_interfaces) by extension 'colcon_pkg'
[0.646s] Level 1:colcon.colcon_core.package_identification:_identify(src/multi_map_nav_interfaces) by extensions ['colcon_meta']
[0.646s] Level 1:colcon.colcon_core.package_identification:_identify(src/multi_map_nav_interfaces) by extension 'colcon_meta'
[0.646s] Level 1:colcon.colcon_core.package_identification:_identify(src/multi_map_nav_interfaces) by extensions ['ros']
[0.647s] Level 1:colcon.colcon_core.package_identification:_identify(src/multi_map_nav_interfaces) by extension 'ros'
[0.647s] DEBUG:colcon.colcon_core.package_identification:Package 'src/multi_map_nav_interfaces' with type 'ros.catkin' and name 'multi_map_nav_interfaces'
[0.648s] Level 1:colcon.colcon_core.package_discovery:discover_packages(recursive) using defaults
[0.648s] Level 1:colcon.colcon_core.package_discovery:discover_packages(ignore) discover
[0.648s] Level 1:colcon.colcon_core.package_discovery:discover_packages(ignore) using defaults
[0.648s] Level 1:colcon.colcon_core.package_discovery:discover_packages(path) discover
[0.648s] Level 1:colcon.colcon_core.package_discovery:discover_packages(path) using defaults
[0.702s] Level 1:colcon.colcon_core.package_discovery:discover_packages(prefix_path) check parameters
[0.703s] Level 1:colcon.colcon_core.package_discovery:discover_packages(prefix_path) discover
[0.707s] DEBUG:colcon.colcon_installed_package_information.package_discovery:Found 2 installed packages in /home/dd/task/install
[0.710s] DEBUG:colcon.colcon_installed_package_information.package_discovery:Found 448 installed packages in /opt/ros/humble
[0.713s] Level 1:colcon.colcon_core.package_discovery:discover_packages(prefix_path) using defaults
[0.809s] Level 5:colcon.colcon_core.verb:set package 'multi_map_nav_interfaces' build argument 'cmake_args' from command line to 'None'
[0.810s] Level 5:colcon.colcon_core.verb:set package 'multi_map_nav_interfaces' build argument 'cmake_target' from command line to 'None'
[0.810s] Level 5:colcon.colcon_core.verb:set package 'multi_map_nav_interfaces' build argument 'cmake_target_skip_unavailable' from command line to 'False'
[0.810s] Level 5:colcon.colcon_core.verb:set package 'multi_map_nav_interfaces' build argument 'cmake_clean_cache' from command line to 'False'
[0.810s] Level 5:colcon.colcon_core.verb:set package 'multi_map_nav_interfaces' build argument 'cmake_clean_first' from command line to 'False'
[0.810s] Level 5:colcon.colcon_core.verb:set package 'multi_map_nav_interfaces' build argument 'cmake_force_configure' from command line to 'False'
[0.810s] Level 5:colcon.colcon_core.verb:set package 'multi_map_nav_interfaces' build argument 'ament_cmake_args' from command line to 'None'
[0.810s] Level 5:colcon.colcon_core.verb:set package 'multi_map_nav_interfaces' build argument 'catkin_cmake_args' from command line to 'None'
[0.810s] Level 5:colcon.colcon_core.verb:set package 'multi_map_nav_interfaces' build argument 'catkin_skip_building_tests' from command line to 'False'
[0.810s] DEBUG:colcon.colcon_core.verb:Building package 'multi_map_nav_interfaces' with the following arguments: {'ament_cmake_args': None, 'build_base': '/home/dd/task/build/multi_map_nav_interfaces', 'catkin_cmake_args': None, 'catkin_skip_building_tests': False, 'cmake_args': None, 'cmake_clean_cache': False, 'cmake_clean_first': False, 'cmake_force_configure': False, 'cmake_target': None, 'cmake_target_skip_unavailable': False, 'install_base': '/home/dd/task/install/multi_map_nav_interfaces', 'merge_install': False, 'path': '/home/dd/task/src/multi_map_nav_interfaces', 'symlink_install': False, 'test_result_base': None}
[0.811s] Level 5:colcon.colcon_core.verb:set package 'multi_map_nav' build argument 'cmake_args' from command line to 'None'
[0.811s] Level 5:colcon.colcon_core.verb:set package 'multi_map_nav' build argument 'cmake_target' from command line to 'None'
[0.811s] Level 5:colcon.colcon_core.verb:set package 'multi_map_nav' build argument 'cmake_target_skip_unavailable' from command line to 'False'
[0.811s] Level 5:colcon.colcon_core.verb:set package 'multi_map_nav' build argument 'cmake_clean_cache' from command line to 'False'
[0.811s] Level 5:colcon.colcon_core.verb:set package 'multi_map_nav' build argument 'cmake_clean_first' from command line to 'False'
[0.811s] Level 5:colcon.colcon_core.verb:set package 'multi_map_nav' build argument 'cmake_force_configure' from command line to 'False'
[0.811s] Level 5:colcon.colcon_core.verb:set package 'multi_map_nav' build argument 'ament_cmake_args' from command line to 'None'
[0.811s] Level 5:colcon.colcon_core.verb:set package 'multi_map_nav' build argument 'catkin_cmake_args' from command line to 'None'
[0.811s] Level 5:colcon.colcon_core.verb:set package 'multi_map_nav' build argument 'catkin_skip_building_tests' from command line to 'False'
[0.811s] DEBUG:colcon.colcon_core.verb:Building package 'multi_map_nav' with the following arguments: {'ament_cmake_args': None, 'build_base': '/home/dd/task/build/multi_map_nav', 'catkin_cmake_args': None, 'catkin_skip_building_tests': False, 'cmake_args': None, 'cmake_clean_cache': False, 'cmake_clean_first': False, 'cmake_force_configure': False, 'cmake_target': None, 'cmake_target_skip_unavailable': False, 'install_base': '/home/dd/task/install/multi_map_nav', 'merge_install': False, 'path': '/home/dd/task/src/multi_map_nav', 'symlink_install': False, 'test_result_base': None}
[0.812s] INFO:colcon.colcon_core.executor:Executing jobs using 'parallel' executor
[0.813s] DEBUG:colcon.colcon_parallel_executor.executor.parallel:run_until_complete
[0.813s] INFO:colcon.colcon_ros.task.catkin.build:Building ROS package in '/home/dd/task/src/multi_map_nav_interfaces' with build type 'catkin'
[0.813s] INFO:colcon.colcon_cmake.task.cmake.build:Building CMake package in '/home/dd/task/src/multi_map_nav_interfaces'
[0.820s] INFO:colcon.colcon_core.plugin_system:Skipping extension 'colcon_core.shell.bat': Not used on non-Windows systems
[0.820s] INFO:colcon.colcon_core.shell:Skip shell extension 'powershell' for command environment: Not usable outside of PowerShell
[0.820s] DEBUG:colcon.colcon_core.shell:Skip shell extension 'dsv' for command environment
[0.836s] DEBUG:colcon.colcon_core.event_handler.log_command:Invoking command in '/home/dd/task/build/multi_map_nav_interfaces': /usr/bin/cmake --build /home/dd/task/build/multi_map_nav_interfaces -- -j8 -l8
[1.673s] DEBUG:colcon.colcon_core.event_handler.log_command:Invoked command in '/home/dd/task/build/multi_map_nav_interfaces' returned '0': /usr/bin/cmake --build /home/dd/task/build/multi_map_nav_interfaces -- -j8 -l8
[1.697s] DEBUG:colcon.colcon_core.event_handler.log_command:Invoking command in '/home/dd/task/build/multi_map_nav_interfaces': /usr/bin/cmake --install /home/dd/task/build/multi_map_nav_interfaces
[1.817s] DEBUG:colcon.colcon_core.event_handler.log_command:Invoked command in '/home/dd/task/build/multi_map_nav_interfaces' returned '0': /usr/bin/cmake --install /home/dd/task/build/multi_map_nav_interfaces
[1.818s] Level 1:colcon.colcon_core.shell:create_environment_hook('multi_map_nav_interfaces', 'ros_package_path')
[1.819s] INFO:colcon.colcon_core.shell:Creating environment hook '/home/dd/task/install/multi_map_nav_interfaces/share/multi_map_nav_interfaces/hook/ros_package_path.ps1'
[1.820s] INFO:colcon.colcon_core.shell:Creating environment descriptor '/home/dd/task/install/multi_map_nav_interfaces/share/multi_map_nav_interfaces/hook/ros_package_path.dsv'
[1.821s] INFO:colcon.colcon_core.shell:Creating environment hook '/home/dd/task/install/multi_map_nav_interfaces/share/multi_map_nav_interfaces/hook/ros_package_path.sh'
[1.823s] Level 1:colcon.colcon_ros.task.catkin:checking '/home/dd/task/install/multi_map_nav_interfaces/local/lib/python3.10/dist-packages'
[1.823s] Level 1:colcon.colcon_core.shell:create_environment_hook('multi_map_nav_interfaces', 'catkin_pythonpath')
[1.824s] INFO:colcon.colcon_core.shell:Creating environment hook '/home/dd/task/install/multi_map_nav_interfaces/share/multi_map_nav_interfaces/hook/catkin_pythonpath.ps1'
[1.826s] INFO:colcon.colcon_core.shell:Creating environment descriptor '/home/dd/task/install/multi_map_nav_interfaces/share/multi_map_nav_interfaces/hook/catkin_pythonpath.dsv'
[1.828s] INFO:colcon.colcon_core.shell:Creating environment hook '/home/dd/task/install/multi_map_nav_interfaces/share/multi_map_nav_interfaces/hook/catkin_pythonpath.sh'
[1.829s] Level 1:colcon.colcon_core.shell:create_environment_hook('multi_map_nav_interfaces', 'pkg_config_path')
[1.830s] INFO:colcon.colcon_core.shell:Creating environment hook '/home/dd/task/install/multi_map_nav_interfaces/share/multi_map_nav_interfaces/hook/pkg_config_path.ps1'
[1.830s] INFO:colcon.colcon_core.shell:Creating environment descriptor '/home/dd/task/install/multi_map_nav_interfaces/share/multi_map_nav_interfaces/hook/pkg_config_path.dsv'
[1.831s] INFO:colcon.colcon_core.shell:Creating environment hook '/home/dd/task/install/multi_map_nav_interfaces/share/multi_map_nav_interfaces/hook/pkg_config_path.sh'
[1.834s] Level 1:colcon.colcon_core.shell:create_environment_hook('multi_map_nav_interfaces', 'pkg_config_path_multiarch')
[1.835s] INFO:colcon.colcon_core.shell:Creating environment hook '/home/dd/task/install/multi_map_nav_interfaces/share/multi_map_nav_interfaces/hook/pkg_config_path_multiarch.ps1'
[1.835s] INFO:colcon.colcon_core.shell:Creating environment descriptor '/home/dd/task/install/multi_map_nav_interfaces/share/multi_map_nav_interfaces/hook/pkg_config_path_multiarch.dsv'
[1.836s] INFO:colcon.colcon_core.shell:Creating environment hook '/home/dd/task/install/multi_map_nav_interfaces/share/multi_map_nav_interfaces/hook/pkg_config_path_multiarch.sh'
[1.840s] Level 1:colcon.colcon_core.environment:create_environment_scripts_only(multi_map_nav_interfaces)
[1.848s] Level 1:colcon.colcon_core.environment:checking '/home/dd/task/install/multi_map_nav_interfaces' for CMake module files
[1.849s] Level 1:colcon.colcon_core.environment:checking '/home/dd/task/install/multi_map_nav_interfaces' for CMake config files
[1.850s] Level 1:colcon.colcon_core.shell:create_environment_hook('multi_map_nav_interfaces', 'cmake_prefix_path')
[1.851s] INFO:colcon.colcon_core.shell:Creating environment hook '/home/dd/task/install/multi_map_nav_interfaces/share/multi_map_nav_interfaces/hook/cmake_prefix_path.ps1'
[1.852s] INFO:colcon.colcon_core.shell:Creating environment descriptor '/home/dd/task/install/multi_map_nav_interfaces/share/multi_map_nav_interfaces/hook/cmake_prefix_path.dsv'
[1.852s] INFO:colcon.colcon_core.shell:Creating environment hook '/home/dd/task/install/multi_map_nav_interfaces/share/multi_map_nav_interfaces/hook/cmake_prefix_path.sh'
[1.854s] Level 1:colcon.colcon_core.environment:checking '/home/dd/task/install/multi_map_nav_interfaces/lib'
[1.855s] Level 1:colcon.colcon_core.shell:create_environment_hook('multi_map_nav_interfaces', 'ld_library_path_lib')
[1.856s] INFO:colcon.colcon_core.shell:Creating environment hook '/home/dd/task/install/multi_map_nav_interfaces/share/multi_map_nav_interfaces/hook/ld_library_path_lib.ps1'
[1.857s] INFO:colcon.colcon_core.shell:Creating environment descriptor '/home/dd/task/install/multi_map_nav_interfaces/share/multi_map_nav_interfaces/hook/ld_library_path_lib.dsv'
[1.858s] INFO:colcon.colcon_core.shell:Creating environment hook '/home/dd/task/install/multi_map_nav_interfaces/share/multi_map_nav_interfaces/hook/ld_library_path_lib.sh'
[1.860s] Level 1:colcon.colcon_core.environment:checking '/home/dd/task/install/multi_map_nav_interfaces/bin'
[1.860s] Level 1:colcon.colcon_core.environment:checking '/home/dd/task/install/multi_map_nav_interfaces/lib/pkgconfig/multi_map_nav_interfaces.pc'
[1.861s] Level 1:colcon.colcon_core.environment:checking '/home/dd/task/install/multi_map_nav_interfaces/lib/python3.10/site-packages'
[1.861s] Level 1:colcon.colcon_core.environment:checking '/home/dd/task/install/multi_map_nav_interfaces/bin'
[1.862s] INFO:colcon.colcon_core.shell:Creating package script '/home/dd/task/install/multi_map_nav_interfaces/share/multi_map_nav_interfaces/package.ps1'
[1.865s] INFO:colcon.colcon_core.shell:Creating package descriptor '/home/dd/task/install/multi_map_nav_interfaces/share/multi_map_nav_interfaces/package.dsv'
[1.866s] INFO:colcon.colcon_core.shell:Creating package script '/home/dd/task/install/multi_map_nav_interfaces/share/multi_map_nav_interfaces/package.sh'
[1.868s] INFO:colcon.colcon_core.shell:Creating package script '/home/dd/task/install/multi_map_nav_interfaces/share/multi_map_nav_interfaces/package.bash'
[1.871s] INFO:colcon.colcon_core.shell:Creating package script '/home/dd/task/install/multi_map_nav_interfaces/share/multi_map_nav_interfaces/package.zsh'
[1.874s] Level 1:colcon.colcon_core.environment:create_file_with_runtime_dependencies(/home/dd/task/install/multi_map_nav_interfaces/share/colcon-core/packages/multi_map_nav_interfaces)
[1.876s] INFO:colcon.colcon_ros.task.ament_cmake.build:Building ROS package in '/home/dd/task/src/multi_map_nav' with build type 'ament_cmake'
[1.876s] INFO:colcon.colcon_cmake.task.cmake.build:Building CMake package in '/home/dd/task/src/multi_map_nav'
[1.877s] INFO:colcon.colcon_core.shell:Skip shell extension 'powershell' for command environment: Not usable outside of PowerShell
[1.877s] DEBUG:colcon.colcon_core.shell:Skip shell extension 'dsv' for command environment
[1.903s] DEBUG:colcon.colcon_core.event_handler.log_command:Invoking command in '/home/dd/task/build/multi_map_nav': CMAKE_PREFIX_PATH=/opt/ros/humble:/home/dd/task/install/multi_map_nav_interfaces:/home/dd/task/install/multi_map_nav /usr/bin/cmake --build /home/dd/task/build/multi_map_nav -- -j8 -l8
[18.601s] DEBUG:colcon.colcon_core.event_handler.log_command:Invoked command in '/home/dd/task/build/multi_map_nav' returned '0': CMAKE_PREFIX_PATH=/opt/ros/humble:/home/dd/task/install/multi_map_nav_interfaces:/home/dd/task/install/multi_map_nav /usr/bin/cmake --build /home/dd/task/build/multi_map_nav -- -j8 -l8
[18.604s] DEBUG:colcon.colcon_core.event_handler.log_command:Invoking command in '/home/dd/task/build/multi_map_nav': CMAKE_PREFIX_PATH=/opt/ros/humble:/home/dd/task/install/multi_map_nav_interfaces:/home/dd/task/install/multi_map_nav /usr/bin/cmake --install /home/dd/task/build/multi_map_nav
[18.794s] Level 1:colcon.colcon_core.environment:create_environment_scripts_only(multi_map_nav)
[18.795s] DEBUG:colcon.colcon_core.event_handler.log_command:Invoked command in '/home/dd/task/build/multi_map_nav' returned '0': CMAKE_PREFIX_PATH=/opt/ros/humble:/home/dd/task/install/multi_map_nav_interfaces:/home/dd/task/install/multi_map_nav /usr/bin/cmake --install /home/dd/task/build/multi_map_nav
[18.795s] Level 1:colcon.colcon_core.environment:checking '/home/dd/task/install/multi_map_nav' for CMake module files
[18.796s] Level 1:colcon.colcon_core.environment:checking '/home/dd/task/install/multi_map_nav' for CMake config files
[18.797s] Level 1:colcon.colcon_core.shell:create_environment_hook('multi_map_nav', 'cmake_prefix_path')
[18.797s] INFO:colcon.colcon_core.shell:Creating environment hook '/home/dd/task/install/multi_map_nav/share/multi_map_nav/hook/cmake_prefix_path.ps1'
[18.798s] INFO:colcon.colcon_core.shell:Creating environment descriptor '/home/dd/task/install/multi_map_nav/share/multi_map_nav/hook/cmake_prefix_path.dsv'
[18.798s] INFO:colcon.colcon_core.shell:Creating environment hook '/home/dd/task/install/multi_map_nav/share/multi_map_nav/hook/cmake_prefix_path.sh'
[18.801s] Level 1:colcon.colcon_core.environment:checking '/home/dd/task/install/multi_map_nav/lib'
[18.801s] Level 1:colcon.colcon_core.environment:checking '/home/dd/task/install/multi_map_nav/bin'
[18.801s] Level 1:colcon.colcon_core.environment:checking '/home/dd/task/install/multi_map_nav/lib/pkgconfig/multi_map_nav.pc'
[18.802s] Level 1:colcon.colcon_core.environment:checking '/home/dd/task/install/multi_map_nav/lib/python3.10/site-packages'
[18.803s] Level 1:colcon.colcon_core.environment:checking '/home/dd/task/install/multi_map_nav/bin'
[18.804s] INFO:colcon.colcon_core.shell:Creating package script '/home/dd/task/install/multi_map_nav/share/multi_map_nav/package.ps1'
[18.805s] INFO:colcon.colcon_core.shell:Creating package descriptor '/home/dd/task/install/multi_map_nav/share/multi_map_nav/package.dsv'
[18.806s] INFO:colcon.colcon_core.shell:Creating package script '/home/dd/task/install/multi_map_nav/share/multi_map_nav/package.sh'
[18.807s] INFO:colcon.colcon_core.shell:Creating package script '/home/dd/task/install/multi_map_nav/share/multi_map_nav/package.bash'
[18.807s] INFO:colcon.colcon_core.shell:Creating package script '/home/dd/task/install/multi_map_nav/share/multi_map_nav/package.zsh'
[18.808s] Level 1:colcon.colcon_core.environment:create_file_with_runtime_dependencies(/home/dd/task/install/multi_map_nav/share/colcon-core/packages/multi_map_nav)
[18.808s] Level 1:colcon.colcon_core.environment:create_environment_scripts_only(multi_map_nav)
[18.809s] Level 1:colcon.colcon_core.environment:checking '/home/dd/task/install/multi_map_nav' for CMake module files
[18.810s] Level 1:colcon.colcon_core.environment:checking '/home/dd/task/install/multi_map_nav' for CMake config files
[18.810s] Level 1:colcon.colcon_core.shell:create_environment_hook('multi_map_nav', 'cmake_prefix_path')
[18.810s] INFO:colcon.colcon_core.shell:Creating environment hook '/home/dd/task/install/multi_map_nav/share/multi_map_nav/hook/cmake_prefix_path.ps1'
[18.811s] INFO:colcon.colcon_core.shell:Creating environment descriptor '/home/dd/task/install/multi_map_nav/share/multi_map_nav/hook/cmake_prefix_path.dsv'
[18.811s] INFO:colcon.colcon_core.shell:Creating environment hook '/home/dd/task/install/multi_map_nav/share/multi_map_nav/hook/cmake_prefix_path.sh'
[18.812s] Level 1:colcon.colcon_core.environment:checking '/home/dd/task/install/multi_map_nav/lib'
[18.812s] Level 1:colcon.colcon_core.environment:checking '/home/dd/task/install/multi_map_nav/bin'
[18.812s] Level 1:colcon.colcon_core.environment:checking '/home/dd/task/install/multi_map_nav/lib/pkgconfig/multi_map_nav.pc'
[18.813s] Level 1:colcon.colcon_core.environment:checking '/home/dd/task/install/multi_map_nav/lib/python3.10/site-packages'
[18.813s] Level 1:colcon.colcon_core.environment:checking '/home/dd/task/install/multi_map_nav/bin'
[18.814s] INFO:colcon.colcon_core.shell:Creating package script '/home/dd/task/install/multi_map_nav/share/multi_map_nav/package.ps1'
[18.816s] INFO:colcon.colcon_core.shell:Creating package descriptor '/home/dd/task/install/multi_map_nav/share/multi_map_nav/package.dsv'
[18.817s] INFO:colcon.colcon_core.shell:Creating package script '/home/dd/task/install/multi_map_nav/share/multi_map_nav/package.sh'
[18.818s] INFO:colcon.colcon_core.shell:Creating package script '/home/dd/task/install/multi_map_nav/share/multi_map_nav/package.bash'
[18.819s] INFO:colcon.colcon_core.shell:Creating package script '/home/dd/task/install/multi_map_nav/share/multi_map_nav/package.zsh'
[18.820s] Level 1:colcon.colcon_core.environment:create_file_with_runtime_dependencies(/home/dd/task/install/multi_map_nav/share/colcon-core/packages/multi_map_nav)
[18.820s] DEBUG:colcon.colcon_parallel_executor.executor.parallel:closing loop
[18.821s] DEBUG:colcon.colcon_parallel_executor.executor.parallel:loop closed
[18.821s] DEBUG:colcon.colcon_parallel_executor.executor.parallel:run_until_complete finished with '0'
[18.821s] DEBUG:colcon.colcon_core.event_reactor:joining thread
[18.832s] INFO:colcon.colcon_core.plugin_system:Skipping extension 'colcon_notification.desktop_notification.terminal_notifier': Not used on non-Darwin systems
[18.832s] INFO:colcon.colcon_core.plugin_system:Skipping extension 'colcon_notification.desktop_notification.win32': Not used on non-Windows systems
[18.832s] INFO:colcon.colcon_notification.desktop_notification:Sending desktop notification using 'notify2'
[18.859s] DEBUG:colcon.colcon_core.event_reactor:joined thread
[18.860s] INFO:colcon.colcon_core.shell:Creating prefix script '/home/dd/task/install/local_setup.ps1'
[18.863s] INFO:colcon.colcon_core.shell:Creating prefix util module '/home/dd/task/install/_local_setup_util_ps1.py'
[18.868s] INFO:colcon.colcon_core.shell:Creating prefix chain script '/home/dd/task/install/setup.ps1'
[18.871s] INFO:colcon.colcon_core.shell:Creating prefix script '/home/dd/task/install/local_setup.sh'
[18.872s] INFO:colcon.colcon_core.shell:Creating prefix util module '/home/dd/task/install/_local_setup_util_sh.py'
[18.873s] INFO:colcon.colcon_core.shell:Creating prefix chain script '/home/dd/task/install/setup.sh'
[18.875s] INFO:colcon.colcon_core.shell:Creating prefix script '/home/dd/task/install/local_setup.bash'
[18.876s] INFO:colcon.colcon_core.shell:Creating prefix chain script '/home/dd/task/install/setup.bash'
[18.878s] INFO:colcon.colcon_core.shell:Creating prefix script '/home/dd/task/install/local_setup.zsh'
[18.882s] INFO:colcon.colcon_core.shell:Creating prefix chain script '/home/dd/task/install/setup.zsh'
