[0.020s] Invoking command in '/home/dd/task/build/multi_map_nav_interfaces': /usr/bin/cmake --build /home/dd/task/build/multi_map_nav_interfaces -- -j8 -l8
[0.126s] [  9%] Built target multi_map_nav_interfaces__rosidl_generator_c
[0.129s] [ 12%] Built target multi_map_nav_interfaces__cpp
[0.166s] [ 12%] Built target ament_cmake_python_copy_multi_map_nav_interfaces
[0.197s] [ 22%] Built target multi_map_nav_interfaces__rosidl_typesupport_fastrtps_c
[0.198s] [ 32%] Built target multi_map_nav_interfaces__rosidl_typesupport_introspection_c
[0.203s] [ 41%] Built target multi_map_nav_interfaces__rosidl_typesupport_c
[0.209s] [ 51%] Built target multi_map_nav_interfaces__rosidl_typesupport_cpp
[0.211s] [ 61%] Built target multi_map_nav_interfaces__rosidl_typesupport_introspection_cpp
[0.214s] [ 70%] Built target multi_map_nav_interfaces__rosidl_typesupport_fastrtps_cpp
[0.259s] [ 70%] Built target multi_map_nav_interfaces
[0.302s] [ 74%] Built target multi_map_nav_interfaces__py
[0.347s] [ 80%] Built target multi_map_nav_interfaces__rosidl_generator_py
[0.393s] [ 93%] Built target multi_map_nav_interfaces__rosidl_typesupport_c__pyext
[0.394s] [ 93%] Built target multi_map_nav_interfaces__rosidl_typesupport_fastrtps_c__pyext
[0.396s] [100%] Built target multi_map_nav_interfaces__rosidl_typesupport_introspection_c__pyext
[0.800s] running egg_info
[0.802s] writing multi_map_nav_interfaces.egg-info/PKG-INFO
[0.802s] writing dependency_links to multi_map_nav_interfaces.egg-info/dependency_links.txt
[0.802s] writing top-level names to multi_map_nav_interfaces.egg-info/top_level.txt
[0.806s] reading manifest file 'multi_map_nav_interfaces.egg-info/SOURCES.txt'
[0.808s] writing manifest file 'multi_map_nav_interfaces.egg-info/SOURCES.txt'
[0.863s] [100%] Built target ament_cmake_python_build_multi_map_nav_interfaces_egg
[0.882s] Invoked command in '/home/dd/task/build/multi_map_nav_interfaces' returned '0': /usr/bin/cmake --build /home/dd/task/build/multi_map_nav_interfaces -- -j8 -l8
[0.900s] Invoking command in '/home/dd/task/build/multi_map_nav_interfaces': /usr/bin/cmake --install /home/dd/task/build/multi_map_nav_interfaces
[0.913s] -- Install configuration: ""
[0.913s] -- Up-to-date: /home/dd/task/install/multi_map_nav_interfaces/share/ament_index/resource_index/rosidl_interfaces/multi_map_nav_interfaces
[0.913s] -- Up-to-date: /home/dd/task/install/multi_map_nav_interfaces/include/multi_map_nav_interfaces/multi_map_nav_interfaces
[0.913s] -- Up-to-date: /home/dd/task/install/multi_map_nav_interfaces/include/multi_map_nav_interfaces/multi_map_nav_interfaces/action
[0.913s] -- Up-to-date: /home/dd/task/install/multi_map_nav_interfaces/include/multi_map_nav_interfaces/multi_map_nav_interfaces/action/multi_map_navigate.h
[0.913s] -- Up-to-date: /home/dd/task/install/multi_map_nav_interfaces/include/multi_map_nav_interfaces/multi_map_nav_interfaces/action/detail
[0.914s] -- Up-to-date: /home/dd/task/install/multi_map_nav_interfaces/include/multi_map_nav_interfaces/multi_map_nav_interfaces/action/detail/multi_map_navigate__functions.c
[0.914s] -- Up-to-date: /home/dd/task/install/multi_map_nav_interfaces/include/multi_map_nav_interfaces/multi_map_nav_interfaces/action/detail/multi_map_navigate__functions.h
[0.914s] -- Up-to-date: /home/dd/task/install/multi_map_nav_interfaces/include/multi_map_nav_interfaces/multi_map_nav_interfaces/action/detail/multi_map_navigate__type_support.h
[0.914s] -- Up-to-date: /home/dd/task/install/multi_map_nav_interfaces/include/multi_map_nav_interfaces/multi_map_nav_interfaces/action/detail/multi_map_navigate__struct.h
[0.914s] -- Up-to-date: /home/dd/task/install/multi_map_nav_interfaces/include/multi_map_nav_interfaces/multi_map_nav_interfaces/msg
[0.914s] -- Up-to-date: /home/dd/task/install/multi_map_nav_interfaces/include/multi_map_nav_interfaces/multi_map_nav_interfaces/msg/rosidl_generator_c__visibility_control.h
[0.914s] -- Up-to-date: /home/dd/task/install/multi_map_nav_interfaces/share/multi_map_nav_interfaces/environment/library_path.sh
[0.915s] -- Up-to-date: /home/dd/task/install/multi_map_nav_interfaces/share/multi_map_nav_interfaces/environment/library_path.dsv
[0.915s] -- Up-to-date: /home/dd/task/install/multi_map_nav_interfaces/lib/libmulti_map_nav_interfaces__rosidl_generator_c.so
[0.915s] -- Up-to-date: /home/dd/task/install/multi_map_nav_interfaces/include/multi_map_nav_interfaces/multi_map_nav_interfaces
[0.915s] -- Up-to-date: /home/dd/task/install/multi_map_nav_interfaces/include/multi_map_nav_interfaces/multi_map_nav_interfaces/action
[0.915s] -- Up-to-date: /home/dd/task/install/multi_map_nav_interfaces/include/multi_map_nav_interfaces/multi_map_nav_interfaces/action/detail
[0.915s] -- Up-to-date: /home/dd/task/install/multi_map_nav_interfaces/include/multi_map_nav_interfaces/multi_map_nav_interfaces/action/detail/multi_map_navigate__rosidl_typesupport_fastrtps_c.h
[0.915s] -- Up-to-date: /home/dd/task/install/multi_map_nav_interfaces/include/multi_map_nav_interfaces/multi_map_nav_interfaces/msg
[0.915s] -- Up-to-date: /home/dd/task/install/multi_map_nav_interfaces/include/multi_map_nav_interfaces/multi_map_nav_interfaces/msg/rosidl_typesupport_fastrtps_c__visibility_control.h
[0.916s] -- Up-to-date: /home/dd/task/install/multi_map_nav_interfaces/lib/libmulti_map_nav_interfaces__rosidl_typesupport_fastrtps_c.so
[0.916s] -- Up-to-date: /home/dd/task/install/multi_map_nav_interfaces/include/multi_map_nav_interfaces/multi_map_nav_interfaces
[0.916s] -- Up-to-date: /home/dd/task/install/multi_map_nav_interfaces/include/multi_map_nav_interfaces/multi_map_nav_interfaces/action
[0.916s] -- Up-to-date: /home/dd/task/install/multi_map_nav_interfaces/include/multi_map_nav_interfaces/multi_map_nav_interfaces/action/detail
[0.916s] -- Up-to-date: /home/dd/task/install/multi_map_nav_interfaces/include/multi_map_nav_interfaces/multi_map_nav_interfaces/action/detail/multi_map_navigate__rosidl_typesupport_introspection_c.h
[0.916s] -- Up-to-date: /home/dd/task/install/multi_map_nav_interfaces/include/multi_map_nav_interfaces/multi_map_nav_interfaces/action/detail/multi_map_navigate__type_support.c
[0.916s] -- Up-to-date: /home/dd/task/install/multi_map_nav_interfaces/include/multi_map_nav_interfaces/multi_map_nav_interfaces/msg
[0.916s] -- Up-to-date: /home/dd/task/install/multi_map_nav_interfaces/include/multi_map_nav_interfaces/multi_map_nav_interfaces/msg/rosidl_typesupport_introspection_c__visibility_control.h
[0.916s] -- Up-to-date: /home/dd/task/install/multi_map_nav_interfaces/lib/libmulti_map_nav_interfaces__rosidl_typesupport_introspection_c.so
[0.916s] -- Up-to-date: /home/dd/task/install/multi_map_nav_interfaces/lib/libmulti_map_nav_interfaces__rosidl_typesupport_c.so
[0.917s] -- Up-to-date: /home/dd/task/install/multi_map_nav_interfaces/include/multi_map_nav_interfaces/multi_map_nav_interfaces
[0.917s] -- Up-to-date: /home/dd/task/install/multi_map_nav_interfaces/include/multi_map_nav_interfaces/multi_map_nav_interfaces/action
[0.917s] -- Up-to-date: /home/dd/task/install/multi_map_nav_interfaces/include/multi_map_nav_interfaces/multi_map_nav_interfaces/action/multi_map_navigate.hpp
[0.917s] -- Up-to-date: /home/dd/task/install/multi_map_nav_interfaces/include/multi_map_nav_interfaces/multi_map_nav_interfaces/action/detail
[0.917s] -- Up-to-date: /home/dd/task/install/multi_map_nav_interfaces/include/multi_map_nav_interfaces/multi_map_nav_interfaces/action/detail/multi_map_navigate__struct.hpp
[0.917s] -- Up-to-date: /home/dd/task/install/multi_map_nav_interfaces/include/multi_map_nav_interfaces/multi_map_nav_interfaces/action/detail/multi_map_navigate__builder.hpp
[0.918s] -- Up-to-date: /home/dd/task/install/multi_map_nav_interfaces/include/multi_map_nav_interfaces/multi_map_nav_interfaces/action/detail/multi_map_navigate__type_support.hpp
[0.918s] -- Up-to-date: /home/dd/task/install/multi_map_nav_interfaces/include/multi_map_nav_interfaces/multi_map_nav_interfaces/action/detail/multi_map_navigate__traits.hpp
[0.918s] -- Up-to-date: /home/dd/task/install/multi_map_nav_interfaces/include/multi_map_nav_interfaces/multi_map_nav_interfaces/msg
[0.918s] -- Up-to-date: /home/dd/task/install/multi_map_nav_interfaces/include/multi_map_nav_interfaces/multi_map_nav_interfaces/msg/rosidl_generator_cpp__visibility_control.hpp
[0.918s] -- Up-to-date: /home/dd/task/install/multi_map_nav_interfaces/include/multi_map_nav_interfaces/multi_map_nav_interfaces
[0.919s] -- Up-to-date: /home/dd/task/install/multi_map_nav_interfaces/include/multi_map_nav_interfaces/multi_map_nav_interfaces/action
[0.919s] -- Up-to-date: /home/dd/task/install/multi_map_nav_interfaces/include/multi_map_nav_interfaces/multi_map_nav_interfaces/action/detail
[0.919s] -- Up-to-date: /home/dd/task/install/multi_map_nav_interfaces/include/multi_map_nav_interfaces/multi_map_nav_interfaces/action/detail/dds_fastrtps
[0.920s] -- Up-to-date: /home/dd/task/install/multi_map_nav_interfaces/include/multi_map_nav_interfaces/multi_map_nav_interfaces/action/detail/multi_map_navigate__rosidl_typesupport_fastrtps_cpp.hpp
[0.920s] -- Up-to-date: /home/dd/task/install/multi_map_nav_interfaces/include/multi_map_nav_interfaces/multi_map_nav_interfaces/msg
[0.921s] -- Up-to-date: /home/dd/task/install/multi_map_nav_interfaces/include/multi_map_nav_interfaces/multi_map_nav_interfaces/msg/rosidl_typesupport_fastrtps_cpp__visibility_control.h
[0.921s] -- Up-to-date: /home/dd/task/install/multi_map_nav_interfaces/lib/libmulti_map_nav_interfaces__rosidl_typesupport_fastrtps_cpp.so
[0.921s] -- Up-to-date: /home/dd/task/install/multi_map_nav_interfaces/include/multi_map_nav_interfaces/multi_map_nav_interfaces
[0.921s] -- Up-to-date: /home/dd/task/install/multi_map_nav_interfaces/include/multi_map_nav_interfaces/multi_map_nav_interfaces/action
[0.922s] -- Up-to-date: /home/dd/task/install/multi_map_nav_interfaces/include/multi_map_nav_interfaces/multi_map_nav_interfaces/action/detail
[0.922s] -- Up-to-date: /home/dd/task/install/multi_map_nav_interfaces/include/multi_map_nav_interfaces/multi_map_nav_interfaces/action/detail/multi_map_navigate__rosidl_typesupport_introspection_cpp.hpp
[0.922s] -- Up-to-date: /home/dd/task/install/multi_map_nav_interfaces/include/multi_map_nav_interfaces/multi_map_nav_interfaces/action/detail/multi_map_navigate__type_support.cpp
[0.922s] -- Up-to-date: /home/dd/task/install/multi_map_nav_interfaces/lib/libmulti_map_nav_interfaces__rosidl_typesupport_introspection_cpp.so
[0.923s] -- Up-to-date: /home/dd/task/install/multi_map_nav_interfaces/lib/libmulti_map_nav_interfaces__rosidl_typesupport_cpp.so
[0.923s] -- Up-to-date: /home/dd/task/install/multi_map_nav_interfaces/share/multi_map_nav_interfaces/environment/pythonpath.sh
[0.923s] -- Up-to-date: /home/dd/task/install/multi_map_nav_interfaces/share/multi_map_nav_interfaces/environment/pythonpath.dsv
[0.923s] -- Up-to-date: /home/dd/task/install/multi_map_nav_interfaces/local/lib/python3.10/dist-packages/multi_map_nav_interfaces-0.0.1-py3.10.egg-info
[0.924s] -- Installing: /home/dd/task/install/multi_map_nav_interfaces/local/lib/python3.10/dist-packages/multi_map_nav_interfaces-0.0.1-py3.10.egg-info/SOURCES.txt
[0.924s] -- Installing: /home/dd/task/install/multi_map_nav_interfaces/local/lib/python3.10/dist-packages/multi_map_nav_interfaces-0.0.1-py3.10.egg-info/dependency_links.txt
[0.924s] -- Installing: /home/dd/task/install/multi_map_nav_interfaces/local/lib/python3.10/dist-packages/multi_map_nav_interfaces-0.0.1-py3.10.egg-info/PKG-INFO
[0.924s] -- Installing: /home/dd/task/install/multi_map_nav_interfaces/local/lib/python3.10/dist-packages/multi_map_nav_interfaces-0.0.1-py3.10.egg-info/top_level.txt
[0.924s] -- Up-to-date: /home/dd/task/install/multi_map_nav_interfaces/local/lib/python3.10/dist-packages/multi_map_nav_interfaces
[0.924s] -- Up-to-date: /home/dd/task/install/multi_map_nav_interfaces/local/lib/python3.10/dist-packages/multi_map_nav_interfaces/action
[0.924s] -- Up-to-date: /home/dd/task/install/multi_map_nav_interfaces/local/lib/python3.10/dist-packages/multi_map_nav_interfaces/action/__init__.py
[0.925s] -- Up-to-date: /home/dd/task/install/multi_map_nav_interfaces/local/lib/python3.10/dist-packages/multi_map_nav_interfaces/action/_multi_map_navigate.py
[0.925s] -- Up-to-date: /home/dd/task/install/multi_map_nav_interfaces/local/lib/python3.10/dist-packages/multi_map_nav_interfaces/action/_multi_map_navigate_s.c
[0.925s] -- Up-to-date: /home/dd/task/install/multi_map_nav_interfaces/local/lib/python3.10/dist-packages/multi_map_nav_interfaces/multi_map_nav_interfaces_s__rosidl_typesupport_fastrtps_c.cpython-310-x86_64-linux-gnu.so
[0.925s] -- Up-to-date: /home/dd/task/install/multi_map_nav_interfaces/local/lib/python3.10/dist-packages/multi_map_nav_interfaces/multi_map_nav_interfaces_s__rosidl_typesupport_introspection_c.cpython-310-x86_64-linux-gnu.so
[0.925s] -- Up-to-date: /home/dd/task/install/multi_map_nav_interfaces/local/lib/python3.10/dist-packages/multi_map_nav_interfaces/multi_map_nav_interfaces_s__rosidl_typesupport_c.cpython-310-x86_64-linux-gnu.so
[0.925s] -- Up-to-date: /home/dd/task/install/multi_map_nav_interfaces/local/lib/python3.10/dist-packages/multi_map_nav_interfaces/__init__.py
[0.925s] -- Up-to-date: /home/dd/task/install/multi_map_nav_interfaces/local/lib/python3.10/dist-packages/multi_map_nav_interfaces/_multi_map_nav_interfaces_s.ep.rosidl_typesupport_c.c
[0.926s] -- Up-to-date: /home/dd/task/install/multi_map_nav_interfaces/local/lib/python3.10/dist-packages/multi_map_nav_interfaces/libmulti_map_nav_interfaces__rosidl_generator_py.so
[0.926s] -- Up-to-date: /home/dd/task/install/multi_map_nav_interfaces/local/lib/python3.10/dist-packages/multi_map_nav_interfaces/_multi_map_nav_interfaces_s.ep.rosidl_typesupport_introspection_c.c
[0.926s] -- Up-to-date: /home/dd/task/install/multi_map_nav_interfaces/local/lib/python3.10/dist-packages/multi_map_nav_interfaces/_multi_map_nav_interfaces_s.ep.rosidl_typesupport_fastrtps_c.c
[0.986s] Listing '/home/dd/task/install/multi_map_nav_interfaces/local/lib/python3.10/dist-packages/multi_map_nav_interfaces'...
[0.986s] Listing '/home/dd/task/install/multi_map_nav_interfaces/local/lib/python3.10/dist-packages/multi_map_nav_interfaces/action'...
[0.995s] -- Up-to-date: /home/dd/task/install/multi_map_nav_interfaces/local/lib/python3.10/dist-packages/multi_map_nav_interfaces/multi_map_nav_interfaces_s__rosidl_typesupport_fastrtps_c.cpython-310-x86_64-linux-gnu.so
[0.995s] -- Up-to-date: /home/dd/task/install/multi_map_nav_interfaces/local/lib/python3.10/dist-packages/multi_map_nav_interfaces/multi_map_nav_interfaces_s__rosidl_typesupport_introspection_c.cpython-310-x86_64-linux-gnu.so
[0.996s] -- Up-to-date: /home/dd/task/install/multi_map_nav_interfaces/local/lib/python3.10/dist-packages/multi_map_nav_interfaces/multi_map_nav_interfaces_s__rosidl_typesupport_c.cpython-310-x86_64-linux-gnu.so
[0.996s] -- Up-to-date: /home/dd/task/install/multi_map_nav_interfaces/lib/libmulti_map_nav_interfaces__rosidl_generator_py.so
[0.997s] -- Up-to-date: /home/dd/task/install/multi_map_nav_interfaces/share/multi_map_nav_interfaces/action/MultiMapNavigate.idl
[0.997s] -- Up-to-date: /home/dd/task/install/multi_map_nav_interfaces/share/multi_map_nav_interfaces/action/MultiMapNavigate.action
[0.997s] -- Up-to-date: /home/dd/task/install/multi_map_nav_interfaces/share/ament_index/resource_index/package_run_dependencies/multi_map_nav_interfaces
[0.997s] -- Up-to-date: /home/dd/task/install/multi_map_nav_interfaces/share/ament_index/resource_index/parent_prefix_path/multi_map_nav_interfaces
[0.998s] -- Up-to-date: /home/dd/task/install/multi_map_nav_interfaces/share/multi_map_nav_interfaces/environment/ament_prefix_path.sh
[0.998s] -- Up-to-date: /home/dd/task/install/multi_map_nav_interfaces/share/multi_map_nav_interfaces/environment/ament_prefix_path.dsv
[0.998s] -- Up-to-date: /home/dd/task/install/multi_map_nav_interfaces/share/multi_map_nav_interfaces/environment/path.sh
[0.998s] -- Up-to-date: /home/dd/task/install/multi_map_nav_interfaces/share/multi_map_nav_interfaces/environment/path.dsv
[0.999s] -- Up-to-date: /home/dd/task/install/multi_map_nav_interfaces/share/multi_map_nav_interfaces/local_setup.bash
[0.999s] -- Up-to-date: /home/dd/task/install/multi_map_nav_interfaces/share/multi_map_nav_interfaces/local_setup.sh
[0.999s] -- Up-to-date: /home/dd/task/install/multi_map_nav_interfaces/share/multi_map_nav_interfaces/local_setup.zsh
[0.999s] -- Up-to-date: /home/dd/task/install/multi_map_nav_interfaces/share/multi_map_nav_interfaces/local_setup.dsv
[1.001s] -- Installing: /home/dd/task/install/multi_map_nav_interfaces/share/multi_map_nav_interfaces/package.dsv
[1.002s] -- Up-to-date: /home/dd/task/install/multi_map_nav_interfaces/share/ament_index/resource_index/packages/multi_map_nav_interfaces
[1.002s] -- Up-to-date: /home/dd/task/install/multi_map_nav_interfaces/share/multi_map_nav_interfaces/cmake/export_multi_map_nav_interfaces__rosidl_generator_cExport.cmake
[1.002s] -- Up-to-date: /home/dd/task/install/multi_map_nav_interfaces/share/multi_map_nav_interfaces/cmake/export_multi_map_nav_interfaces__rosidl_generator_cExport-noconfig.cmake
[1.003s] -- Up-to-date: /home/dd/task/install/multi_map_nav_interfaces/share/multi_map_nav_interfaces/cmake/export_multi_map_nav_interfaces__rosidl_typesupport_fastrtps_cExport.cmake
[1.003s] -- Up-to-date: /home/dd/task/install/multi_map_nav_interfaces/share/multi_map_nav_interfaces/cmake/export_multi_map_nav_interfaces__rosidl_typesupport_fastrtps_cExport-noconfig.cmake
[1.003s] -- Up-to-date: /home/dd/task/install/multi_map_nav_interfaces/share/multi_map_nav_interfaces/cmake/multi_map_nav_interfaces__rosidl_typesupport_introspection_cExport.cmake
[1.003s] -- Up-to-date: /home/dd/task/install/multi_map_nav_interfaces/share/multi_map_nav_interfaces/cmake/multi_map_nav_interfaces__rosidl_typesupport_introspection_cExport-noconfig.cmake
[1.004s] -- Up-to-date: /home/dd/task/install/multi_map_nav_interfaces/share/multi_map_nav_interfaces/cmake/multi_map_nav_interfaces__rosidl_typesupport_cExport.cmake
[1.004s] -- Up-to-date: /home/dd/task/install/multi_map_nav_interfaces/share/multi_map_nav_interfaces/cmake/multi_map_nav_interfaces__rosidl_typesupport_cExport-noconfig.cmake
[1.004s] -- Up-to-date: /home/dd/task/install/multi_map_nav_interfaces/share/multi_map_nav_interfaces/cmake/export_multi_map_nav_interfaces__rosidl_generator_cppExport.cmake
[1.004s] -- Up-to-date: /home/dd/task/install/multi_map_nav_interfaces/share/multi_map_nav_interfaces/cmake/export_multi_map_nav_interfaces__rosidl_typesupport_fastrtps_cppExport.cmake
[1.004s] -- Up-to-date: /home/dd/task/install/multi_map_nav_interfaces/share/multi_map_nav_interfaces/cmake/export_multi_map_nav_interfaces__rosidl_typesupport_fastrtps_cppExport-noconfig.cmake
[1.005s] -- Up-to-date: /home/dd/task/install/multi_map_nav_interfaces/share/multi_map_nav_interfaces/cmake/multi_map_nav_interfaces__rosidl_typesupport_introspection_cppExport.cmake
[1.005s] -- Up-to-date: /home/dd/task/install/multi_map_nav_interfaces/share/multi_map_nav_interfaces/cmake/multi_map_nav_interfaces__rosidl_typesupport_introspection_cppExport-noconfig.cmake
[1.005s] -- Up-to-date: /home/dd/task/install/multi_map_nav_interfaces/share/multi_map_nav_interfaces/cmake/multi_map_nav_interfaces__rosidl_typesupport_cppExport.cmake
[1.005s] -- Up-to-date: /home/dd/task/install/multi_map_nav_interfaces/share/multi_map_nav_interfaces/cmake/multi_map_nav_interfaces__rosidl_typesupport_cppExport-noconfig.cmake
[1.005s] -- Up-to-date: /home/dd/task/install/multi_map_nav_interfaces/share/multi_map_nav_interfaces/cmake/export_multi_map_nav_interfaces__rosidl_generator_pyExport.cmake
[1.005s] -- Up-to-date: /home/dd/task/install/multi_map_nav_interfaces/share/multi_map_nav_interfaces/cmake/export_multi_map_nav_interfaces__rosidl_generator_pyExport-noconfig.cmake
[1.005s] -- Up-to-date: /home/dd/task/install/multi_map_nav_interfaces/share/multi_map_nav_interfaces/cmake/rosidl_cmake-extras.cmake
[1.006s] -- Up-to-date: /home/dd/task/install/multi_map_nav_interfaces/share/multi_map_nav_interfaces/cmake/ament_cmake_export_dependencies-extras.cmake
[1.006s] -- Up-to-date: /home/dd/task/install/multi_map_nav_interfaces/share/multi_map_nav_interfaces/cmake/ament_cmake_export_include_directories-extras.cmake
[1.006s] -- Up-to-date: /home/dd/task/install/multi_map_nav_interfaces/share/multi_map_nav_interfaces/cmake/ament_cmake_export_libraries-extras.cmake
[1.006s] -- Up-to-date: /home/dd/task/install/multi_map_nav_interfaces/share/multi_map_nav_interfaces/cmake/ament_cmake_export_targets-extras.cmake
[1.006s] -- Up-to-date: /home/dd/task/install/multi_map_nav_interfaces/share/multi_map_nav_interfaces/cmake/rosidl_cmake_export_typesupport_targets-extras.cmake
[1.006s] -- Up-to-date: /home/dd/task/install/multi_map_nav_interfaces/share/multi_map_nav_interfaces/cmake/rosidl_cmake_export_typesupport_libraries-extras.cmake
[1.006s] -- Up-to-date: /home/dd/task/install/multi_map_nav_interfaces/share/multi_map_nav_interfaces/cmake/multi_map_nav_interfacesConfig.cmake
[1.006s] -- Up-to-date: /home/dd/task/install/multi_map_nav_interfaces/share/multi_map_nav_interfaces/cmake/multi_map_nav_interfacesConfig-version.cmake
[1.007s] -- Up-to-date: /home/dd/task/install/multi_map_nav_interfaces/share/multi_map_nav_interfaces/package.xml
[1.008s] Invoked command in '/home/dd/task/build/multi_map_nav_interfaces' returned '0': /usr/bin/cmake --install /home/dd/task/build/multi_map_nav_interfaces
