[0.030s] Invoking command in '/home/dd/task/build/multi_map_nav_interfaces': /usr/bin/cmake --build /home/dd/task/build/multi_map_nav_interfaces -- -j8 -l8
[0.150s] [  3%] Built target multi_map_nav_interfaces__cpp
[0.152s] [ 12%] Built target multi_map_nav_interfaces__rosidl_generator_c
[0.173s] [ 12%] Built target ament_cmake_python_copy_multi_map_nav_interfaces
[0.209s] [ 22%] Built target multi_map_nav_interfaces__rosidl_typesupport_cpp
[0.221s] [ 32%] Built target multi_map_nav_interfaces__rosidl_typesupport_introspection_cpp
[0.234s] [ 41%] Built target multi_map_nav_interfaces__rosidl_typesupport_fastrtps_cpp
[0.251s] [ 51%] Built target multi_map_nav_interfaces__rosidl_typesupport_fastrtps_c
[0.255s] [ 61%] Built target multi_map_nav_interfaces__rosidl_typesupport_introspection_c
[0.255s] [ 70%] Built target multi_map_nav_interfaces__rosidl_typesupport_c
[0.294s] [ 70%] Built target multi_map_nav_interfaces
[0.339s] [ 74%] Built target multi_map_nav_interfaces__py
[0.391s] [ 80%] Built target multi_map_nav_interfaces__rosidl_generator_py
[0.470s] [ 87%] Built target multi_map_nav_interfaces__rosidl_typesupport_fastrtps_c__pyext
[0.482s] [ 93%] Built target multi_map_nav_interfaces__rosidl_typesupport_introspection_c__pyext
[0.484s] [100%] Built target multi_map_nav_interfaces__rosidl_typesupport_c__pyext
[0.910s] running egg_info
[0.911s] writing multi_map_nav_interfaces.egg-info/PKG-INFO
[0.912s] writing dependency_links to multi_map_nav_interfaces.egg-info/dependency_links.txt
[0.912s] writing top-level names to multi_map_nav_interfaces.egg-info/top_level.txt
[0.916s] reading manifest file 'multi_map_nav_interfaces.egg-info/SOURCES.txt'
[0.917s] writing manifest file 'multi_map_nav_interfaces.egg-info/SOURCES.txt'
[0.978s] [100%] Built target ament_cmake_python_build_multi_map_nav_interfaces_egg
[0.999s] Invoked command in '/home/dd/task/build/multi_map_nav_interfaces' returned '0': /usr/bin/cmake --build /home/dd/task/build/multi_map_nav_interfaces -- -j8 -l8
[1.017s] Invoking command in '/home/dd/task/build/multi_map_nav_interfaces': /usr/bin/cmake --install /home/dd/task/build/multi_map_nav_interfaces
[1.035s] -- Install configuration: ""
[1.036s] -- Up-to-date: /home/dd/task/install/multi_map_nav_interfaces/share/ament_index/resource_index/rosidl_interfaces/multi_map_nav_interfaces
[1.036s] -- Up-to-date: /home/dd/task/install/multi_map_nav_interfaces/include/multi_map_nav_interfaces/multi_map_nav_interfaces
[1.036s] -- Up-to-date: /home/dd/task/install/multi_map_nav_interfaces/include/multi_map_nav_interfaces/multi_map_nav_interfaces/action
[1.037s] -- Up-to-date: /home/dd/task/install/multi_map_nav_interfaces/include/multi_map_nav_interfaces/multi_map_nav_interfaces/action/multi_map_navigate.h
[1.037s] -- Up-to-date: /home/dd/task/install/multi_map_nav_interfaces/include/multi_map_nav_interfaces/multi_map_nav_interfaces/action/detail
[1.037s] -- Up-to-date: /home/dd/task/install/multi_map_nav_interfaces/include/multi_map_nav_interfaces/multi_map_nav_interfaces/action/detail/multi_map_navigate__functions.c
[1.038s] -- Up-to-date: /home/dd/task/install/multi_map_nav_interfaces/include/multi_map_nav_interfaces/multi_map_nav_interfaces/action/detail/multi_map_navigate__functions.h
[1.038s] -- Up-to-date: /home/dd/task/install/multi_map_nav_interfaces/include/multi_map_nav_interfaces/multi_map_nav_interfaces/action/detail/multi_map_navigate__type_support.h
[1.039s] -- Up-to-date: /home/dd/task/install/multi_map_nav_interfaces/include/multi_map_nav_interfaces/multi_map_nav_interfaces/action/detail/multi_map_navigate__struct.h
[1.039s] -- Up-to-date: /home/dd/task/install/multi_map_nav_interfaces/include/multi_map_nav_interfaces/multi_map_nav_interfaces/msg
[1.039s] -- Up-to-date: /home/dd/task/install/multi_map_nav_interfaces/include/multi_map_nav_interfaces/multi_map_nav_interfaces/msg/rosidl_generator_c__visibility_control.h
[1.039s] -- Up-to-date: /home/dd/task/install/multi_map_nav_interfaces/share/multi_map_nav_interfaces/environment/library_path.sh
[1.039s] -- Up-to-date: /home/dd/task/install/multi_map_nav_interfaces/share/multi_map_nav_interfaces/environment/library_path.dsv
[1.039s] -- Up-to-date: /home/dd/task/install/multi_map_nav_interfaces/lib/libmulti_map_nav_interfaces__rosidl_generator_c.so
[1.039s] -- Up-to-date: /home/dd/task/install/multi_map_nav_interfaces/include/multi_map_nav_interfaces/multi_map_nav_interfaces
[1.039s] -- Up-to-date: /home/dd/task/install/multi_map_nav_interfaces/include/multi_map_nav_interfaces/multi_map_nav_interfaces/action
[1.039s] -- Up-to-date: /home/dd/task/install/multi_map_nav_interfaces/include/multi_map_nav_interfaces/multi_map_nav_interfaces/action/detail
[1.040s] -- Up-to-date: /home/dd/task/install/multi_map_nav_interfaces/include/multi_map_nav_interfaces/multi_map_nav_interfaces/action/detail/multi_map_navigate__rosidl_typesupport_fastrtps_c.h
[1.040s] -- Up-to-date: /home/dd/task/install/multi_map_nav_interfaces/include/multi_map_nav_interfaces/multi_map_nav_interfaces/msg
[1.040s] -- Up-to-date: /home/dd/task/install/multi_map_nav_interfaces/include/multi_map_nav_interfaces/multi_map_nav_interfaces/msg/rosidl_typesupport_fastrtps_c__visibility_control.h
[1.040s] -- Up-to-date: /home/dd/task/install/multi_map_nav_interfaces/lib/libmulti_map_nav_interfaces__rosidl_typesupport_fastrtps_c.so
[1.040s] -- Up-to-date: /home/dd/task/install/multi_map_nav_interfaces/include/multi_map_nav_interfaces/multi_map_nav_interfaces
[1.040s] -- Up-to-date: /home/dd/task/install/multi_map_nav_interfaces/include/multi_map_nav_interfaces/multi_map_nav_interfaces/action
[1.040s] -- Up-to-date: /home/dd/task/install/multi_map_nav_interfaces/include/multi_map_nav_interfaces/multi_map_nav_interfaces/action/detail
[1.040s] -- Up-to-date: /home/dd/task/install/multi_map_nav_interfaces/include/multi_map_nav_interfaces/multi_map_nav_interfaces/action/detail/multi_map_navigate__rosidl_typesupport_introspection_c.h
[1.041s] -- Up-to-date: /home/dd/task/install/multi_map_nav_interfaces/include/multi_map_nav_interfaces/multi_map_nav_interfaces/action/detail/multi_map_navigate__type_support.c
[1.041s] -- Up-to-date: /home/dd/task/install/multi_map_nav_interfaces/include/multi_map_nav_interfaces/multi_map_nav_interfaces/msg
[1.041s] -- Up-to-date: /home/dd/task/install/multi_map_nav_interfaces/include/multi_map_nav_interfaces/multi_map_nav_interfaces/msg/rosidl_typesupport_introspection_c__visibility_control.h
[1.041s] -- Up-to-date: /home/dd/task/install/multi_map_nav_interfaces/lib/libmulti_map_nav_interfaces__rosidl_typesupport_introspection_c.so
[1.041s] -- Up-to-date: /home/dd/task/install/multi_map_nav_interfaces/lib/libmulti_map_nav_interfaces__rosidl_typesupport_c.so
[1.042s] -- Up-to-date: /home/dd/task/install/multi_map_nav_interfaces/include/multi_map_nav_interfaces/multi_map_nav_interfaces
[1.042s] -- Up-to-date: /home/dd/task/install/multi_map_nav_interfaces/include/multi_map_nav_interfaces/multi_map_nav_interfaces/action
[1.042s] -- Up-to-date: /home/dd/task/install/multi_map_nav_interfaces/include/multi_map_nav_interfaces/multi_map_nav_interfaces/action/multi_map_navigate.hpp
[1.043s] -- Up-to-date: /home/dd/task/install/multi_map_nav_interfaces/include/multi_map_nav_interfaces/multi_map_nav_interfaces/action/detail
[1.043s] -- Up-to-date: /home/dd/task/install/multi_map_nav_interfaces/include/multi_map_nav_interfaces/multi_map_nav_interfaces/action/detail/multi_map_navigate__struct.hpp
[1.043s] -- Up-to-date: /home/dd/task/install/multi_map_nav_interfaces/include/multi_map_nav_interfaces/multi_map_nav_interfaces/action/detail/multi_map_navigate__builder.hpp
[1.043s] -- Up-to-date: /home/dd/task/install/multi_map_nav_interfaces/include/multi_map_nav_interfaces/multi_map_nav_interfaces/action/detail/multi_map_navigate__type_support.hpp
[1.044s] -- Up-to-date: /home/dd/task/install/multi_map_nav_interfaces/include/multi_map_nav_interfaces/multi_map_nav_interfaces/action/detail/multi_map_navigate__traits.hpp
[1.044s] -- Up-to-date: /home/dd/task/install/multi_map_nav_interfaces/include/multi_map_nav_interfaces/multi_map_nav_interfaces/msg
[1.044s] -- Up-to-date: /home/dd/task/install/multi_map_nav_interfaces/include/multi_map_nav_interfaces/multi_map_nav_interfaces/msg/rosidl_generator_cpp__visibility_control.hpp
[1.044s] -- Up-to-date: /home/dd/task/install/multi_map_nav_interfaces/include/multi_map_nav_interfaces/multi_map_nav_interfaces
[1.044s] -- Up-to-date: /home/dd/task/install/multi_map_nav_interfaces/include/multi_map_nav_interfaces/multi_map_nav_interfaces/action
[1.045s] -- Up-to-date: /home/dd/task/install/multi_map_nav_interfaces/include/multi_map_nav_interfaces/multi_map_nav_interfaces/action/detail
[1.045s] -- Up-to-date: /home/dd/task/install/multi_map_nav_interfaces/include/multi_map_nav_interfaces/multi_map_nav_interfaces/action/detail/dds_fastrtps
[1.045s] -- Up-to-date: /home/dd/task/install/multi_map_nav_interfaces/include/multi_map_nav_interfaces/multi_map_nav_interfaces/action/detail/multi_map_navigate__rosidl_typesupport_fastrtps_cpp.hpp
[1.045s] -- Up-to-date: /home/dd/task/install/multi_map_nav_interfaces/include/multi_map_nav_interfaces/multi_map_nav_interfaces/msg
[1.046s] -- Up-to-date: /home/dd/task/install/multi_map_nav_interfaces/include/multi_map_nav_interfaces/multi_map_nav_interfaces/msg/rosidl_typesupport_fastrtps_cpp__visibility_control.h
[1.046s] -- Up-to-date: /home/dd/task/install/multi_map_nav_interfaces/lib/libmulti_map_nav_interfaces__rosidl_typesupport_fastrtps_cpp.so
[1.046s] -- Up-to-date: /home/dd/task/install/multi_map_nav_interfaces/include/multi_map_nav_interfaces/multi_map_nav_interfaces
[1.046s] -- Up-to-date: /home/dd/task/install/multi_map_nav_interfaces/include/multi_map_nav_interfaces/multi_map_nav_interfaces/action
[1.046s] -- Up-to-date: /home/dd/task/install/multi_map_nav_interfaces/include/multi_map_nav_interfaces/multi_map_nav_interfaces/action/detail
[1.046s] -- Up-to-date: /home/dd/task/install/multi_map_nav_interfaces/include/multi_map_nav_interfaces/multi_map_nav_interfaces/action/detail/multi_map_navigate__rosidl_typesupport_introspection_cpp.hpp
[1.046s] -- Up-to-date: /home/dd/task/install/multi_map_nav_interfaces/include/multi_map_nav_interfaces/multi_map_nav_interfaces/action/detail/multi_map_navigate__type_support.cpp
[1.047s] -- Up-to-date: /home/dd/task/install/multi_map_nav_interfaces/lib/libmulti_map_nav_interfaces__rosidl_typesupport_introspection_cpp.so
[1.047s] -- Up-to-date: /home/dd/task/install/multi_map_nav_interfaces/lib/libmulti_map_nav_interfaces__rosidl_typesupport_cpp.so
[1.047s] -- Up-to-date: /home/dd/task/install/multi_map_nav_interfaces/share/multi_map_nav_interfaces/environment/pythonpath.sh
[1.047s] -- Up-to-date: /home/dd/task/install/multi_map_nav_interfaces/share/multi_map_nav_interfaces/environment/pythonpath.dsv
[1.047s] -- Up-to-date: /home/dd/task/install/multi_map_nav_interfaces/local/lib/python3.10/dist-packages/multi_map_nav_interfaces-0.0.1-py3.10.egg-info
[1.047s] -- Installing: /home/dd/task/install/multi_map_nav_interfaces/local/lib/python3.10/dist-packages/multi_map_nav_interfaces-0.0.1-py3.10.egg-info/SOURCES.txt
[1.048s] -- Installing: /home/dd/task/install/multi_map_nav_interfaces/local/lib/python3.10/dist-packages/multi_map_nav_interfaces-0.0.1-py3.10.egg-info/dependency_links.txt
[1.048s] -- Installing: /home/dd/task/install/multi_map_nav_interfaces/local/lib/python3.10/dist-packages/multi_map_nav_interfaces-0.0.1-py3.10.egg-info/PKG-INFO
[1.048s] -- Installing: /home/dd/task/install/multi_map_nav_interfaces/local/lib/python3.10/dist-packages/multi_map_nav_interfaces-0.0.1-py3.10.egg-info/top_level.txt
[1.048s] -- Up-to-date: /home/dd/task/install/multi_map_nav_interfaces/local/lib/python3.10/dist-packages/multi_map_nav_interfaces
[1.049s] -- Up-to-date: /home/dd/task/install/multi_map_nav_interfaces/local/lib/python3.10/dist-packages/multi_map_nav_interfaces/action
[1.049s] -- Up-to-date: /home/dd/task/install/multi_map_nav_interfaces/local/lib/python3.10/dist-packages/multi_map_nav_interfaces/action/__init__.py
[1.049s] -- Up-to-date: /home/dd/task/install/multi_map_nav_interfaces/local/lib/python3.10/dist-packages/multi_map_nav_interfaces/action/_multi_map_navigate.py
[1.049s] -- Up-to-date: /home/dd/task/install/multi_map_nav_interfaces/local/lib/python3.10/dist-packages/multi_map_nav_interfaces/action/_multi_map_navigate_s.c
[1.050s] -- Up-to-date: /home/dd/task/install/multi_map_nav_interfaces/local/lib/python3.10/dist-packages/multi_map_nav_interfaces/multi_map_nav_interfaces_s__rosidl_typesupport_fastrtps_c.cpython-310-x86_64-linux-gnu.so
[1.050s] -- Up-to-date: /home/dd/task/install/multi_map_nav_interfaces/local/lib/python3.10/dist-packages/multi_map_nav_interfaces/multi_map_nav_interfaces_s__rosidl_typesupport_introspection_c.cpython-310-x86_64-linux-gnu.so
[1.050s] -- Up-to-date: /home/dd/task/install/multi_map_nav_interfaces/local/lib/python3.10/dist-packages/multi_map_nav_interfaces/multi_map_nav_interfaces_s__rosidl_typesupport_c.cpython-310-x86_64-linux-gnu.so
[1.050s] -- Up-to-date: /home/dd/task/install/multi_map_nav_interfaces/local/lib/python3.10/dist-packages/multi_map_nav_interfaces/__init__.py
[1.050s] -- Up-to-date: /home/dd/task/install/multi_map_nav_interfaces/local/lib/python3.10/dist-packages/multi_map_nav_interfaces/_multi_map_nav_interfaces_s.ep.rosidl_typesupport_c.c
[1.051s] -- Up-to-date: /home/dd/task/install/multi_map_nav_interfaces/local/lib/python3.10/dist-packages/multi_map_nav_interfaces/libmulti_map_nav_interfaces__rosidl_generator_py.so
[1.051s] -- Up-to-date: /home/dd/task/install/multi_map_nav_interfaces/local/lib/python3.10/dist-packages/multi_map_nav_interfaces/_multi_map_nav_interfaces_s.ep.rosidl_typesupport_introspection_c.c
[1.051s] -- Up-to-date: /home/dd/task/install/multi_map_nav_interfaces/local/lib/python3.10/dist-packages/multi_map_nav_interfaces/_multi_map_nav_interfaces_s.ep.rosidl_typesupport_fastrtps_c.c
[1.116s] Listing '/home/dd/task/install/multi_map_nav_interfaces/local/lib/python3.10/dist-packages/multi_map_nav_interfaces'...
[1.117s] Listing '/home/dd/task/install/multi_map_nav_interfaces/local/lib/python3.10/dist-packages/multi_map_nav_interfaces/action'...
[1.128s] -- Up-to-date: /home/dd/task/install/multi_map_nav_interfaces/local/lib/python3.10/dist-packages/multi_map_nav_interfaces/multi_map_nav_interfaces_s__rosidl_typesupport_fastrtps_c.cpython-310-x86_64-linux-gnu.so
[1.129s] -- Up-to-date: /home/dd/task/install/multi_map_nav_interfaces/local/lib/python3.10/dist-packages/multi_map_nav_interfaces/multi_map_nav_interfaces_s__rosidl_typesupport_introspection_c.cpython-310-x86_64-linux-gnu.so
[1.130s] -- Up-to-date: /home/dd/task/install/multi_map_nav_interfaces/local/lib/python3.10/dist-packages/multi_map_nav_interfaces/multi_map_nav_interfaces_s__rosidl_typesupport_c.cpython-310-x86_64-linux-gnu.so
[1.131s] -- Up-to-date: /home/dd/task/install/multi_map_nav_interfaces/lib/libmulti_map_nav_interfaces__rosidl_generator_py.so
[1.133s] -- Up-to-date: /home/dd/task/install/multi_map_nav_interfaces/share/multi_map_nav_interfaces/action/MultiMapNavigate.idl
[1.133s] -- Up-to-date: /home/dd/task/install/multi_map_nav_interfaces/share/multi_map_nav_interfaces/action/MultiMapNavigate.action
[1.133s] -- Up-to-date: /home/dd/task/install/multi_map_nav_interfaces/share/ament_index/resource_index/package_run_dependencies/multi_map_nav_interfaces
[1.133s] -- Up-to-date: /home/dd/task/install/multi_map_nav_interfaces/share/ament_index/resource_index/parent_prefix_path/multi_map_nav_interfaces
[1.134s] -- Up-to-date: /home/dd/task/install/multi_map_nav_interfaces/share/multi_map_nav_interfaces/environment/ament_prefix_path.sh
[1.134s] -- Up-to-date: /home/dd/task/install/multi_map_nav_interfaces/share/multi_map_nav_interfaces/environment/ament_prefix_path.dsv
[1.134s] -- Up-to-date: /home/dd/task/install/multi_map_nav_interfaces/share/multi_map_nav_interfaces/environment/path.sh
[1.134s] -- Up-to-date: /home/dd/task/install/multi_map_nav_interfaces/share/multi_map_nav_interfaces/environment/path.dsv
[1.135s] -- Up-to-date: /home/dd/task/install/multi_map_nav_interfaces/share/multi_map_nav_interfaces/local_setup.bash
[1.135s] -- Up-to-date: /home/dd/task/install/multi_map_nav_interfaces/share/multi_map_nav_interfaces/local_setup.sh
[1.135s] -- Up-to-date: /home/dd/task/install/multi_map_nav_interfaces/share/multi_map_nav_interfaces/local_setup.zsh
[1.135s] -- Up-to-date: /home/dd/task/install/multi_map_nav_interfaces/share/multi_map_nav_interfaces/local_setup.dsv
[1.136s] -- Installing: /home/dd/task/install/multi_map_nav_interfaces/share/multi_map_nav_interfaces/package.dsv
[1.136s] -- Up-to-date: /home/dd/task/install/multi_map_nav_interfaces/share/ament_index/resource_index/packages/multi_map_nav_interfaces
[1.136s] -- Up-to-date: /home/dd/task/install/multi_map_nav_interfaces/share/multi_map_nav_interfaces/cmake/export_multi_map_nav_interfaces__rosidl_generator_cExport.cmake
[1.136s] -- Up-to-date: /home/dd/task/install/multi_map_nav_interfaces/share/multi_map_nav_interfaces/cmake/export_multi_map_nav_interfaces__rosidl_generator_cExport-noconfig.cmake
[1.137s] -- Up-to-date: /home/dd/task/install/multi_map_nav_interfaces/share/multi_map_nav_interfaces/cmake/export_multi_map_nav_interfaces__rosidl_typesupport_fastrtps_cExport.cmake
[1.137s] -- Up-to-date: /home/dd/task/install/multi_map_nav_interfaces/share/multi_map_nav_interfaces/cmake/export_multi_map_nav_interfaces__rosidl_typesupport_fastrtps_cExport-noconfig.cmake
[1.137s] -- Up-to-date: /home/dd/task/install/multi_map_nav_interfaces/share/multi_map_nav_interfaces/cmake/multi_map_nav_interfaces__rosidl_typesupport_introspection_cExport.cmake
[1.137s] -- Up-to-date: /home/dd/task/install/multi_map_nav_interfaces/share/multi_map_nav_interfaces/cmake/multi_map_nav_interfaces__rosidl_typesupport_introspection_cExport-noconfig.cmake
[1.137s] -- Up-to-date: /home/dd/task/install/multi_map_nav_interfaces/share/multi_map_nav_interfaces/cmake/multi_map_nav_interfaces__rosidl_typesupport_cExport.cmake
[1.137s] -- Up-to-date: /home/dd/task/install/multi_map_nav_interfaces/share/multi_map_nav_interfaces/cmake/multi_map_nav_interfaces__rosidl_typesupport_cExport-noconfig.cmake
[1.137s] -- Up-to-date: /home/dd/task/install/multi_map_nav_interfaces/share/multi_map_nav_interfaces/cmake/export_multi_map_nav_interfaces__rosidl_generator_cppExport.cmake
[1.138s] -- Up-to-date: /home/dd/task/install/multi_map_nav_interfaces/share/multi_map_nav_interfaces/cmake/export_multi_map_nav_interfaces__rosidl_typesupport_fastrtps_cppExport.cmake
[1.138s] -- Up-to-date: /home/dd/task/install/multi_map_nav_interfaces/share/multi_map_nav_interfaces/cmake/export_multi_map_nav_interfaces__rosidl_typesupport_fastrtps_cppExport-noconfig.cmake
[1.138s] -- Up-to-date: /home/dd/task/install/multi_map_nav_interfaces/share/multi_map_nav_interfaces/cmake/multi_map_nav_interfaces__rosidl_typesupport_introspection_cppExport.cmake
[1.138s] -- Up-to-date: /home/dd/task/install/multi_map_nav_interfaces/share/multi_map_nav_interfaces/cmake/multi_map_nav_interfaces__rosidl_typesupport_introspection_cppExport-noconfig.cmake
[1.138s] -- Up-to-date: /home/dd/task/install/multi_map_nav_interfaces/share/multi_map_nav_interfaces/cmake/multi_map_nav_interfaces__rosidl_typesupport_cppExport.cmake
[1.138s] -- Up-to-date: /home/dd/task/install/multi_map_nav_interfaces/share/multi_map_nav_interfaces/cmake/multi_map_nav_interfaces__rosidl_typesupport_cppExport-noconfig.cmake
[1.139s] -- Up-to-date: /home/dd/task/install/multi_map_nav_interfaces/share/multi_map_nav_interfaces/cmake/export_multi_map_nav_interfaces__rosidl_generator_pyExport.cmake
[1.139s] -- Up-to-date: /home/dd/task/install/multi_map_nav_interfaces/share/multi_map_nav_interfaces/cmake/export_multi_map_nav_interfaces__rosidl_generator_pyExport-noconfig.cmake
[1.139s] -- Up-to-date: /home/dd/task/install/multi_map_nav_interfaces/share/multi_map_nav_interfaces/cmake/rosidl_cmake-extras.cmake
[1.139s] -- Up-to-date: /home/dd/task/install/multi_map_nav_interfaces/share/multi_map_nav_interfaces/cmake/ament_cmake_export_dependencies-extras.cmake
[1.139s] -- Up-to-date: /home/dd/task/install/multi_map_nav_interfaces/share/multi_map_nav_interfaces/cmake/ament_cmake_export_include_directories-extras.cmake
[1.140s] -- Up-to-date: /home/dd/task/install/multi_map_nav_interfaces/share/multi_map_nav_interfaces/cmake/ament_cmake_export_libraries-extras.cmake
[1.140s] -- Up-to-date: /home/dd/task/install/multi_map_nav_interfaces/share/multi_map_nav_interfaces/cmake/ament_cmake_export_targets-extras.cmake
[1.140s] -- Up-to-date: /home/dd/task/install/multi_map_nav_interfaces/share/multi_map_nav_interfaces/cmake/rosidl_cmake_export_typesupport_targets-extras.cmake
[1.140s] -- Up-to-date: /home/dd/task/install/multi_map_nav_interfaces/share/multi_map_nav_interfaces/cmake/rosidl_cmake_export_typesupport_libraries-extras.cmake
[1.140s] -- Up-to-date: /home/dd/task/install/multi_map_nav_interfaces/share/multi_map_nav_interfaces/cmake/multi_map_nav_interfacesConfig.cmake
[1.140s] -- Up-to-date: /home/dd/task/install/multi_map_nav_interfaces/share/multi_map_nav_interfaces/cmake/multi_map_nav_interfacesConfig-version.cmake
[1.140s] -- Up-to-date: /home/dd/task/install/multi_map_nav_interfaces/share/multi_map_nav_interfaces/package.xml
[1.145s] Invoked command in '/home/dd/task/build/multi_map_nav_interfaces' returned '0': /usr/bin/cmake --install /home/dd/task/build/multi_map_nav_interfaces
