[ 28%] Built target map_loader_node
[ 57%] Built target amcl_reset_node
[100%] Built target multi_map_navigator_node
-- Install configuration: ""
-- Up-to-date: /home/dd/task/install/multi_map_nav/lib/multi_map_nav/multi_map_navigator_node
-- Up-to-date: /home/dd/task/install/multi_map_nav/lib/multi_map_nav/map_loader_node
-- Up-to-date: /home/dd/task/install/multi_map_nav/lib/multi_map_nav/amcl_reset_node
-- Up-to-date: /home/dd/task/install/multi_map_nav/share/multi_map_nav/launch
-- Installing: /home/dd/task/install/multi_map_nav/share/multi_map_nav/launch/bringup.launch.py
-- Up-to-date: /home/dd/task/install/multi_map_nav/share/multi_map_nav/maps
-- Up-to-date: /home/dd/task/install/multi_map_nav/share/multi_map_nav/maps/room1.png
-- Up-to-date: /home/dd/task/install/multi_map_nav/share/multi_map_nav/maps/room2.pgm
-- Up-to-date: /home/dd/task/install/multi_map_nav/share/multi_map_nav/maps/room2.yaml
-- Up-to-date: /home/dd/task/install/multi_map_nav/share/multi_map_nav/maps/room1.pgm
-- Up-to-date: /home/dd/task/install/multi_map_nav/share/multi_map_nav/maps/room2.png
-- Up-to-date: /home/dd/task/install/multi_map_nav/share/multi_map_nav/maps/room1.yaml
-- Up-to-date: /home/dd/task/install/multi_map_nav/share/ament_index/resource_index/package_run_dependencies/multi_map_nav
-- Up-to-date: /home/dd/task/install/multi_map_nav/share/ament_index/resource_index/parent_prefix_path/multi_map_nav
-- Up-to-date: /home/dd/task/install/multi_map_nav/share/multi_map_nav/environment/ament_prefix_path.sh
-- Up-to-date: /home/dd/task/install/multi_map_nav/share/multi_map_nav/environment/ament_prefix_path.dsv
-- Up-to-date: /home/dd/task/install/multi_map_nav/share/multi_map_nav/environment/path.sh
-- Up-to-date: /home/dd/task/install/multi_map_nav/share/multi_map_nav/environment/path.dsv
-- Up-to-date: /home/dd/task/install/multi_map_nav/share/multi_map_nav/local_setup.bash
-- Up-to-date: /home/dd/task/install/multi_map_nav/share/multi_map_nav/local_setup.sh
-- Up-to-date: /home/dd/task/install/multi_map_nav/share/multi_map_nav/local_setup.zsh
-- Up-to-date: /home/dd/task/install/multi_map_nav/share/multi_map_nav/local_setup.dsv
-- Installing: /home/dd/task/install/multi_map_nav/share/multi_map_nav/package.dsv
-- Up-to-date: /home/dd/task/install/multi_map_nav/share/ament_index/resource_index/packages/multi_map_nav
-- Up-to-date: /home/dd/task/install/multi_map_nav/share/multi_map_nav/cmake/multi_map_navConfig.cmake
-- Up-to-date: /home/dd/task/install/multi_map_nav/share/multi_map_nav/cmake/multi_map_navConfig-version.cmake
-- Up-to-date: /home/dd/task/install/multi_map_nav/share/multi_map_nav/package.xml
