[0.011s] Invoking command in '/home/dd/task/build/multi_map_nav': CMAKE_PREFIX_PATH=/opt/ros/humble:/home/dd/task/install/multi_map_nav_interfaces LD_LIBRARY_PATH=/home/dd/task/install/multi_map_nav_interfaces/lib:${LD_LIBRARY_PATH} PKG_CONFIG_PATH=/home/dd/task/install/multi_map_nav_interfaces/lib/x86_64-linux-gnu/pkgconfig:/home/dd/task/install/multi_map_nav_interfaces/lib/pkgconfig PYTHONPATH=/home/dd/task/install/multi_map_nav_interfaces/local/lib/python3.10/dist-packages:${PYTHONPATH} ROS_PACKAGE_PATH=/home/dd/task/install/multi_map_nav_interfaces/share /usr/bin/cmake --build /home/dd/task/build/multi_map_nav -- -j8 -l8
[0.080s] [ 22%] Built target map_loader_node
[0.080s] [ 44%] Built target multi_map_test_client
[0.081s] [ 66%] Built target amcl_reset_node
[0.082s] [100%] Built target multi_map_navigator_node
[0.095s] Invoked command in '/home/dd/task/build/multi_map_nav' returned '0': CMAKE_PREFIX_PATH=/opt/ros/humble:/home/dd/task/install/multi_map_nav_interfaces LD_LIBRARY_PATH=/home/dd/task/install/multi_map_nav_interfaces/lib:${LD_LIBRARY_PATH} PKG_CONFIG_PATH=/home/dd/task/install/multi_map_nav_interfaces/lib/x86_64-linux-gnu/pkgconfig:/home/dd/task/install/multi_map_nav_interfaces/lib/pkgconfig PYTHONPATH=/home/dd/task/install/multi_map_nav_interfaces/local/lib/python3.10/dist-packages:${PYTHONPATH} ROS_PACKAGE_PATH=/home/dd/task/install/multi_map_nav_interfaces/share /usr/bin/cmake --build /home/dd/task/build/multi_map_nav -- -j8 -l8
[0.098s] Invoking command in '/home/dd/task/build/multi_map_nav': CMAKE_PREFIX_PATH=/opt/ros/humble:/home/dd/task/install/multi_map_nav_interfaces LD_LIBRARY_PATH=/home/dd/task/install/multi_map_nav_interfaces/lib:${LD_LIBRARY_PATH} PKG_CONFIG_PATH=/home/dd/task/install/multi_map_nav_interfaces/lib/x86_64-linux-gnu/pkgconfig:/home/dd/task/install/multi_map_nav_interfaces/lib/pkgconfig PYTHONPATH=/home/dd/task/install/multi_map_nav_interfaces/local/lib/python3.10/dist-packages:${PYTHONPATH} ROS_PACKAGE_PATH=/home/dd/task/install/multi_map_nav_interfaces/share /usr/bin/cmake --install /home/dd/task/build/multi_map_nav
[0.106s] -- Install configuration: ""
[0.106s] -- Up-to-date: /home/dd/task/install/multi_map_nav/lib/multi_map_nav/multi_map_navigator_node
[0.107s] -- Up-to-date: /home/dd/task/install/multi_map_nav/lib/multi_map_nav/map_loader_node
[0.107s] -- Up-to-date: /home/dd/task/install/multi_map_nav/lib/multi_map_nav/amcl_reset_node
[0.108s] -- Up-to-date: /home/dd/task/install/multi_map_nav/lib/multi_map_nav/multi_map_test_client
[0.109s] -- Up-to-date: /home/dd/task/install/multi_map_nav/share/multi_map_nav/launch
[0.109s] -- Up-to-date: /home/dd/task/install/multi_map_nav/share/multi_map_nav/launch/bringup.launch.py
[0.109s] -- Up-to-date: /home/dd/task/install/multi_map_nav/share/multi_map_nav/maps
[0.109s] -- Up-to-date: /home/dd/task/install/multi_map_nav/share/multi_map_nav/maps/room1.png
[0.109s] -- Up-to-date: /home/dd/task/install/multi_map_nav/share/multi_map_nav/maps/room2.pgm
[0.109s] -- Up-to-date: /home/dd/task/install/multi_map_nav/share/multi_map_nav/maps/room2.yaml
[0.109s] -- Up-to-date: /home/dd/task/install/multi_map_nav/share/multi_map_nav/maps/room1.pgm
[0.109s] -- Up-to-date: /home/dd/task/install/multi_map_nav/share/multi_map_nav/maps/room2.png
[0.109s] -- Up-to-date: /home/dd/task/install/multi_map_nav/share/multi_map_nav/maps/room1.yaml
[0.109s] -- Up-to-date: /home/dd/task/install/multi_map_nav/share/ament_index/resource_index/package_run_dependencies/multi_map_nav
[0.110s] -- Up-to-date: /home/dd/task/install/multi_map_nav/share/ament_index/resource_index/parent_prefix_path/multi_map_nav
[0.110s] -- Up-to-date: /home/dd/task/install/multi_map_nav/share/multi_map_nav/environment/ament_prefix_path.sh
[0.110s] -- Up-to-date: /home/dd/task/install/multi_map_nav/share/multi_map_nav/environment/ament_prefix_path.dsv
[0.110s] -- Up-to-date: /home/dd/task/install/multi_map_nav/share/multi_map_nav/environment/path.sh
[0.110s] -- Up-to-date: /home/dd/task/install/multi_map_nav/share/multi_map_nav/environment/path.dsv
[0.110s] -- Up-to-date: /home/dd/task/install/multi_map_nav/share/multi_map_nav/local_setup.bash
[0.110s] -- Up-to-date: /home/dd/task/install/multi_map_nav/share/multi_map_nav/local_setup.sh
[0.110s] -- Up-to-date: /home/dd/task/install/multi_map_nav/share/multi_map_nav/local_setup.zsh
[0.110s] -- Up-to-date: /home/dd/task/install/multi_map_nav/share/multi_map_nav/local_setup.dsv
[0.110s] -- Installing: /home/dd/task/install/multi_map_nav/share/multi_map_nav/package.dsv
[0.110s] -- Up-to-date: /home/dd/task/install/multi_map_nav/share/ament_index/resource_index/packages/multi_map_nav
[0.111s] -- Up-to-date: /home/dd/task/install/multi_map_nav/share/multi_map_nav/cmake/multi_map_navConfig.cmake
[0.111s] -- Up-to-date: /home/dd/task/install/multi_map_nav/share/multi_map_nav/cmake/multi_map_navConfig-version.cmake
[0.111s] -- Up-to-date: /home/dd/task/install/multi_map_nav/share/multi_map_nav/package.xml
[0.113s] Invoked command in '/home/dd/task/build/multi_map_nav' returned '0': CMAKE_PREFIX_PATH=/opt/ros/humble:/home/dd/task/install/multi_map_nav_interfaces LD_LIBRARY_PATH=/home/dd/task/install/multi_map_nav_interfaces/lib:${LD_LIBRARY_PATH} PKG_CONFIG_PATH=/home/dd/task/install/multi_map_nav_interfaces/lib/x86_64-linux-gnu/pkgconfig:/home/dd/task/install/multi_map_nav_interfaces/lib/pkgconfig PYTHONPATH=/home/dd/task/install/multi_map_nav_interfaces/local/lib/python3.10/dist-packages:${PYTHONPATH} ROS_PACKAGE_PATH=/home/dd/task/install/multi_map_nav_interfaces/share /usr/bin/cmake --install /home/dd/task/build/multi_map_nav
